0 verbose cli /usr/bin/node /usr/bin/npm
1 info using npm@9.2.0
2 info using node@v20.19.2
3 timing npm:load:whichnode Completed in 0ms
4 timing config:load:defaults Completed in 3ms
5 timing config:load:file:/usr/share/nodejs/npm/npmrc Completed in 6ms
6 timing config:load:builtin Completed in 6ms
7 timing config:load:cli Completed in 4ms
8 timing config:load:env Completed in 1ms
9 timing config:load:file:/opt/hermes/simple-qwik-app/.npmrc Completed in 0ms
10 timing config:load:project Completed in 11ms
11 timing config:load:file:/opt/data/home/.npmrc Completed in 0ms
12 timing config:load:user Completed in 0ms
13 timing config:load:file:/etc/npmrc Completed in 0ms
14 timing config:load:global Completed in 0ms
15 timing config:load:setEnvs Completed in 2ms
16 timing config:load Completed in 28ms
17 timing npm:load:configload Completed in 28ms
18 timing npm:load:mkdirpcache Completed in 1ms
19 timing npm:load:mkdirplogs Completed in 0ms
20 verbose title npm install cloudflared
21 verbose argv "install" "cloudflared" "--save-dev"
22 timing npm:load:setTitle Completed in 1ms
23 timing config:load:flatten Completed in 5ms
24 timing npm:load:display Completed in 7ms
25 verbose logfile logs-max:10 dir:/opt/data/home/.npm/_logs/2026-04-19T17_42_57_840Z-
26 verbose logfile /opt/data/home/.npm/_logs/2026-04-19T17_42_57_840Z-debug-0.log
27 timing npm:load:logFile Completed in 11ms
28 timing npm:load:timers Completed in 0ms
29 timing npm:load:configScope Completed in 0ms
30 timing npm:load Completed in 51ms
31 silly logfile start cleaning logs, removing 1 files
32 timing config:load:flatten Completed in 1ms
33 timing arborist:ctor Completed in 2ms
34 silly logfile done cleaning log files
35 timing idealTree:init Completed in 855ms
36 timing idealTree:userRequests Completed in 9ms
37 silly idealTree buildDeps
38 silly fetch manifest cloudflared@*
39 timing arborist:ctor Completed in 0ms
40 http fetch GET 200 https://registry.npmjs.org/cloudflared 711ms (cache miss)
41 silly placeDep ROOT cloudflared@0.7.1 OK for:  want: *
42 timing idealTree:#root Completed in 725ms
43 timing idealTree:node_modules/cloudflared Completed in 0ms
44 timing idealTree:buildDeps Completed in 729ms
45 timing idealTree:fixDepFlags Completed in 6ms
46 timing idealTree Completed in 1613ms
47 timing reify:loadTrees Completed in 1615ms
48 timing reify:diffTrees Completed in 20ms
49 silly reify moves {}
50 timing reify:retireShallow Completed in 3ms
51 timing reify:createSparse Completed in 13ms
52 timing reify:loadBundles Completed in 0ms
53 silly audit bulk request {
53 silly audit   '@adobe/css-tools': [ '4.3.3' ],
53 silly audit   '@builder.io/qwik': [ '1.19.2' ],
53 silly audit   '@builder.io/qwik-city': [ '1.19.2' ],
53 silly audit   '@emnapi/runtime': [ '1.10.0' ],
53 silly audit   '@esbuild/aix-ppc64': [ '0.27.7' ],
53 silly audit   '@esbuild/android-arm': [ '0.27.7' ],
53 silly audit   '@esbuild/android-arm64': [ '0.27.7' ],
53 silly audit   '@esbuild/android-x64': [ '0.27.7' ],
53 silly audit   '@esbuild/darwin-arm64': [ '0.27.7' ],
53 silly audit   '@esbuild/darwin-x64': [ '0.27.7' ],
53 silly audit   '@esbuild/freebsd-arm64': [ '0.27.7' ],
53 silly audit   '@esbuild/freebsd-x64': [ '0.27.7' ],
53 silly audit   '@esbuild/linux-arm': [ '0.27.7' ],
53 silly audit   '@esbuild/linux-arm64': [ '0.27.7' ],
53 silly audit   '@esbuild/linux-ia32': [ '0.27.7' ],
53 silly audit   '@esbuild/linux-loong64': [ '0.27.7' ],
53 silly audit   '@esbuild/linux-mips64el': [ '0.27.7' ],
53 silly audit   '@esbuild/linux-ppc64': [ '0.27.7' ],
53 silly audit   '@esbuild/linux-riscv64': [ '0.27.7' ],
53 silly audit   '@esbuild/linux-s390x': [ '0.27.7' ],
53 silly audit   '@esbuild/linux-x64': [ '0.27.7' ],
53 silly audit   '@esbuild/netbsd-arm64': [ '0.27.7' ],
53 silly audit   '@esbuild/netbsd-x64': [ '0.27.7' ],
53 silly audit   '@esbuild/openbsd-arm64': [ '0.27.7' ],
53 silly audit   '@esbuild/openbsd-x64': [ '0.27.7' ],
53 silly audit   '@esbuild/openharmony-arm64': [ '0.27.7' ],
53 silly audit   '@esbuild/sunos-x64': [ '0.27.7' ],
53 silly audit   '@esbuild/win32-arm64': [ '0.27.7' ],
53 silly audit   '@esbuild/win32-ia32': [ '0.27.7' ],
53 silly audit   '@esbuild/win32-x64': [ '0.27.7' ],
53 silly audit   '@eslint-community/eslint-utils': [ '4.9.1' ],
53 silly audit   'eslint-visitor-keys': [ '3.4.3', '5.0.1', '4.2.1' ],
53 silly audit   '@eslint-community/regexpp': [ '4.12.2' ],
53 silly audit   '@eslint/config-array': [ '0.21.2' ],
53 silly audit   '@eslint/config-helpers': [ '0.3.1' ],
53 silly audit   '@eslint/core': [ '0.15.2' ],
53 silly audit   '@eslint/eslintrc': [ '3.3.5' ],
53 silly audit   globals: [ '14.0.0', '16.4.0' ],
53 silly audit   '@eslint/js': [ '9.39.4', '9.32.0' ],
53 silly audit   '@eslint/object-schema': [ '2.1.7' ],
53 silly audit   '@eslint/plugin-kit': [ '0.3.5' ],
53 silly audit   '@fastify/busboy': [ '2.1.1' ],
53 silly audit   '@humanfs/core': [ '0.19.2' ],
53 silly audit   '@humanfs/node': [ '0.16.8' ],
53 silly audit   '@humanfs/types': [ '0.15.0' ],
53 silly audit   '@humanwhocodes/module-importer': [ '1.0.1' ],
53 silly audit   '@humanwhocodes/retry': [ '0.4.3' ],
53 silly audit   '@img/colour': [ '1.1.0' ],
53 silly audit   '@img/sharp-darwin-arm64': [ '0.34.5' ],
53 silly audit   '@img/sharp-darwin-x64': [ '0.34.5' ],
53 silly audit   '@img/sharp-libvips-darwin-arm64': [ '1.2.4' ],
53 silly audit   '@img/sharp-libvips-darwin-x64': [ '1.2.4' ],
53 silly audit   '@img/sharp-libvips-linux-arm': [ '1.2.4' ],
53 silly audit   '@img/sharp-libvips-linux-arm64': [ '1.2.4' ],
53 silly audit   '@img/sharp-libvips-linux-ppc64': [ '1.2.4' ],
53 silly audit   '@img/sharp-libvips-linux-riscv64': [ '1.2.4' ],
53 silly audit   '@img/sharp-libvips-linux-s390x': [ '1.2.4' ],
53 silly audit   '@img/sharp-libvips-linux-x64': [ '1.2.4' ],
53 silly audit   '@img/sharp-libvips-linuxmusl-arm64': [ '1.2.4' ],
53 silly audit   '@img/sharp-libvips-linuxmusl-x64': [ '1.2.4' ],
53 silly audit   '@img/sharp-linux-arm': [ '0.34.5' ],
53 silly audit   '@img/sharp-linux-arm64': [ '0.34.5' ],
53 silly audit   '@img/sharp-linux-ppc64': [ '0.34.5' ],
53 silly audit   '@img/sharp-linux-riscv64': [ '0.34.5' ],
53 silly audit   '@img/sharp-linux-s390x': [ '0.34.5' ],
53 silly audit   '@img/sharp-linux-x64': [ '0.34.5' ],
53 silly audit   '@img/sharp-linuxmusl-arm64': [ '0.34.5' ],
53 silly audit   '@img/sharp-linuxmusl-x64': [ '0.34.5' ],
53 silly audit   '@img/sharp-wasm32': [ '0.34.5' ],
53 silly audit   '@img/sharp-win32-arm64': [ '0.34.5' ],
53 silly audit   '@img/sharp-win32-ia32': [ '0.34.5' ],
53 silly audit   '@img/sharp-win32-x64': [ '0.34.5' ],
53 silly audit   '@mdx-js/mdx': [ '3.1.1' ],
53 silly audit   '@nodelib/fs.scandir': [ '2.1.5' ],
53 silly audit   '@nodelib/fs.stat': [ '2.0.5' ],
53 silly audit   '@nodelib/fs.walk': [ '1.2.8' ],
53 silly audit   '@parcel/watcher': [ '2.5.6' ],
53 silly audit   '@parcel/watcher-android-arm64': [ '2.5.6' ],
53 silly audit   '@parcel/watcher-darwin-arm64': [ '2.5.6' ],
53 silly audit   '@parcel/watcher-darwin-x64': [ '2.5.6' ],
53 silly audit   '@parcel/watcher-freebsd-x64': [ '2.5.6' ],
53 silly audit   '@parcel/watcher-linux-arm-glibc': [ '2.5.6' ],
53 silly audit   '@parcel/watcher-linux-arm-musl': [ '2.5.6' ],
53 silly audit   '@parcel/watcher-linux-arm64-glibc': [ '2.5.6' ],
53 silly audit   '@parcel/watcher-linux-arm64-musl': [ '2.5.6' ],
53 silly audit   '@parcel/watcher-linux-x64-glibc': [ '2.5.6' ],
53 silly audit   '@parcel/watcher-linux-x64-musl': [ '2.5.6' ],
53 silly audit   '@parcel/watcher-win32-arm64': [ '2.5.6' ],
53 silly audit   '@parcel/watcher-win32-ia32': [ '2.5.6' ],
53 silly audit   '@parcel/watcher-win32-x64': [ '2.5.6' ],
53 silly audit   '@rollup/pluginutils': [ '5.3.0' ],
53 silly audit   'estree-walker': [ '2.0.2', '3.0.3' ],
53 silly audit   '@rollup/rollup-android-arm-eabi': [ '4.60.2' ],
53 silly audit   '@rollup/rollup-android-arm64': [ '4.60.2' ],
53 silly audit   '@rollup/rollup-darwin-arm64': [ '4.60.2' ],
53 silly audit   '@rollup/rollup-darwin-x64': [ '4.60.2' ],
53 silly audit   '@rollup/rollup-freebsd-arm64': [ '4.60.2' ],
53 silly audit   '@rollup/rollup-freebsd-x64': [ '4.60.2' ],
53 silly audit   '@rollup/rollup-linux-arm-gnueabihf': [ '4.60.2' ],
53 silly audit   '@rollup/rollup-linux-arm-musleabihf': [ '4.60.2' ],
53 silly audit   '@rollup/rollup-linux-arm64-gnu': [ '4.60.2' ],
53 silly audit   '@rollup/rollup-linux-arm64-musl': [ '4.60.2' ],
53 silly audit   '@rollup/rollup-linux-loong64-gnu': [ '4.60.2' ],
53 silly audit   '@rollup/rollup-linux-loong64-musl': [ '4.60.2' ],
53 silly audit   '@rollup/rollup-linux-ppc64-gnu': [ '4.60.2' ],
53 silly audit   '@rollup/rollup-linux-ppc64-musl': [ '4.60.2' ],
53 silly audit   '@rollup/rollup-linux-riscv64-gnu': [ '4.60.2' ],
53 silly audit   '@rollup/rollup-linux-riscv64-musl': [ '4.60.2' ],
53 silly audit   '@rollup/rollup-linux-s390x-gnu': [ '4.60.2' ],
53 silly audit   '@rollup/rollup-linux-x64-gnu': [ '4.60.2' ],
53 silly audit   '@rollup/rollup-linux-x64-musl': [ '4.60.2' ],
53 silly audit   '@rollup/rollup-openbsd-x64': [ '4.60.2' ],
53 silly audit   '@rollup/rollup-openharmony-arm64': [ '4.60.2' ],
53 silly audit   '@rollup/rollup-win32-arm64-msvc': [ '4.60.2' ],
53 silly audit   '@rollup/rollup-win32-ia32-msvc': [ '4.60.2' ],
53 silly audit   '@rollup/rollup-win32-x64-gnu': [ '4.60.2' ],
53 silly audit   '@rollup/rollup-win32-x64-msvc': [ '4.60.2' ],
53 silly audit   '@sindresorhus/is': [ '4.6.0' ],
53 silly audit   '@szmarczak/http-timer': [ '4.0.6' ],
53 silly audit   '@types/cacheable-request': [ '6.0.3' ],
53 silly audit   '@types/debug': [ '4.1.13' ],
53 silly audit   '@types/estree': [ '1.0.8' ],
53 silly audit   '@types/estree-jsx': [ '1.0.5' ],
53 silly audit   '@types/hast': [ '3.0.4' ],
53 silly audit   '@types/http-cache-semantics': [ '4.2.0' ],
53 silly audit   '@types/json-schema': [ '7.0.15' ],
53 silly audit   '@types/keyv': [ '3.1.4' ],
53 silly audit   '@types/mdast': [ '4.0.4' ],
53 silly audit   '@types/mdx': [ '2.0.13' ],
53 silly audit   '@types/ms': [ '2.1.0' ],
53 silly audit   '@types/node': [ '20.19.0' ],
53 silly audit   '@types/postcss-modules-local-by-default': [ '4.0.2' ],
53 silly audit   '@types/postcss-modules-scope': [ '3.0.4' ],
53 silly audit   '@types/responselike': [ '1.0.3' ],
53 silly audit   '@types/unist': [ '3.0.3', '2.0.11' ],
53 silly audit   '@types/yauzl': [ '2.10.3' ],
53 silly audit   '@typescript-eslint/eslint-plugin': [ '8.38.0' ],
53 silly audit   '@typescript-eslint/project-service': [ '8.38.0', '8.58.2' ],
53 silly audit   '@typescript-eslint/scope-manager': [ '8.38.0', '8.58.2' ],
53 silly audit   '@typescript-eslint/tsconfig-utils': [ '8.38.0', '8.58.2' ],
53 silly audit   '@typescript-eslint/types': [ '8.38.0', '8.58.2' ],
53 silly audit   '@typescript-eslint/typescript-estree': [ '8.38.0', '8.58.2' ],
53 silly audit   '@typescript-eslint/utils': [ '8.38.0', '8.58.2' ],
53 silly audit   '@typescript-eslint/visitor-keys': [ '8.38.0', '8.58.2' ],
53 silly audit   'brace-expansion': [ '2.1.0', '5.0.5', '1.1.14' ],
53 silly audit   ignore: [ '7.0.5', '5.3.2' ],
53 silly audit   minimatch: [ '9.0.9', '10.2.5', '3.1.5' ],
53 silly audit   '@typescript-eslint/parser': [ '8.38.0' ],
53 silly audit   '@typescript-eslint/type-utils': [ '8.38.0' ],
53 silly audit   'balanced-match': [ '4.0.4', '1.0.2' ],
53 silly audit   '@ungap/structured-clone': [ '1.3.0' ],
53 silly audit   acorn: [ '8.16.0' ],
53 silly audit   'acorn-jsx': [ '5.3.2' ],
53 silly audit   ajv: [ '6.14.0' ],
53 silly audit   'ansi-styles': [ '4.3.0' ],
53 silly audit   argparse: [ '2.0.1' ],
53 silly audit   'array-buffer-byte-length': [ '1.0.2' ],
53 silly audit   'array-includes': [ '3.1.9' ],
53 silly audit   'array.prototype.flat': [ '1.3.3' ],
53 silly audit   'arraybuffer.prototype.slice': [ '1.0.4' ],
53 silly audit   astring: [ '1.9.0' ],
53 silly audit   'async-function': [ '1.0.0' ],
53 silly audit   'available-typed-arrays': [ '1.0.7' ],
53 silly audit   bail: [ '2.0.2' ],
53 silly audit   boolbase: [ '1.0.0' ],
53 silly audit   braces: [ '3.0.3' ],
53 silly audit   'buffer-crc32': [ '0.2.13' ],
53 silly audit   'cacheable-lookup': [ '5.0.4' ],
53 silly audit   'cacheable-request': [ '7.0.4' ],
53 silly audit   'call-bind': [ '1.0.9' ],
53 silly audit   'call-bind-apply-helpers': [ '1.0.2' ],
53 silly audit   'call-bound': [ '1.0.4' ],
53 silly audit   callsites: [ '3.1.0' ],
53 silly audit   ccount: [ '2.0.1' ],
53 silly audit   chalk: [ '4.1.2' ],
53 silly audit   'character-entities': [ '2.0.2' ],
53 silly audit   'character-entities-html4': [ '2.1.0' ],
53 silly audit   'character-entities-legacy': [ '3.0.0' ],
53 silly audit   'character-reference-invalid': [ '2.0.1' ],
53 silly audit   chokidar: [ '4.0.3' ],
53 silly audit   'clone-response': [ '1.0.3' ],
53 silly audit   'collapse-white-space': [ '2.1.0' ],
53 silly audit   'color-convert': [ '2.0.1' ],
53 silly audit   'color-name': [ '1.1.4' ],
53 silly audit   'comma-separated-tokens': [ '2.0.3' ],
53 silly audit   commander: [ '7.2.0' ],
53 silly audit   'concat-map': [ '0.0.1' ],
53 silly audit   'copy-anything': [ '3.0.5' ],
53 silly audit   'cross-spawn': [ '7.0.6' ],
53 silly audit   'css-select': [ '5.2.2' ],
53 silly audit   'css-tree': [ '2.3.1', '2.2.1' ],
53 silly audit   'css-what': [ '6.2.2' ],
53 silly audit   cssesc: [ '3.0.0' ],
53 silly audit   csso: [ '5.0.5' ],
53 silly audit   'mdn-data': [ '2.0.28', '2.0.30' ],
53 silly audit   csstype: [ '3.2.3' ],
53 silly audit   'data-view-buffer': [ '1.0.2' ],
53 silly audit   'data-view-byte-length': [ '1.0.2' ],
53 silly audit   'data-view-byte-offset': [ '1.0.1' ],
53 silly audit   debug: [ '4.4.3' ],
53 silly audit   'decode-named-character-reference': [ '1.3.0' ],
53 silly audit   'decompress-response': [ '6.0.0' ],
53 silly audit   'mimic-response': [ '3.1.0', '1.0.1' ],
53 silly audit   'deep-is': [ '0.1.4' ],
53 silly audit   'defer-to-connect': [ '2.0.1' ],
53 silly audit   'define-data-property': [ '1.1.4' ],
53 silly audit   'define-properties': [ '1.2.1' ],
53 silly audit   dequal: [ '2.0.3' ],
53 silly audit   'detect-libc': [ '2.1.2' ],
53 silly audit   devlop: [ '1.1.0' ],
53 silly audit   'dom-serializer': [ '2.0.0' ],
53 silly audit   domelementtype: [ '2.3.0' ],
53 silly audit   domhandler: [ '5.0.3' ],
53 silly audit   domutils: [ '3.2.2' ],
53 silly audit   dotenv: [ '16.6.1' ],
53 silly audit   'dunder-proto': [ '1.0.1' ],
53 silly audit   'end-of-stream': [ '1.4.5' ],
53 silly audit   entities: [ '4.5.0' ],
53 silly audit   errno: [ '0.1.8' ],
53 silly audit   'es-abstract': [ '1.24.2' ],
53 silly audit   'es-define-property': [ '1.0.1' ],
53 silly audit   'es-errors': [ '1.3.0' ],
53 silly audit   'es-object-atoms': [ '1.1.1' ],
53 silly audit   'es-set-tostringtag': [ '2.1.0' ],
53 silly audit   'es-shim-unscopables': [ '1.1.0' ],
53 silly audit   'es-to-primitive': [ '1.3.0' ],
53 silly audit   'esast-util-from-estree': [ '2.0.0' ],
53 silly audit   'esast-util-from-js': [ '2.0.1' ],
53 silly audit   esbuild: [ '0.27.7' ],
53 silly audit   'escape-string-regexp': [ '4.0.0' ],
53 silly audit   eslint: [ '9.32.0' ],
53 silly audit   'eslint-plugin-qwik': [ '1.19.2' ],
53 silly audit   'eslint-scope': [ '8.4.0' ],
53 silly audit   espree: [ '10.4.0' ],
53 silly audit   esquery: [ '1.7.0' ],
53 silly audit   esrecurse: [ '4.3.0' ],
53 silly audit   estraverse: [ '5.3.0' ],
53 silly audit   'estree-util-attach-comments': [ '3.0.0' ],
53 silly audit   'estree-util-build-jsx': [ '3.0.1' ],
53 silly audit   'estree-util-is-identifier-name': [ '3.0.0' ],
53 silly audit   'estree-util-scope': [ '1.0.0' ],
53 silly audit   'estree-util-to-js': [ '2.0.0' ],
53 silly audit   'estree-util-visit': [ '2.0.0' ],
53 silly audit   esutils: [ '2.0.3' ],
53 silly audit   extend: [ '3.0.2' ],
53 silly audit   'extract-zip': [ '2.0.1' ],
53 silly audit   'fast-deep-equal': [ '3.1.3' ],
53 silly audit   'fast-glob': [ '3.3.3' ],
53 silly audit   'glob-parent': [ '5.1.2', '6.0.2' ],
53 silly audit   'fast-json-stable-stringify': [ '2.1.0' ],
53 silly audit   'fast-levenshtein': [ '2.0.6' ],
53 silly audit   fastq: [ '1.20.1' ],
53 silly audit   'fd-slicer': [ '1.1.0' ],
53 silly audit   fdir: [ '6.5.0' ],
53 silly audit   'file-entry-cache': [ '8.0.0' ],
53 silly audit   'fill-range': [ '7.1.1' ],
53 silly audit   'find-up': [ '5.0.0' ],
53 silly audit   'flat-cache': [ '4.0.1' ],
53 silly audit   flatted: [ '3.4.2' ],
53 silly audit   'for-each': [ '0.3.5' ],
53 silly audit   'fs.realpath': [ '1.0.0' ],
53 silly audit   fsevents: [ '2.3.3' ],
53 silly audit   'function-bind': [ '1.1.2' ],
53 silly audit   'function.prototype.name': [ '1.1.8' ],
53 silly audit   'functions-have-names': [ '1.2.3' ],
53 silly audit   'generator-function': [ '2.0.1' ],
53 silly audit   'get-intrinsic': [ '1.3.0' ],
53 silly audit   'get-proto': [ '1.0.1' ],
53 silly audit   'get-stream': [ '5.2.0' ],
53 silly audit   'get-symbol-description': [ '1.1.0' ],
53 silly audit   glob: [ '7.2.3' ],
53 silly audit   globalthis: [ '1.0.4' ],
53 silly audit   globrex: [ '0.1.2' ],
53 silly audit   gopd: [ '1.2.0' ],
53 silly audit   got: [ '11.8.6' ],
53 silly audit   'graceful-fs': [ '4.2.11' ],
53 silly audit   graphemer: [ '1.4.0' ],
53 silly audit   'has-bigints': [ '1.1.0' ],
53 silly audit   'has-flag': [ '4.0.0' ],
53 silly audit   'has-property-descriptors': [ '1.0.2' ],
53 silly audit   'has-proto': [ '1.2.0' ],
53 silly audit   'has-symbols': [ '1.1.0' ],
53 silly audit   'has-tostringtag': [ '1.0.2' ],
53 silly audit   hasown: [ '2.0.3' ],
53 silly audit   'hast-util-to-estree': [ '3.1.3' ],
53 silly audit   'hast-util-to-jsx-runtime': [ '2.3.6' ],
53 silly audit   'hast-util-whitespace': [ '3.0.0' ],
53 silly audit   hpagent: [ '0.1.2' ],
53 silly audit   'http-cache-semantics': [ '4.2.0' ],
53 silly audit   'http2-wrapper': [ '1.0.3' ],
53 silly audit   'iconv-lite': [ '0.6.3' ],
53 silly audit   'icss-utils': [ '5.1.0' ],
53 silly audit   'image-size': [ '0.5.5' ],
53 silly audit   'imagetools-core': [ '9.1.0' ],
53 silly audit   immutable: [ '5.1.5' ],
53 silly audit   'import-fresh': [ '3.3.1' ],
53 silly audit   imurmurhash: [ '0.1.4' ],
53 silly audit   inflight: [ '1.0.6' ],
53 silly audit   inherits: [ '2.0.4' ],
53 silly audit   'inline-style-parser': [ '0.2.7' ],
53 silly audit   'internal-slot': [ '1.1.0' ],
53 silly audit   'is-alphabetical': [ '2.0.1' ],
53 silly audit   'is-alphanumerical': [ '2.0.1' ],
53 silly audit   'is-array-buffer': [ '3.0.5' ],
53 silly audit   'is-async-function': [ '2.1.1' ],
53 silly audit   'is-bigint': [ '1.1.0' ],
53 silly audit   'is-boolean-object': [ '1.2.2' ],
53 silly audit   'is-callable': [ '1.2.7' ],
53 silly audit   'is-data-view': [ '1.0.2' ],
53 silly audit   'is-date-object': [ '1.1.0' ],
53 silly audit   'is-decimal': [ '2.0.1' ],
53 silly audit   'is-extglob': [ '2.1.1' ],
53 silly audit   'is-finalizationregistry': [ '1.1.1' ],
53 silly audit   'is-generator-function': [ '1.1.2' ],
53 silly audit   'is-glob': [ '4.0.3' ],
53 silly audit   'is-hexadecimal': [ '2.0.1' ],
53 silly audit   'is-map': [ '2.0.3' ],
53 silly audit   'is-negative-zero': [ '2.0.3' ],
53 silly audit   'is-number': [ '7.0.0' ],
53 silly audit   'is-number-object': [ '1.1.1' ],
53 silly audit   'is-plain-obj': [ '4.1.0' ],
53 silly audit   'is-regex': [ '1.2.1' ],
53 silly audit   'is-set': [ '2.0.3' ],
53 silly audit   'is-shared-array-buffer': [ '1.0.4' ],
53 silly audit   'is-string': [ '1.1.1' ],
53 silly audit   'is-symbol': [ '1.1.1' ],
53 silly audit   'is-typed-array': [ '1.1.15' ],
53 silly audit   'is-weakmap': [ '2.0.2' ],
53 silly audit   'is-weakref': [ '1.1.1' ],
53 silly audit   'is-weakset': [ '2.0.4' ],
53 silly audit   'is-what': [ '4.1.16' ],
53 silly audit   isarray: [ '2.0.5' ],
53 silly audit   isexe: [ '2.0.0' ],
53 silly audit   'js-yaml': [ '4.1.1' ],
53 silly audit   'json-buffer': [ '3.0.1' ],
53 silly audit   'json-schema-traverse': [ '0.4.1' ],
53 silly audit   'json-stable-stringify-without-jsonify': [ '1.0.1' ],
53 silly audit   json5: [ '2.2.3' ],
53 silly audit   'jsx-ast-utils': [ '3.3.5' ],
53 silly audit   keyv: [ '4.5.4' ],
53 silly audit   'launch-editor': [ '2.13.2' ],
53 silly audit   less: [ '4.6.4' ],
53 silly audit   'source-map': [ '0.6.1', '0.7.6' ],
53 silly audit   levn: [ '0.4.1' ],
53 silly audit   lilconfig: [ '2.1.0' ],
53 silly audit   'locate-path': [ '6.0.0' ],
53 silly audit   'lodash.camelcase': [ '4.3.0' ],
53 silly audit   'lodash.clonedeep': [ '4.5.0' ],
53 silly audit   'lodash.merge': [ '4.6.2' ],
53 silly audit   'longest-streak': [ '3.1.0' ],
53 silly audit   'lowercase-keys': [ '2.0.0' ],
53 silly audit   'make-dir': [ '2.1.0' ],
53 silly audit   semver: [ '5.7.2', '7.7.4' ],
53 silly audit   'markdown-extensions': [ '2.0.0' ],
53 silly audit   'math-intrinsics': [ '1.1.0' ],
53 silly audit   'mdast-util-from-markdown': [ '2.0.3' ],
53 silly audit   'mdast-util-mdx': [ '3.0.0' ],
53 silly audit   'mdast-util-mdx-expression': [ '2.0.1' ],
53 silly audit   'mdast-util-mdx-jsx': [ '3.2.0' ],
53 silly audit   'mdast-util-mdxjs-esm': [ '2.0.1' ],
53 silly audit   'mdast-util-phrasing': [ '4.1.0' ],
53 silly audit   'mdast-util-to-hast': [ '13.2.1' ],
53 silly audit   'mdast-util-to-markdown': [ '2.1.2' ],
53 silly audit   'mdast-util-to-string': [ '4.0.0' ],
53 silly audit   merge2: [ '1.4.1' ],
53 silly audit   micromark: [ '4.0.2' ],
53 silly audit   'micromark-core-commonmark': [ '2.0.3' ],
53 silly audit   'micromark-extension-mdx-expression': [ '3.0.1' ],
53 silly audit   'micromark-extension-mdx-jsx': [ '3.0.2' ],
53 silly audit   'micromark-extension-mdx-md': [ '2.0.0' ],
53 silly audit   'micromark-extension-mdxjs': [ '3.0.0' ],
53 silly audit   'micromark-extension-mdxjs-esm': [ '3.0.0' ],
53 silly audit   'micromark-factory-destination': [ '2.0.1' ],
53 silly audit   'micromark-factory-label': [ '2.0.1' ],
53 silly audit   'micromark-factory-mdx-expression': [ '2.0.3' ],
53 silly audit   'micromark-factory-space': [ '2.0.1' ],
53 silly audit   'micromark-factory-title': [ '2.0.1' ],
53 silly audit   'micromark-factory-whitespace': [ '2.0.1' ],
53 silly audit   'micromark-util-character': [ '2.1.1' ],
53 silly audit   'micromark-util-chunked': [ '2.0.1' ],
53 silly audit   'micromark-util-classify-character': [ '2.0.1' ],
53 silly audit   'micromark-util-combine-extensions': [ '2.0.1' ],
53 silly audit   'micromark-util-decode-numeric-character-reference': [ '2.0.2' ],
53 silly audit   'micromark-util-decode-string': [ '2.0.1' ],
53 silly audit   'micromark-util-encode': [ '2.0.1' ],
53 silly audit   'micromark-util-events-to-acorn': [ '2.0.3' ],
53 silly audit   'micromark-util-html-tag-name': [ '2.0.1' ],
53 silly audit   'micromark-util-normalize-identifier': [ '2.0.1' ],
53 silly audit   'micromark-util-resolve-all': [ '2.0.1' ],
53 silly audit   'micromark-util-sanitize-uri': [ '2.0.1' ],
53 silly audit   'micromark-util-subtokenize': [ '2.1.0' ],
53 silly audit   'micromark-util-symbol': [ '2.0.1' ],
53 silly audit   'micromark-util-types': [ '2.0.2' ],
53 silly audit   micromatch: [ '4.0.8' ],
53 silly audit   picomatch: [ '2.3.2', '4.0.4' ],
53 silly audit   mime: [ '1.6.0' ],
53 silly audit   minimist: [ '1.2.8' ],
53 silly audit   ms: [ '2.1.3' ],
53 silly audit   nanoid: [ '3.3.11' ],
53 silly audit   'natural-compare': [ '1.4.0' ],
53 silly audit   needle: [ '3.5.0' ],
53 silly audit   ngrok: [ '5.0.0-beta.2' ],
53 silly audit   'node-addon-api': [ '7.1.1' ],
53 silly audit   'normalize-url': [ '6.1.0' ],
53 silly audit   'nth-check': [ '2.1.1' ],
53 silly audit   'object-inspect': [ '1.13.4' ],
53 silly audit   'object-keys': [ '1.1.1' ],
53 silly audit   'object.assign': [ '4.1.7' ],
53 silly audit   'object.values': [ '1.2.1' ],
53 silly audit   once: [ '1.4.0' ],
53 silly audit   optionator: [ '0.9.4' ],
53 silly audit   'own-keys': [ '1.0.1' ],
53 silly audit   'p-cancelable': [ '2.1.1' ],
53 silly audit   'p-limit': [ '3.1.0' ],
53 silly audit   'p-locate': [ '5.0.0' ],
53 silly audit   'parent-module': [ '1.0.1' ],
53 silly audit   'parse-entities': [ '4.0.2' ],
53 silly audit   'parse-node-version': [ '1.0.1' ],
53 silly audit   'path-exists': [ '4.0.0' ],
53 silly audit   'path-is-absolute': [ '1.0.1' ],
53 silly audit   'path-key': [ '3.1.1' ],
53 silly audit   pend: [ '1.2.0' ],
53 silly audit   picocolors: [ '1.1.1' ],
53 silly audit   pify: [ '4.0.1' ],
53 silly audit   'possible-typed-array-names': [ '1.1.0' ],
53 silly audit   postcss: [ '8.5.10' ],
53 silly audit   'postcss-load-config': [ '3.1.4' ],
53 silly audit   yaml: [ '1.10.3', '2.8.3' ],
53 silly audit   'postcss-modules-extract-imports': [ '3.1.0' ],
53 silly audit   'postcss-modules-local-by-default': [ '4.2.0' ],
53 silly audit   'postcss-modules-scope': [ '3.2.1' ],
53 silly audit   'postcss-selector-parser': [ '7.1.1' ],
53 silly audit   'postcss-value-parser': [ '4.2.0' ],
53 silly audit   'prelude-ls': [ '1.2.1' ],
53 silly audit   prettier: [ '3.6.2' ],
53 silly audit   'property-information': [ '7.1.0' ],
53 silly audit   prr: [ '1.0.1' ],
53 silly audit   pump: [ '3.0.4' ],
53 silly audit   punycode: [ '2.3.1' ],
53 silly audit   'queue-microtask': [ '1.2.3' ],
53 silly audit   'quick-lru': [ '5.1.1' ],
53 silly audit   readdirp: [ '4.1.2' ],
53 silly audit   'recma-build-jsx': [ '1.0.0' ],
53 silly audit   'recma-jsx': [ '1.0.1' ],
53 silly audit   'recma-parse': [ '1.0.0' ],
53 silly audit   'recma-stringify': [ '1.0.0' ],
53 silly audit   'reflect.getprototypeof': [ '1.0.10' ],
53 silly audit   'regexp.prototype.flags': [ '1.5.4' ],
53 silly audit   'rehype-recma': [ '1.0.0' ],
53 silly audit   'remark-mdx': [ '3.1.1' ],
53 silly audit   'remark-parse': [ '11.0.0' ],
53 silly audit   'remark-rehype': [ '11.1.2' ],
53 silly audit   'reserved-words': [ '0.1.2' ],
53 silly audit   'resolve-alpn': [ '1.2.1' ],
53 silly audit   'resolve-from': [ '4.0.0' ],
53 silly audit   responselike: [ '2.0.1' ],
53 silly audit   reusify: [ '1.1.0' ],
53 silly audit   rollup: [ '4.60.2' ],
53 silly audit   'run-parallel': [ '1.2.0' ],
53 silly audit   'safe-array-concat': [ '1.1.3' ],
53 silly audit   'safe-push-apply': [ '1.0.0' ],
53 silly audit   'safe-regex-test': [ '1.1.0' ],
53 silly audit   'safer-buffer': [ '2.1.2' ],
53 silly audit   sass: [ '1.99.0' ],
53 silly audit   sax: [ '1.6.0', '1.3.0' ],
53 silly audit   'set-function-length': [ '1.2.2' ],
53 silly audit   'set-function-name': [ '2.0.2' ],
53 silly audit   'set-proto': [ '1.0.0' ],
53 silly audit   sharp: [ '0.34.5' ],
53 silly audit   'shebang-command': [ '2.0.0' ],
53 silly audit   'shebang-regex': [ '3.0.0' ],
53 silly audit   'shell-quote': [ '1.8.3' ],
53 silly audit   'side-channel': [ '1.1.0' ],
53 silly audit   'side-channel-list': [ '1.0.1' ],
53 silly audit   'side-channel-map': [ '1.0.1' ],
53 silly audit   'side-channel-weakmap': [ '1.0.2' ],
53 silly audit   'source-map-js': [ '1.2.1' ],
53 silly audit   'space-separated-tokens': [ '2.0.2' ],
53 silly audit   'stop-iteration-iterator': [ '1.1.0' ],
53 silly audit   'string.prototype.trim': [ '1.2.10' ],
53 silly audit   'string.prototype.trimend': [ '1.0.9' ],
53 silly audit   'string.prototype.trimstart': [ '1.0.8' ],
53 silly audit   'stringify-entities': [ '4.0.4' ],
53 silly audit   'strip-bom': [ '3.0.0' ],
53 silly audit   'strip-json-comments': [ '3.1.1' ],
53 silly audit   'style-to-js': [ '1.1.21' ],
53 silly audit   'style-to-object': [ '1.0.14' ],
53 silly audit   stylus: [ '0.62.0' ],
53 silly audit   'supports-color': [ '7.2.0' ],
53 silly audit   svgo: [ '3.3.3' ],
53 silly audit   tinyglobby: [ '0.2.16' ],
53 silly audit   'to-regex-range': [ '5.0.1' ],
53 silly audit   'trim-lines': [ '3.0.1' ],
53 silly audit   trough: [ '2.2.0' ],
53 silly audit   'ts-api-utils': [ '2.5.0' ],
53 silly audit   tsconfck: [ '3.1.6' ],
53 silly audit   'tsconfig-paths': [ '4.2.0' ],
53 silly audit   tslib: [ '2.8.1' ],
53 silly audit   'type-check': [ '0.4.0' ],
53 silly audit   'typed-array-buffer': [ '1.0.3' ],
53 silly audit   'typed-array-byte-length': [ '1.0.3' ],
53 silly audit   'typed-array-byte-offset': [ '1.0.4' ],
53 silly audit   'typed-array-length': [ '1.0.7' ],
53 silly audit   typescript: [ '5.4.5' ],
53 silly audit   'typescript-eslint': [ '8.38.0' ],
53 silly audit   'typescript-plugin-css-modules': [ '5.2.0' ],
53 silly audit   'unbox-primitive': [ '1.1.0' ],
53 silly audit   undici: [ '5.28.4' ],
53 silly audit   'undici-types': [ '6.21.0' ],
53 silly audit   unified: [ '11.0.5' ],
53 silly audit   'unist-util-is': [ '6.0.1' ],
53 silly audit   'unist-util-position': [ '5.0.0' ],
53 silly audit   'unist-util-position-from-estree': [ '2.0.0' ],
53 silly audit   'unist-util-stringify-position': [ '4.0.0' ],
53 silly audit   'unist-util-visit': [ '5.1.0' ],
53 silly audit   'unist-util-visit-parents': [ '6.0.2' ],
53 silly audit   'uri-js': [ '4.4.1' ],
53 silly audit   'util-deprecate': [ '1.0.2' ],
53 silly audit   uuid: [ '8.3.2' ],
53 silly audit   valibot: [ '1.3.1' ],
53 silly audit   vfile: [ '6.0.3' ],
53 silly audit   'vfile-message': [ '4.0.3' ],
53 silly audit   vite: [ '7.3.1' ],
53 silly audit   'vite-imagetools': [ '9.0.3' ],
53 silly audit   'vite-tsconfig-paths': [ '4.3.2' ],
53 silly audit   which: [ '2.0.2' ],
53 silly audit   'which-boxed-primitive': [ '1.1.1' ],
53 silly audit   'which-builtin-type': [ '1.2.1' ],
53 silly audit   'which-collection': [ '1.0.2' ],
53 silly audit   'which-typed-array': [ '1.1.20' ],
53 silly audit   'word-wrap': [ '1.2.5' ],
53 silly audit   wrappy: [ '1.0.2' ],
53 silly audit   yauzl: [ '2.10.0' ],
53 silly audit   'yocto-queue': [ '0.1.0' ],
53 silly audit   zod: [ '3.25.48' ],
53 silly audit   zwitch: [ '2.0.4' ],
53 silly audit   cloudflared: [ '0.7.1' ]
53 silly audit }
54 verbose reify failed optional dependency /opt/hermes/simple-qwik-app/node_modules/fsevents
55 silly reify mark deleted [ '/opt/hermes/simple-qwik-app/node_modules/fsevents' ]
56 verbose reify failed optional dependency /opt/hermes/simple-qwik-app/node_modules/@rollup/rollup-win32-x64-msvc
57 silly reify mark deleted [
57 silly reify   '/opt/hermes/simple-qwik-app/node_modules/@rollup/rollup-win32-x64-msvc'
57 silly reify ]
58 verbose reify failed optional dependency /opt/hermes/simple-qwik-app/node_modules/@rollup/rollup-win32-x64-gnu
59 silly reify mark deleted [
59 silly reify   '/opt/hermes/simple-qwik-app/node_modules/@rollup/rollup-win32-x64-gnu'
59 silly reify ]
60 verbose reify failed optional dependency /opt/hermes/simple-qwik-app/node_modules/@rollup/rollup-win32-ia32-msvc
61 silly reify mark deleted [
61 silly reify   '/opt/hermes/simple-qwik-app/node_modules/@rollup/rollup-win32-ia32-msvc'
61 silly reify ]
62 verbose reify failed optional dependency /opt/hermes/simple-qwik-app/node_modules/@rollup/rollup-win32-arm64-msvc
63 silly reify mark deleted [
63 silly reify   '/opt/hermes/simple-qwik-app/node_modules/@rollup/rollup-win32-arm64-msvc'
63 silly reify ]
64 verbose reify failed optional dependency /opt/hermes/simple-qwik-app/node_modules/@rollup/rollup-openharmony-arm64
65 silly reify mark deleted [
65 silly reify   '/opt/hermes/simple-qwik-app/node_modules/@rollup/rollup-openharmony-arm64'
65 silly reify ]
66 verbose reify failed optional dependency /opt/hermes/simple-qwik-app/node_modules/@rollup/rollup-openbsd-x64
67 silly reify mark deleted [
67 silly reify   '/opt/hermes/simple-qwik-app/node_modules/@rollup/rollup-openbsd-x64'
67 silly reify ]
68 verbose reify failed optional dependency /opt/hermes/simple-qwik-app/node_modules/@rollup/rollup-linux-s390x-gnu
69 silly reify mark deleted [
69 silly reify   '/opt/hermes/simple-qwik-app/node_modules/@rollup/rollup-linux-s390x-gnu'
69 silly reify ]
70 verbose reify failed optional dependency /opt/hermes/simple-qwik-app/node_modules/@rollup/rollup-linux-riscv64-musl
71 silly reify mark deleted [
71 silly reify   '/opt/hermes/simple-qwik-app/node_modules/@rollup/rollup-linux-riscv64-musl'
71 silly reify ]
72 verbose reify failed optional dependency /opt/hermes/simple-qwik-app/node_modules/@rollup/rollup-linux-riscv64-gnu
73 silly reify mark deleted [
73 silly reify   '/opt/hermes/simple-qwik-app/node_modules/@rollup/rollup-linux-riscv64-gnu'
73 silly reify ]
74 verbose reify failed optional dependency /opt/hermes/simple-qwik-app/node_modules/@rollup/rollup-linux-ppc64-musl
75 silly reify mark deleted [
75 silly reify   '/opt/hermes/simple-qwik-app/node_modules/@rollup/rollup-linux-ppc64-musl'
75 silly reify ]
76 verbose reify failed optional dependency /opt/hermes/simple-qwik-app/node_modules/@rollup/rollup-linux-ppc64-gnu
77 silly reify mark deleted [
77 silly reify   '/opt/hermes/simple-qwik-app/node_modules/@rollup/rollup-linux-ppc64-gnu'
77 silly reify ]
78 verbose reify failed optional dependency /opt/hermes/simple-qwik-app/node_modules/@rollup/rollup-linux-loong64-musl
79 silly reify mark deleted [
79 silly reify   '/opt/hermes/simple-qwik-app/node_modules/@rollup/rollup-linux-loong64-musl'
79 silly reify ]
80 verbose reify failed optional dependency /opt/hermes/simple-qwik-app/node_modules/@rollup/rollup-linux-loong64-gnu
81 silly reify mark deleted [
81 silly reify   '/opt/hermes/simple-qwik-app/node_modules/@rollup/rollup-linux-loong64-gnu'
81 silly reify ]
82 verbose reify failed optional dependency /opt/hermes/simple-qwik-app/node_modules/@rollup/rollup-linux-arm64-musl
83 silly reify mark deleted [
83 silly reify   '/opt/hermes/simple-qwik-app/node_modules/@rollup/rollup-linux-arm64-musl'
83 silly reify ]
84 verbose reify failed optional dependency /opt/hermes/simple-qwik-app/node_modules/@rollup/rollup-linux-arm64-gnu
85 silly reify mark deleted [
85 silly reify   '/opt/hermes/simple-qwik-app/node_modules/@rollup/rollup-linux-arm64-gnu'
85 silly reify ]
86 verbose reify failed optional dependency /opt/hermes/simple-qwik-app/node_modules/@rollup/rollup-linux-arm-musleabihf
87 silly reify mark deleted [
87 silly reify   '/opt/hermes/simple-qwik-app/node_modules/@rollup/rollup-linux-arm-musleabihf'
87 silly reify ]
88 verbose reify failed optional dependency /opt/hermes/simple-qwik-app/node_modules/@rollup/rollup-linux-arm-gnueabihf
89 silly reify mark deleted [
89 silly reify   '/opt/hermes/simple-qwik-app/node_modules/@rollup/rollup-linux-arm-gnueabihf'
89 silly reify ]
90 verbose reify failed optional dependency /opt/hermes/simple-qwik-app/node_modules/@rollup/rollup-freebsd-x64
91 silly reify mark deleted [
91 silly reify   '/opt/hermes/simple-qwik-app/node_modules/@rollup/rollup-freebsd-x64'
91 silly reify ]
92 verbose reify failed optional dependency /opt/hermes/simple-qwik-app/node_modules/@rollup/rollup-freebsd-arm64
93 silly reify mark deleted [
93 silly reify   '/opt/hermes/simple-qwik-app/node_modules/@rollup/rollup-freebsd-arm64'
93 silly reify ]
94 verbose reify failed optional dependency /opt/hermes/simple-qwik-app/node_modules/@rollup/rollup-darwin-x64
95 silly reify mark deleted [
95 silly reify   '/opt/hermes/simple-qwik-app/node_modules/@rollup/rollup-darwin-x64'
95 silly reify ]
96 verbose reify failed optional dependency /opt/hermes/simple-qwik-app/node_modules/@rollup/rollup-darwin-arm64
97 silly reify mark deleted [
97 silly reify   '/opt/hermes/simple-qwik-app/node_modules/@rollup/rollup-darwin-arm64'
97 silly reify ]
98 verbose reify failed optional dependency /opt/hermes/simple-qwik-app/node_modules/@rollup/rollup-android-arm64
99 silly reify mark deleted [
99 silly reify   '/opt/hermes/simple-qwik-app/node_modules/@rollup/rollup-android-arm64'
99 silly reify ]
100 verbose reify failed optional dependency /opt/hermes/simple-qwik-app/node_modules/@rollup/rollup-android-arm-eabi
101 silly reify mark deleted [
101 silly reify   '/opt/hermes/simple-qwik-app/node_modules/@rollup/rollup-android-arm-eabi'
101 silly reify ]
102 verbose reify failed optional dependency /opt/hermes/simple-qwik-app/node_modules/@parcel/watcher-win32-x64
103 silly reify mark deleted [
103 silly reify   '/opt/hermes/simple-qwik-app/node_modules/@parcel/watcher-win32-x64'
103 silly reify ]
104 verbose reify failed optional dependency /opt/hermes/simple-qwik-app/node_modules/@parcel/watcher-win32-ia32
105 silly reify mark deleted [
105 silly reify   '/opt/hermes/simple-qwik-app/node_modules/@parcel/watcher-win32-ia32'
105 silly reify ]
106 verbose reify failed optional dependency /opt/hermes/simple-qwik-app/node_modules/@parcel/watcher-win32-arm64
107 silly reify mark deleted [
107 silly reify   '/opt/hermes/simple-qwik-app/node_modules/@parcel/watcher-win32-arm64'
107 silly reify ]
108 verbose reify failed optional dependency /opt/hermes/simple-qwik-app/node_modules/@parcel/watcher-linux-arm64-musl
109 silly reify mark deleted [
109 silly reify   '/opt/hermes/simple-qwik-app/node_modules/@parcel/watcher-linux-arm64-musl'
109 silly reify ]
110 verbose reify failed optional dependency /opt/hermes/simple-qwik-app/node_modules/@parcel/watcher-linux-arm64-glibc
111 silly reify mark deleted [
111 silly reify   '/opt/hermes/simple-qwik-app/node_modules/@parcel/watcher-linux-arm64-glibc'
111 silly reify ]
112 verbose reify failed optional dependency /opt/hermes/simple-qwik-app/node_modules/@parcel/watcher-linux-arm-musl
113 silly reify mark deleted [
113 silly reify   '/opt/hermes/simple-qwik-app/node_modules/@parcel/watcher-linux-arm-musl'
113 silly reify ]
114 verbose reify failed optional dependency /opt/hermes/simple-qwik-app/node_modules/@parcel/watcher-linux-arm-glibc
115 silly reify mark deleted [
115 silly reify   '/opt/hermes/simple-qwik-app/node_modules/@parcel/watcher-linux-arm-glibc'
115 silly reify ]
116 verbose reify failed optional dependency /opt/hermes/simple-qwik-app/node_modules/@parcel/watcher-freebsd-x64
117 silly reify mark deleted [
117 silly reify   '/opt/hermes/simple-qwik-app/node_modules/@parcel/watcher-freebsd-x64'
117 silly reify ]
118 verbose reify failed optional dependency /opt/hermes/simple-qwik-app/node_modules/@parcel/watcher-darwin-x64
119 silly reify mark deleted [
119 silly reify   '/opt/hermes/simple-qwik-app/node_modules/@parcel/watcher-darwin-x64'
119 silly reify ]
120 verbose reify failed optional dependency /opt/hermes/simple-qwik-app/node_modules/@parcel/watcher-darwin-arm64
121 silly reify mark deleted [
121 silly reify   '/opt/hermes/simple-qwik-app/node_modules/@parcel/watcher-darwin-arm64'
121 silly reify ]
122 verbose reify failed optional dependency /opt/hermes/simple-qwik-app/node_modules/@parcel/watcher-android-arm64
123 silly reify mark deleted [
123 silly reify   '/opt/hermes/simple-qwik-app/node_modules/@parcel/watcher-android-arm64'
123 silly reify ]
124 verbose reify failed optional dependency /opt/hermes/simple-qwik-app/node_modules/@img/sharp-win32-x64
125 silly reify mark deleted [ '/opt/hermes/simple-qwik-app/node_modules/@img/sharp-win32-x64' ]
126 verbose reify failed optional dependency /opt/hermes/simple-qwik-app/node_modules/@img/sharp-win32-ia32
127 silly reify mark deleted [ '/opt/hermes/simple-qwik-app/node_modules/@img/sharp-win32-ia32' ]
128 verbose reify failed optional dependency /opt/hermes/simple-qwik-app/node_modules/@img/sharp-win32-arm64
129 silly reify mark deleted [ '/opt/hermes/simple-qwik-app/node_modules/@img/sharp-win32-arm64' ]
130 verbose reify failed optional dependency /opt/hermes/simple-qwik-app/node_modules/@img/sharp-wasm32
131 silly reify mark deleted [ '/opt/hermes/simple-qwik-app/node_modules/@img/sharp-wasm32' ]
132 verbose reify failed optional dependency /opt/hermes/simple-qwik-app/node_modules/@emnapi/runtime
133 silly reify mark deleted [ '/opt/hermes/simple-qwik-app/node_modules/@emnapi/runtime' ]
134 verbose reify failed optional dependency /opt/hermes/simple-qwik-app/node_modules/tslib
135 silly reify mark deleted [ '/opt/hermes/simple-qwik-app/node_modules/tslib' ]
136 verbose reify failed optional dependency /opt/hermes/simple-qwik-app/node_modules/@img/sharp-linuxmusl-arm64
137 silly reify mark deleted [
137 silly reify   '/opt/hermes/simple-qwik-app/node_modules/@img/sharp-linuxmusl-arm64'
137 silly reify ]
138 verbose reify failed optional dependency /opt/hermes/simple-qwik-app/node_modules/@img/sharp-linux-s390x
139 silly reify mark deleted [ '/opt/hermes/simple-qwik-app/node_modules/@img/sharp-linux-s390x' ]
140 verbose reify failed optional dependency /opt/hermes/simple-qwik-app/node_modules/@img/sharp-linux-riscv64
141 silly reify mark deleted [ '/opt/hermes/simple-qwik-app/node_modules/@img/sharp-linux-riscv64' ]
142 verbose reify failed optional dependency /opt/hermes/simple-qwik-app/node_modules/@img/sharp-linux-ppc64
143 silly reify mark deleted [ '/opt/hermes/simple-qwik-app/node_modules/@img/sharp-linux-ppc64' ]
144 verbose reify failed optional dependency /opt/hermes/simple-qwik-app/node_modules/@img/sharp-linux-arm64
145 silly reify mark deleted [ '/opt/hermes/simple-qwik-app/node_modules/@img/sharp-linux-arm64' ]
146 verbose reify failed optional dependency /opt/hermes/simple-qwik-app/node_modules/@img/sharp-linux-arm
147 silly reify mark deleted [ '/opt/hermes/simple-qwik-app/node_modules/@img/sharp-linux-arm' ]
148 verbose reify failed optional dependency /opt/hermes/simple-qwik-app/node_modules/@img/sharp-libvips-linuxmusl-arm64
149 silly reify mark deleted [
149 silly reify   '/opt/hermes/simple-qwik-app/node_modules/@img/sharp-libvips-linuxmusl-arm64'
149 silly reify ]
150 verbose reify failed optional dependency /opt/hermes/simple-qwik-app/node_modules/@img/sharp-libvips-linux-s390x
151 silly reify mark deleted [
151 silly reify   '/opt/hermes/simple-qwik-app/node_modules/@img/sharp-libvips-linux-s390x'
151 silly reify ]
152 verbose reify failed optional dependency /opt/hermes/simple-qwik-app/node_modules/@img/sharp-libvips-linux-riscv64
153 silly reify mark deleted [
153 silly reify   '/opt/hermes/simple-qwik-app/node_modules/@img/sharp-libvips-linux-riscv64'
153 silly reify ]
154 verbose reify failed optional dependency /opt/hermes/simple-qwik-app/node_modules/@img/sharp-libvips-linux-ppc64
155 silly reify mark deleted [
155 silly reify   '/opt/hermes/simple-qwik-app/node_modules/@img/sharp-libvips-linux-ppc64'
155 silly reify ]
156 verbose reify failed optional dependency /opt/hermes/simple-qwik-app/node_modules/@img/sharp-libvips-linux-arm64
157 silly reify mark deleted [
157 silly reify   '/opt/hermes/simple-qwik-app/node_modules/@img/sharp-libvips-linux-arm64'
157 silly reify ]
158 verbose reify failed optional dependency /opt/hermes/simple-qwik-app/node_modules/@img/sharp-libvips-linux-arm
159 silly reify mark deleted [
159 silly reify   '/opt/hermes/simple-qwik-app/node_modules/@img/sharp-libvips-linux-arm'
159 silly reify ]
160 verbose reify failed optional dependency /opt/hermes/simple-qwik-app/node_modules/@img/sharp-libvips-darwin-x64
161 silly reify mark deleted [
161 silly reify   '/opt/hermes/simple-qwik-app/node_modules/@img/sharp-libvips-darwin-x64'
161 silly reify ]
162 verbose reify failed optional dependency /opt/hermes/simple-qwik-app/node_modules/@img/sharp-libvips-darwin-arm64
163 silly reify mark deleted [
163 silly reify   '/opt/hermes/simple-qwik-app/node_modules/@img/sharp-libvips-darwin-arm64'
163 silly reify ]
164 verbose reify failed optional dependency /opt/hermes/simple-qwik-app/node_modules/@img/sharp-darwin-x64
165 silly reify mark deleted [ '/opt/hermes/simple-qwik-app/node_modules/@img/sharp-darwin-x64' ]
166 verbose reify failed optional dependency /opt/hermes/simple-qwik-app/node_modules/@img/sharp-darwin-arm64
167 silly reify mark deleted [ '/opt/hermes/simple-qwik-app/node_modules/@img/sharp-darwin-arm64' ]
168 verbose reify failed optional dependency /opt/hermes/simple-qwik-app/node_modules/@esbuild/win32-x64
169 silly reify mark deleted [ '/opt/hermes/simple-qwik-app/node_modules/@esbuild/win32-x64' ]
170 verbose reify failed optional dependency /opt/hermes/simple-qwik-app/node_modules/@esbuild/win32-ia32
171 silly reify mark deleted [ '/opt/hermes/simple-qwik-app/node_modules/@esbuild/win32-ia32' ]
172 verbose reify failed optional dependency /opt/hermes/simple-qwik-app/node_modules/@esbuild/win32-arm64
173 silly reify mark deleted [ '/opt/hermes/simple-qwik-app/node_modules/@esbuild/win32-arm64' ]
174 verbose reify failed optional dependency /opt/hermes/simple-qwik-app/node_modules/@esbuild/sunos-x64
175 silly reify mark deleted [ '/opt/hermes/simple-qwik-app/node_modules/@esbuild/sunos-x64' ]
176 verbose reify failed optional dependency /opt/hermes/simple-qwik-app/node_modules/@esbuild/openharmony-arm64
177 silly reify mark deleted [
177 silly reify   '/opt/hermes/simple-qwik-app/node_modules/@esbuild/openharmony-arm64'
177 silly reify ]
178 verbose reify failed optional dependency /opt/hermes/simple-qwik-app/node_modules/@esbuild/openbsd-x64
179 silly reify mark deleted [ '/opt/hermes/simple-qwik-app/node_modules/@esbuild/openbsd-x64' ]
180 verbose reify failed optional dependency /opt/hermes/simple-qwik-app/node_modules/@esbuild/openbsd-arm64
181 silly reify mark deleted [ '/opt/hermes/simple-qwik-app/node_modules/@esbuild/openbsd-arm64' ]
182 verbose reify failed optional dependency /opt/hermes/simple-qwik-app/node_modules/@esbuild/netbsd-x64
183 silly reify mark deleted [ '/opt/hermes/simple-qwik-app/node_modules/@esbuild/netbsd-x64' ]
184 verbose reify failed optional dependency /opt/hermes/simple-qwik-app/node_modules/@esbuild/netbsd-arm64
185 silly reify mark deleted [ '/opt/hermes/simple-qwik-app/node_modules/@esbuild/netbsd-arm64' ]
186 verbose reify failed optional dependency /opt/hermes/simple-qwik-app/node_modules/@esbuild/linux-s390x
187 silly reify mark deleted [ '/opt/hermes/simple-qwik-app/node_modules/@esbuild/linux-s390x' ]
188 verbose reify failed optional dependency /opt/hermes/simple-qwik-app/node_modules/@esbuild/linux-riscv64
189 silly reify mark deleted [ '/opt/hermes/simple-qwik-app/node_modules/@esbuild/linux-riscv64' ]
190 verbose reify failed optional dependency /opt/hermes/simple-qwik-app/node_modules/@esbuild/linux-ppc64
191 silly reify mark deleted [ '/opt/hermes/simple-qwik-app/node_modules/@esbuild/linux-ppc64' ]
192 verbose reify failed optional dependency /opt/hermes/simple-qwik-app/node_modules/@esbuild/linux-mips64el
193 silly reify mark deleted [ '/opt/hermes/simple-qwik-app/node_modules/@esbuild/linux-mips64el' ]
194 verbose reify failed optional dependency /opt/hermes/simple-qwik-app/node_modules/@esbuild/linux-loong64
195 silly reify mark deleted [ '/opt/hermes/simple-qwik-app/node_modules/@esbuild/linux-loong64' ]
196 verbose reify failed optional dependency /opt/hermes/simple-qwik-app/node_modules/@esbuild/linux-ia32
197 silly reify mark deleted [ '/opt/hermes/simple-qwik-app/node_modules/@esbuild/linux-ia32' ]
198 verbose reify failed optional dependency /opt/hermes/simple-qwik-app/node_modules/@esbuild/linux-arm64
199 silly reify mark deleted [ '/opt/hermes/simple-qwik-app/node_modules/@esbuild/linux-arm64' ]
200 verbose reify failed optional dependency /opt/hermes/simple-qwik-app/node_modules/@esbuild/linux-arm
201 silly reify mark deleted [ '/opt/hermes/simple-qwik-app/node_modules/@esbuild/linux-arm' ]
202 verbose reify failed optional dependency /opt/hermes/simple-qwik-app/node_modules/@esbuild/freebsd-x64
203 silly reify mark deleted [ '/opt/hermes/simple-qwik-app/node_modules/@esbuild/freebsd-x64' ]
204 verbose reify failed optional dependency /opt/hermes/simple-qwik-app/node_modules/@esbuild/freebsd-arm64
205 silly reify mark deleted [ '/opt/hermes/simple-qwik-app/node_modules/@esbuild/freebsd-arm64' ]
206 verbose reify failed optional dependency /opt/hermes/simple-qwik-app/node_modules/@esbuild/darwin-x64
207 silly reify mark deleted [ '/opt/hermes/simple-qwik-app/node_modules/@esbuild/darwin-x64' ]
208 verbose reify failed optional dependency /opt/hermes/simple-qwik-app/node_modules/@esbuild/darwin-arm64
209 silly reify mark deleted [ '/opt/hermes/simple-qwik-app/node_modules/@esbuild/darwin-arm64' ]
210 verbose reify failed optional dependency /opt/hermes/simple-qwik-app/node_modules/@esbuild/android-x64
211 silly reify mark deleted [ '/opt/hermes/simple-qwik-app/node_modules/@esbuild/android-x64' ]
212 verbose reify failed optional dependency /opt/hermes/simple-qwik-app/node_modules/@esbuild/android-arm64
213 silly reify mark deleted [ '/opt/hermes/simple-qwik-app/node_modules/@esbuild/android-arm64' ]
214 verbose reify failed optional dependency /opt/hermes/simple-qwik-app/node_modules/@esbuild/android-arm
215 silly reify mark deleted [ '/opt/hermes/simple-qwik-app/node_modules/@esbuild/android-arm' ]
216 verbose reify failed optional dependency /opt/hermes/simple-qwik-app/node_modules/@esbuild/aix-ppc64
217 silly reify mark deleted [ '/opt/hermes/simple-qwik-app/node_modules/@esbuild/aix-ppc64' ]
218 timing reifyNode:node_modules/fsevents Completed in 35ms
219 timing reifyNode:node_modules/@rollup/rollup-win32-x64-msvc Completed in 35ms
220 timing reifyNode:node_modules/@rollup/rollup-win32-x64-gnu Completed in 34ms
221 timing reifyNode:node_modules/@rollup/rollup-win32-ia32-msvc Completed in 34ms
222 timing reifyNode:node_modules/@rollup/rollup-win32-arm64-msvc Completed in 34ms
223 timing reifyNode:node_modules/@rollup/rollup-openharmony-arm64 Completed in 35ms
224 timing reifyNode:node_modules/@rollup/rollup-openbsd-x64 Completed in 35ms
225 timing reifyNode:node_modules/@rollup/rollup-linux-s390x-gnu Completed in 35ms
226 timing reifyNode:node_modules/@rollup/rollup-linux-riscv64-musl Completed in 35ms
227 timing reifyNode:node_modules/@rollup/rollup-linux-riscv64-gnu Completed in 35ms
228 timing reifyNode:node_modules/@rollup/rollup-linux-ppc64-musl Completed in 34ms
229 timing reifyNode:node_modules/@rollup/rollup-linux-ppc64-gnu Completed in 34ms
230 timing reifyNode:node_modules/@rollup/rollup-linux-loong64-musl Completed in 34ms
231 timing reifyNode:node_modules/@rollup/rollup-linux-loong64-gnu Completed in 35ms
232 timing reifyNode:node_modules/@rollup/rollup-linux-arm64-musl Completed in 35ms
233 timing reifyNode:node_modules/@rollup/rollup-linux-arm64-gnu Completed in 35ms
234 timing reifyNode:node_modules/@rollup/rollup-linux-arm-musleabihf Completed in 35ms
235 timing reifyNode:node_modules/@rollup/rollup-linux-arm-gnueabihf Completed in 35ms
236 timing reifyNode:node_modules/@rollup/rollup-freebsd-x64 Completed in 36ms
237 timing reifyNode:node_modules/@rollup/rollup-freebsd-arm64 Completed in 36ms
238 timing reifyNode:node_modules/@rollup/rollup-darwin-x64 Completed in 36ms
239 timing reifyNode:node_modules/@rollup/rollup-darwin-arm64 Completed in 36ms
240 timing reifyNode:node_modules/@rollup/rollup-android-arm64 Completed in 36ms
241 timing reifyNode:node_modules/@rollup/rollup-android-arm-eabi Completed in 36ms
242 timing reifyNode:node_modules/@parcel/watcher-win32-x64 Completed in 36ms
243 timing reifyNode:node_modules/@parcel/watcher-win32-ia32 Completed in 35ms
244 timing reifyNode:node_modules/@parcel/watcher-win32-arm64 Completed in 35ms
245 timing reifyNode:node_modules/@parcel/watcher-linux-arm64-musl Completed in 36ms
246 timing reifyNode:node_modules/@parcel/watcher-linux-arm64-glibc Completed in 37ms
247 timing reifyNode:node_modules/@parcel/watcher-linux-arm-musl Completed in 44ms
248 timing reifyNode:node_modules/@parcel/watcher-linux-arm-glibc Completed in 44ms
249 timing reifyNode:node_modules/@parcel/watcher-freebsd-x64 Completed in 44ms
250 timing reifyNode:node_modules/@parcel/watcher-darwin-x64 Completed in 44ms
251 timing reifyNode:node_modules/@parcel/watcher-darwin-arm64 Completed in 44ms
252 timing reifyNode:node_modules/@parcel/watcher-android-arm64 Completed in 44ms
253 timing reifyNode:node_modules/@img/sharp-win32-x64 Completed in 44ms
254 timing reifyNode:node_modules/@img/sharp-win32-ia32 Completed in 44ms
255 timing reifyNode:node_modules/@img/sharp-win32-arm64 Completed in 44ms
256 timing reifyNode:node_modules/@img/sharp-wasm32 Completed in 44ms
257 timing reifyNode:node_modules/@img/sharp-linuxmusl-arm64 Completed in 44ms
258 timing reifyNode:node_modules/@img/sharp-linux-s390x Completed in 44ms
259 timing reifyNode:node_modules/@img/sharp-linux-riscv64 Completed in 44ms
260 timing reifyNode:node_modules/@img/sharp-linux-ppc64 Completed in 44ms
261 timing reifyNode:node_modules/@img/sharp-linux-arm64 Completed in 44ms
262 timing reifyNode:node_modules/@img/sharp-linux-arm Completed in 44ms
263 timing reifyNode:node_modules/@img/sharp-libvips-linuxmusl-arm64 Completed in 44ms
264 timing reifyNode:node_modules/@img/sharp-libvips-linux-s390x Completed in 44ms
265 timing reifyNode:node_modules/@img/sharp-libvips-linux-riscv64 Completed in 44ms
266 timing reifyNode:node_modules/@img/sharp-libvips-linux-ppc64 Completed in 44ms
267 timing reifyNode:node_modules/@img/sharp-libvips-linux-arm64 Completed in 44ms
268 timing reifyNode:node_modules/@img/sharp-libvips-linux-arm Completed in 44ms
269 timing reifyNode:node_modules/@img/sharp-libvips-darwin-x64 Completed in 44ms
270 timing reifyNode:node_modules/@img/sharp-libvips-darwin-arm64 Completed in 44ms
271 timing reifyNode:node_modules/@img/sharp-darwin-x64 Completed in 44ms
272 timing reifyNode:node_modules/@img/sharp-darwin-arm64 Completed in 45ms
273 timing reifyNode:node_modules/@esbuild/win32-x64 Completed in 44ms
274 timing reifyNode:node_modules/@esbuild/win32-ia32 Completed in 44ms
275 timing reifyNode:node_modules/@esbuild/win32-arm64 Completed in 45ms
276 timing reifyNode:node_modules/@esbuild/sunos-x64 Completed in 45ms
277 timing reifyNode:node_modules/@esbuild/openharmony-arm64 Completed in 45ms
278 timing reifyNode:node_modules/@esbuild/openbsd-x64 Completed in 45ms
279 timing reifyNode:node_modules/@esbuild/openbsd-arm64 Completed in 45ms
280 timing reifyNode:node_modules/@esbuild/netbsd-x64 Completed in 45ms
281 timing reifyNode:node_modules/@esbuild/netbsd-arm64 Completed in 46ms
282 timing reifyNode:node_modules/@esbuild/linux-s390x Completed in 46ms
283 timing reifyNode:node_modules/@esbuild/linux-riscv64 Completed in 46ms
284 timing reifyNode:node_modules/@esbuild/linux-ppc64 Completed in 46ms
285 timing reifyNode:node_modules/@esbuild/linux-mips64el Completed in 46ms
286 timing reifyNode:node_modules/@esbuild/linux-loong64 Completed in 46ms
287 timing reifyNode:node_modules/@esbuild/linux-ia32 Completed in 46ms
288 timing reifyNode:node_modules/@esbuild/linux-arm64 Completed in 46ms
289 timing reifyNode:node_modules/@esbuild/linux-arm Completed in 46ms
290 timing reifyNode:node_modules/@esbuild/freebsd-x64 Completed in 46ms
291 timing reifyNode:node_modules/@esbuild/freebsd-arm64 Completed in 46ms
292 timing reifyNode:node_modules/@esbuild/darwin-x64 Completed in 46ms
293 timing reifyNode:node_modules/@esbuild/darwin-arm64 Completed in 46ms
294 timing reifyNode:node_modules/@esbuild/android-x64 Completed in 46ms
295 timing reifyNode:node_modules/@esbuild/android-arm64 Completed in 46ms
296 timing reifyNode:node_modules/@esbuild/android-arm Completed in 46ms
297 timing reifyNode:node_modules/@esbuild/aix-ppc64 Completed in 46ms
298 silly tarball no local data for cloudflared@https://registry.npmjs.org/cloudflared/-/cloudflared-0.7.1.tgz. Extracting by manifest.
299 timing reifyNode:node_modules/tslib Completed in 129ms
300 timing reifyNode:node_modules/@emnapi/runtime Completed in 137ms
301 http fetch GET 200 https://registry.npmjs.org/cloudflared/-/cloudflared-0.7.1.tgz 137ms (cache miss)
302 timing reifyNode:node_modules/cloudflared Completed in 216ms
303 timing reify:unpack Completed in 218ms
304 timing reify:unretire Completed in 0ms
305 timing build:queue Completed in 6ms
306 timing build:link:node_modules/cloudflared Completed in 6ms
307 timing build:link Completed in 6ms
308 info run cloudflared@0.7.1 postinstall node_modules/cloudflared node scripts/postinstall.mjs && node lib/cloudflared.js bin install latest
309 http fetch POST 200 https://registry.npmjs.org/-/npm/v1/security/advisories/bulk 261ms
310 timing auditReport:getReport Completed in 283ms
311 silly audit report {
311 silly audit report   undici: [
311 silly audit report     {
311 silly audit report       id: 1101610,
311 silly audit report       url: 'https://github.com/advisories/GHSA-c76h-2ccp-4975',
311 silly audit report       title: 'Use of Insufficiently Random Values in undici',
311 silly audit report       severity: 'moderate',
311 silly audit report       vulnerable_versions: '>=4.5.0 <5.28.5',
311 silly audit report       cwe: [Array],
311 silly audit report       cvss: [Object]
311 silly audit report     },
311 silly audit report     {
311 silly audit report       id: 1112496,
311 silly audit report       url: 'https://github.com/advisories/GHSA-g9mf-h72j-4rw9',
311 silly audit report       title: 'Undici has an unbounded decompression chain in HTTP responses on Node.js Fetch API via Content-Encoding leads to resource exhaustion',
311 silly audit report       severity: 'moderate',
311 silly audit report       vulnerable_versions: '<6.23.0',
311 silly audit report       cwe: [Array],
311 silly audit report       cvss: [Object]
311 silly audit report     },
311 silly audit report     {
311 silly audit report       id: 1113069,
311 silly audit report       url: 'https://github.com/advisories/GHSA-cxrh-j4jr-qwg3',
311 silly audit report       title: 'undici Denial of Service attack via bad certificate data',
311 silly audit report       severity: 'low',
311 silly audit report       vulnerable_versions: '<5.29.0',
311 silly audit report       cwe: [Array],
311 silly audit report       cvss: [Object]
311 silly audit report     },
311 silly audit report     {
311 silly audit report       id: 1114594,
311 silly audit report       url: 'https://github.com/advisories/GHSA-2mjp-6q6p-2qxm',
311 silly audit report       title: 'Undici has an HTTP Request/Response Smuggling issue',
311 silly audit report       severity: 'moderate',
311 silly audit report       vulnerable_versions: '<6.24.0',
311 silly audit report       cwe: [Array],
311 silly audit report       cvss: [Object]
311 silly audit report     },
311 silly audit report     {
311 silly audit report       id: 1114638,
311 silly audit report       url: 'https://github.com/advisories/GHSA-vrm6-8vpv-qv8q',
311 silly audit report       title: 'Undici has Unbounded Memory Consumption in WebSocket permessage-deflate Decompression',
311 silly audit report       severity: 'high',
311 silly audit report       vulnerable_versions: '<6.24.0',
311 silly audit report       cwe: [Array],
311 silly audit report       cvss: [Object]
311 silly audit report     },
311 silly audit report     {
311 silly audit report       id: 1114640,
311 silly audit report       url: 'https://github.com/advisories/GHSA-v9p9-hfj2-hcw8',
311 silly audit report       title: 'Undici has Unhandled Exception in WebSocket Client Due to Invalid server_max_window_bits Validation',
311 silly audit report       severity: 'high',
311 silly audit report       vulnerable_versions: '<6.24.0',
311 silly audit report       cwe: [Array],
311 silly audit report       cvss: [Object]
311 silly audit report     },
311 silly audit report     {
311 silly audit report       id: 1114642,
311 silly audit report       url: 'https://github.com/advisories/GHSA-4992-7rv2-5pvq',
311 silly audit report       title: 'Undici has CRLF Injection in undici via `upgrade` option',
311 silly audit report       severity: 'moderate',
311 silly audit report       vulnerable_versions: '<6.24.0',
311 silly audit report       cwe: [Array],
311 silly audit report       cvss: [Object]
311 silly audit report     }
311 silly audit report   ],
311 silly audit report   vite: [
311 silly audit report     {
311 silly audit report       id: 1116230,
311 silly audit report       url: 'https://github.com/advisories/GHSA-4w7w-66w2-5vf9',
311 silly audit report       title: 'Vite Vulnerable to Path Traversal in Optimized Deps `.map` Handling',
311 silly audit report       severity: 'moderate',
311 silly audit report       vulnerable_versions: '>=7.0.0 <=7.3.1',
311 silly audit report       cwe: [Array],
311 silly audit report       cvss: [Object]
311 silly audit report     },
311 silly audit report     {
311 silly audit report       id: 1116232,
311 silly audit report       url: 'https://github.com/advisories/GHSA-v2wj-q39q-566r',
311 silly audit report       title: 'Vite: `server.fs.deny` bypassed with queries',
311 silly audit report       severity: 'high',
311 silly audit report       vulnerable_versions: '>=7.1.0 <=7.3.1',
311 silly audit report       cwe: [Array],
311 silly audit report       cvss: [Object]
311 silly audit report     },
311 silly audit report     {
311 silly audit report       id: 1116235,
311 silly audit report       url: 'https://github.com/advisories/GHSA-p9ff-h696-f583',
311 silly audit report       title: 'Vite Vulnerable to Arbitrary File Read via Vite Dev Server WebSocket',
311 silly audit report       severity: 'high',
311 silly audit report       vulnerable_versions: '>=7.0.0 <=7.3.1',
311 silly audit report       cwe: [Array],
311 silly audit report       cvss: [Object]
311 silly audit report     }
311 silly audit report   ]
311 silly audit report }
312 timing metavuln:cache:get:security-advisory:undici:1/WUXNn7xp8QIxaZBTaUcktiVwkOnmSvwgfb1Rj47N3I6JV0b/fBGrXtK2IlcAMucd6B6lEd6IwB6aXkLT4iiQ== Completed in 14ms
313 timing metavuln:cache:get:security-advisory:undici:b3oQ3g+hj5SMgnSURhB4kIqOkHt2IsYm2a0haI1yHGuf1J25TaGtftXhEW1qa2Mh6Sh8mU/Zkap9kW71veIGgQ== Completed in 17ms
314 timing metavuln:cache:get:security-advisory:undici:nff069lyoAS01AkUxVLcuUFa1E2TkblEu92M6KEf0cwRulH5yOyww8K6p/a/Vl4yVTKHmz/mMmhCbLKSHB2OEA== Completed in 15ms
315 timing metavuln:cache:get:security-advisory:undici:0qrEC5u79wvaP2Gmo/9yw94XveSTFxdKaNrDWBjvjOS8o0Q8K+spDEmI1pdmvaj+ymc+emfXUM8HbqtBcHKfBw== Completed in 15ms
316 timing metavuln:cache:get:security-advisory:undici:C95pXYvPtLw+lt2tMAK2ZwI4cRE9zPAiAhuYhLTSBlt8zW7E6i7+1/t4Dr2HIHPtN20zKskQfrXNb2aJ1cd2aw== Completed in 16ms
317 timing metavuln:cache:get:security-advisory:undici:O5nryYY+vdCnsOyx+t6CGBNa9/eilVLy3OgHgltD32RLanE2XCJuqOsmvrKeWKSkpvP517nC5+VCbcKJtlG/5A== Completed in 15ms
318 timing metavuln:cache:get:security-advisory:undici:hRagIU2z3Dww7TjQZesFJH0iRCwPzbhbtsLTKcdmeEBVqULQQcBfsIlTc1fcVKr3Zu7fjcxZ4DhnOtJmRI5Kww== Completed in 15ms
319 timing metavuln:cache:get:security-advisory:vite:KfZn8yxFghRSACYGvtoE5dS+n7MZ6IoDfxWttMT44/PEQln6urGt1L12TRUqdcGj/tg3v/t/GlXIj0Yl4wYTaQ== Completed in 16ms
320 timing metavuln:cache:get:security-advisory:vite:YKy4GOwNBzYPcn5Xa2ttFRubdc68zM0lpbEYfRzqKP4QtBRYJH9u3PgqUhIzxkCEAaL9OtJYNzj89wT4miRA2A== Completed in 15ms
321 timing metavuln:cache:get:security-advisory:vite:SCO1RRwPelWhJ/uWmFc7/ylctclEgPPJUhE0gRdbA8vEo5CpmXWDHQld5vZGRMty/O49XuvkGICdtbOr7Bggsg== Completed in 15ms
322 http fetch GET 200 https://registry.npmjs.org/undici 34ms (cache hit)
323 timing metavuln:packument:undici Completed in 42ms
324 timing metavuln:load:security-advisory:undici:1101610 Completed in 4ms
325 timing metavuln:calculate:security-advisory:undici:1101610 Completed in 48ms
326 timing metavuln:load:security-advisory:undici:1112496 Completed in 3ms
327 timing metavuln:calculate:security-advisory:undici:1112496 Completed in 48ms
328 timing metavuln:load:security-advisory:undici:1113069 Completed in 3ms
329 timing metavuln:calculate:security-advisory:undici:1113069 Completed in 51ms
330 timing metavuln:load:security-advisory:undici:1114594 Completed in 5ms
331 timing metavuln:calculate:security-advisory:undici:1114594 Completed in 56ms
332 timing metavuln:load:security-advisory:undici:1114638 Completed in 3ms
333 timing metavuln:calculate:security-advisory:undici:1114638 Completed in 59ms
334 timing metavuln:load:security-advisory:undici:1114640 Completed in 2ms
335 timing metavuln:calculate:security-advisory:undici:1114640 Completed in 61ms
336 timing metavuln:load:security-advisory:undici:1114642 Completed in 2ms
337 timing metavuln:calculate:security-advisory:undici:1114642 Completed in 63ms
338 http fetch GET 200 https://registry.npmjs.org/vite 67ms (cache hit)
339 timing metavuln:packument:vite Completed in 100ms
340 timing metavuln:load:security-advisory:vite:1116230 Completed in 11ms
341 timing metavuln:calculate:security-advisory:vite:1116230 Completed in 112ms
342 timing metavuln:load:security-advisory:vite:1116232 Completed in 4ms
343 timing metavuln:calculate:security-advisory:vite:1116232 Completed in 116ms
344 timing metavuln:load:security-advisory:vite:1116235 Completed in 6ms
345 timing metavuln:calculate:security-advisory:vite:1116235 Completed in 122ms
346 timing metavuln:cache:get:security-advisory:@builder.io/qwik-city:zboiqURg8qzo/TMb7C6xQrRZaDi77maGvNcWjBpVFYSo7Fad2mr7k09Jo4XJwVodQK/rX5+SGsqY+/fKxzDXuw== Completed in 8ms
347 http fetch GET 200 https://registry.npmjs.org/@builder.io%2fqwik-city 14ms (cache hit)
348 timing metavuln:packument:@builder.io/qwik-city Completed in 17ms
349 timing metavuln:load:security-advisory:@builder.io/qwik-city:b3oQ3g+hj5SMgnSURhB4kIqOkHt2IsYm2a0haI1yHGuf1J25TaGtftXhEW1qa2Mh6Sh8mU/Zkap9kW71veIGgQ== Completed in 1ms
350 timing metavuln:calculate:security-advisory:@builder.io/qwik-city:b3oQ3g+hj5SMgnSURhB4kIqOkHt2IsYm2a0haI1yHGuf1J25TaGtftXhEW1qa2Mh6Sh8mU/Zkap9kW71veIGgQ== Completed in 20ms
351 timing metavuln:cache:get:security-advisory:@builder.io/qwik:AokBXCCOgBXSl6/Ahg2ZG6P7Og1jnYu2nfMox5h8LSon6PiEy5+BZ98jmVh0cU6zRufbsnSUeowAJrzkHnEb9A== Completed in 45ms
352 timing metavuln:cache:get:security-advisory:@builder.io/qwik-city:3TinLrvU30AuTIFKWrZsR5l7QQmyHaQfafp6j8xnJJRCuqq/VwnFc0jBg+pgazEEdGHfYWF5pEB7adGMroWg2w== Completed in 47ms
353 timing metavuln:load:security-advisory:@builder.io/qwik-city:KfZn8yxFghRSACYGvtoE5dS+n7MZ6IoDfxWttMT44/PEQln6urGt1L12TRUqdcGj/tg3v/t/GlXIj0Yl4wYTaQ== Completed in 1ms
354 timing metavuln:calculate:security-advisory:@builder.io/qwik-city:KfZn8yxFghRSACYGvtoE5dS+n7MZ6IoDfxWttMT44/PEQln6urGt1L12TRUqdcGj/tg3v/t/GlXIj0Yl4wYTaQ== Completed in 50ms
355 timing metavuln:cache:get:security-advisory:vite-tsconfig-paths:98raDu6S9CSY+WnYG0a3ixPD7rCtBzYjFySqlTT3J9sfWtV0XI+UqoW1vQp9wlEIr+rfoDkb89kW4jThhTMGJQ== Completed in 53ms
356 http fetch GET 200 https://registry.npmjs.org/@builder.io%2fqwik 129ms (cache hit)
357 timing metavuln:packument:@builder.io/qwik Completed in 138ms
358 timing metavuln:load:security-advisory:@builder.io/qwik:KfZn8yxFghRSACYGvtoE5dS+n7MZ6IoDfxWttMT44/PEQln6urGt1L12TRUqdcGj/tg3v/t/GlXIj0Yl4wYTaQ== Completed in 3ms
359 timing metavuln:calculate:security-advisory:@builder.io/qwik:KfZn8yxFghRSACYGvtoE5dS+n7MZ6IoDfxWttMT44/PEQln6urGt1L12TRUqdcGj/tg3v/t/GlXIj0Yl4wYTaQ== Completed in 143ms
360 http fetch GET 200 https://registry.npmjs.org/vite-tsconfig-paths 141ms (cache hit)
361 timing metavuln:packument:vite-tsconfig-paths Completed in 144ms
362 timing metavuln:load:security-advisory:vite-tsconfig-paths:KfZn8yxFghRSACYGvtoE5dS+n7MZ6IoDfxWttMT44/PEQln6urGt1L12TRUqdcGj/tg3v/t/GlXIj0Yl4wYTaQ== Completed in 2ms
363 timing metavuln:calculate:security-advisory:vite-tsconfig-paths:KfZn8yxFghRSACYGvtoE5dS+n7MZ6IoDfxWttMT44/PEQln6urGt1L12TRUqdcGj/tg3v/t/GlXIj0Yl4wYTaQ== Completed in 146ms
364 timing auditReport:init Completed in 298ms
365 timing reify:audit Completed in 586ms
366 info run cloudflared@0.7.1 postinstall { code: 0, signal: null }
367 timing build:run:postinstall:node_modules/cloudflared Completed in 3539ms
368 timing build:run:postinstall Completed in 3541ms
369 timing build:deps Completed in 3554ms
370 timing build Completed in 3555ms
371 timing reify:build Completed in 3556ms
372 timing reify:trash Completed in 27ms
373 timing reify:save Completed in 497ms
374 timing reify Completed in 6236ms
375 silly ADD node_modules/cloudflared
376 silly ADD
377 silly ADD
378 silly ADD
379 silly ADD
380 silly ADD
381 silly ADD
382 silly ADD
383 silly ADD
384 silly ADD
385 silly ADD
386 silly ADD
387 silly ADD
388 silly ADD
389 silly ADD
390 silly ADD
391 silly ADD
392 silly ADD
393 silly ADD
394 silly ADD
395 silly ADD
396 silly ADD
397 silly ADD
398 silly ADD
399 silly ADD
400 silly ADD
401 silly ADD
402 silly ADD
403 silly ADD
404 silly ADD
405 silly ADD
406 silly ADD
407 silly ADD
408 silly ADD
409 silly ADD
410 silly ADD
411 silly ADD
412 silly ADD
413 silly ADD
414 silly ADD
415 silly ADD
416 silly ADD
417 silly ADD
418 silly ADD
419 silly ADD
420 silly ADD
421 silly ADD
422 silly ADD
423 silly ADD
424 silly ADD
425 silly ADD
426 silly ADD
427 silly ADD
428 silly ADD
429 silly ADD
430 silly ADD
431 silly ADD
432 silly ADD
433 silly ADD
434 silly ADD
435 silly ADD
436 silly ADD
437 silly ADD
438 silly ADD
439 silly ADD
440 silly ADD
441 silly ADD
442 silly ADD
443 silly ADD
444 silly ADD
445 silly ADD
446 silly ADD
447 silly ADD
448 silly ADD
449 silly ADD
450 silly ADD
451 silly ADD
452 silly ADD
453 silly ADD
454 silly ADD
455 silly ADD
456 silly ADD
457 silly ADD
458 timing command:install Completed in 6286ms
459 verbose exit 0
460 timing npm Completed in 6362ms
461 info ok
