0 verbose cli /usr/bin/node /usr/share/nodejs/npm/bin/npm-cli.js
1 info using npm@9.2.0
2 info using node@v20.19.2
3 timing npm:load:whichnode Completed in 0ms
4 timing config:load:defaults Completed in 3ms
5 timing config:load:file:/usr/share/nodejs/npm/npmrc Completed in 12ms
6 timing config:load:builtin Completed in 12ms
7 timing config:load:cli Completed in 3ms
8 timing config:load:env Completed in 0ms
9 timing config:load:file:/opt/hermes/simple-qwik-app/.npmrc Completed in 1ms
10 timing config:load:project Completed in 14ms
11 timing config:load:file:/opt/data/home/.npmrc Completed in 1ms
12 timing config:load:user Completed in 1ms
13 timing config:load:file:/etc/npmrc Completed in 0ms
14 timing config:load:global Completed in 0ms
15 timing config:load:setEnvs Completed in 1ms
16 timing config:load Completed in 35ms
17 timing npm:load:configload Completed in 36ms
18 timing npm:load:mkdirpcache Completed in 1ms
19 timing npm:load:mkdirplogs Completed in 1ms
20 verbose title npm exec tailwindcss init -p
21 verbose argv "exec" "--" "tailwindcss" "init" "-p"
22 timing npm:load:setTitle Completed in 1ms
23 timing config:load:flatten Completed in 4ms
24 timing npm:load:display Completed in 6ms
25 verbose logfile logs-max:10 dir:/opt/data/home/.npm/_logs/2026-04-20T00_47_19_161Z-
26 verbose logfile /opt/data/home/.npm/_logs/2026-04-20T00_47_19_161Z-debug-0.log
27 timing npm:load:logFile Completed in 12ms
28 timing npm:load:timers Completed in 0ms
29 timing npm:load:configScope Completed in 0ms
30 timing npm:load Completed in 60ms
31 silly logfile start cleaning logs, removing 1 files
32 timing config:load:flatten Completed in 0ms
33 silly logfile done cleaning log files
34 timing arborist:ctor Completed in 2ms
35 timing arborist:ctor Completed in 0ms
36 timing command:exec Completed in 896ms
37 verbose stack Error: could not determine executable to run
37 verbose stack     at getBinFromManifest (/usr/share/nodejs/libnpmexec/lib/get-bin-from-manifest.js:17:23)
37 verbose stack     at exec (/usr/share/nodejs/libnpmexec/lib/index.js:187:15)
37 verbose stack     at async module.exports (/usr/share/nodejs/npm/lib/cli.js:133:5)
38 verbose pkgid tailwindcss@4.2.2
39 verbose cwd /opt/hermes/simple-qwik-app
40 verbose Linux 6.8.0-100-generic
41 verbose node v20.19.2
42 verbose npm  v9.2.0
43 error could not determine executable to run
44 verbose exit 1
45 timing npm Completed in 993ms
46 verbose code 1
47 error A complete log of this run can be found in:
47 error     /opt/data/home/.npm/_logs/2026-04-20T00_47_19_161Z-debug-0.log
