0 verbose cli /usr/bin/node /usr/bin/npm
1 info using npm@9.2.0
2 info using node@v20.19.2
3 timing npm:load:whichnode Completed in 1ms
4 timing config:load:defaults Completed in 2ms
5 timing config:load:file:/usr/share/nodejs/npm/npmrc Completed in 7ms
6 timing config:load:builtin Completed in 8ms
7 timing config:load:cli Completed in 17ms
8 timing config:load:env Completed in 0ms
9 timing config:load:file:/opt/hermes/simple-qwik-app/.npmrc Completed in 1ms
10 timing config:load:project Completed in 10ms
11 timing config:load:file:/opt/data/home/.npmrc Completed in 1ms
12 timing config:load:user Completed in 1ms
13 timing config:load:file:/etc/npmrc Completed in 0ms
14 timing config:load:global Completed in 0ms
15 timing config:load:setEnvs Completed in 1ms
16 timing config:load Completed in 42ms
17 timing npm:load:configload Completed in 42ms
18 timing npm:load:mkdirpcache Completed in 4ms
19 timing npm:load:mkdirplogs Completed in 1ms
20 verbose title npm install @tailwindcss/vite
21 verbose argv "install" "--save-dev" "@tailwindcss/vite"
22 timing npm:load:setTitle Completed in 2ms
23 timing config:load:flatten Completed in 6ms
24 timing npm:load:display Completed in 7ms
25 verbose logfile logs-max:10 dir:/opt/data/home/.npm/_logs/2026-04-20T00_48_11_982Z-
26 verbose logfile /opt/data/home/.npm/_logs/2026-04-20T00_48_11_982Z-debug-0.log
27 timing npm:load:logFile Completed in 13ms
28 timing npm:load:timers Completed in 0ms
29 timing npm:load:configScope Completed in 0ms
30 timing npm:load Completed in 71ms
31 silly logfile start cleaning logs, removing 1 files
32 timing config:load:flatten Completed in 1ms
33 timing arborist:ctor Completed in 2ms
34 silly logfile done cleaning log files
35 timing idealTree:init Completed in 976ms
36 timing idealTree:userRequests Completed in 12ms
37 silly idealTree buildDeps
38 silly fetch manifest @tailwindcss/vite@*
39 timing arborist:ctor Completed in 0ms
40 http fetch GET 200 https://registry.npmjs.org/@tailwindcss%2fvite 971ms (cache miss)
41 silly fetch manifest vite@7.3.1
42 http fetch GET 200 https://registry.npmjs.org/vite 34ms (cache hit)
43 silly fetch manifest @types/node@20.19.0
44 http fetch GET 200 https://registry.npmjs.org/@types%2fnode 145ms (cache revalidated)
45 silly fetch manifest jiti@>=1.21.0
46 http fetch GET 200 https://registry.npmjs.org/jiti 49ms (cache revalidated)
47 silly fetch manifest less@^4.0.0
48 http fetch GET 200 https://registry.npmjs.org/less 45ms (cache revalidated)
49 silly fetch manifest lightningcss@^1.21.0
50 http fetch GET 200 https://registry.npmjs.org/lightningcss 40ms (cache revalidated)
51 silly fetch manifest sass@^1.70.0
52 http fetch GET 200 https://registry.npmjs.org/sass 50ms (cache revalidated)
53 silly fetch manifest sass-embedded@^1.70.0
54 http fetch GET 200 https://registry.npmjs.org/sass-embedded 62ms (cache revalidated)
55 silly fetch manifest stylus@>=0.54.8
56 http fetch GET 200 https://registry.npmjs.org/stylus 50ms (cache revalidated)
57 silly fetch manifest sugarss@^5.0.0
58 http fetch GET 200 https://registry.npmjs.org/sugarss 63ms (cache revalidated)
59 silly fetch manifest postcss@^8.5.10
60 http fetch GET 200 https://registry.npmjs.org/postcss 26ms (cache hit)
61 silly fetch manifest terser@^5.16.0
62 http fetch GET 200 https://registry.npmjs.org/terser 53ms (cache revalidated)
63 silly fetch manifest tsx@^4.8.1
64 http fetch GET 200 https://registry.npmjs.org/tsx 50ms (cache revalidated)
65 silly fetch manifest yaml@^2.4.2
66 http fetch GET 200 https://registry.npmjs.org/yaml 53ms (cache revalidated)
67 silly placeDep ROOT @tailwindcss/vite@4.2.2 OK for:  want: *
68 silly fetch manifest @tailwindcss/node@4.2.2
69 silly fetch manifest @tailwindcss/oxide@4.2.2
70 http fetch GET 200 https://registry.npmjs.org/@tailwindcss%2fnode 138ms (cache miss)
71 http fetch GET 200 https://registry.npmjs.org/@tailwindcss%2foxide 279ms (cache miss)
72 timing idealTree:#root Completed in 2155ms
73 silly placeDep ROOT @tailwindcss/node@4.2.2 OK for: @tailwindcss/vite@4.2.2 want: 4.2.2
74 silly placeDep ROOT @tailwindcss/oxide@4.2.2 OK for: @tailwindcss/vite@4.2.2 want: 4.2.2
75 silly fetch manifest jiti@^2.6.1
76 silly fetch manifest lightningcss@1.32.0
77 silly fetch manifest magic-string@^0.30.21
78 silly fetch manifest enhanced-resolve@^5.19.0
79 silly fetch manifest @jridgewell/remapping@^2.3.5
80 silly fetch manifest @tailwindcss/oxide-darwin-x64@4.2.2
81 silly fetch manifest @tailwindcss/oxide-freebsd-x64@4.2.2
82 silly fetch manifest @tailwindcss/oxide-wasm32-wasi@4.2.2
83 silly fetch manifest @tailwindcss/oxide-darwin-arm64@4.2.2
84 silly fetch manifest @tailwindcss/oxide-android-arm64@4.2.2
85 silly fetch manifest @tailwindcss/oxide-linux-x64-gnu@4.2.2
86 silly fetch manifest @tailwindcss/oxide-linux-x64-musl@4.2.2
87 silly fetch manifest @tailwindcss/oxide-win32-x64-msvc@4.2.2
88 silly fetch manifest @tailwindcss/oxide-linux-arm64-gnu@4.2.2
89 silly fetch manifest @tailwindcss/oxide-linux-arm64-musl@4.2.2
90 silly fetch manifest @tailwindcss/oxide-win32-arm64-msvc@4.2.2
91 silly fetch manifest @tailwindcss/oxide-linux-arm-gnueabihf@4.2.2
92 http fetch GET 200 https://registry.npmjs.org/magic-string 217ms (cache miss)
93 http fetch GET 200 https://registry.npmjs.org/@jridgewell%2fremapping 430ms (cache miss)
94 http fetch GET 200 https://registry.npmjs.org/enhanced-resolve 508ms (cache miss)
95 http fetch GET 200 https://registry.npmjs.org/@tailwindcss%2foxide-darwin-x64 611ms (cache miss)
96 http fetch GET 200 https://registry.npmjs.org/@tailwindcss%2foxide-android-arm64 682ms (cache miss)
97 http fetch GET 200 https://registry.npmjs.org/@tailwindcss%2foxide-win32-arm64-msvc 684ms (cache miss)
98 http fetch GET 200 https://registry.npmjs.org/@tailwindcss%2foxide-linux-x64-gnu 764ms (cache miss)
99 http fetch GET 200 https://registry.npmjs.org/@tailwindcss%2foxide-linux-arm64-gnu 773ms (cache miss)
100 http fetch GET 200 https://registry.npmjs.org/@tailwindcss%2foxide-darwin-arm64 798ms (cache miss)
101 http fetch GET 200 https://registry.npmjs.org/@tailwindcss%2foxide-linux-arm-gnueabihf 781ms (cache miss)
102 http fetch GET 200 https://registry.npmjs.org/@tailwindcss%2foxide-win32-x64-msvc 822ms (cache miss)
103 http fetch GET 200 https://registry.npmjs.org/@tailwindcss%2foxide-linux-arm64-musl 833ms (cache miss)
104 http fetch GET 200 https://registry.npmjs.org/@tailwindcss%2foxide-linux-x64-musl 882ms (cache miss)
105 http fetch GET 200 https://registry.npmjs.org/@tailwindcss%2foxide-freebsd-x64 905ms (cache miss)
106 http fetch GET 200 https://registry.npmjs.org/@tailwindcss%2foxide-wasm32-wasi 1183ms (cache miss)
107 timing idealTree:node_modules/@tailwindcss/vite Completed in 1210ms
108 silly placeDep ROOT @jridgewell/remapping@2.3.5 OK for: @tailwindcss/node@4.2.2 want: ^2.3.5
109 silly placeDep ROOT enhanced-resolve@5.20.1 OK for: @tailwindcss/node@4.2.2 want: ^5.19.0
110 silly placeDep ROOT jiti@2.6.1 OK for: @tailwindcss/node@4.2.2 want: ^2.6.1
111 silly placeDep ROOT lightningcss@1.32.0 OK for: @tailwindcss/node@4.2.2 want: 1.32.0
112 silly placeDep ROOT magic-string@0.30.21 OK for: @tailwindcss/node@4.2.2 want: ^0.30.21
113 silly fetch manifest @jridgewell/gen-mapping@^0.3.5
114 silly fetch manifest @jridgewell/trace-mapping@^0.3.24
115 silly fetch manifest tapable@^2.3.0
116 silly fetch manifest lightningcss-darwin-x64@1.32.0
117 silly fetch manifest lightningcss-linux-x64-gnu@1.32.0
118 silly fetch manifest lightningcss-win32-x64-msvc@1.32.0
119 silly fetch manifest lightningcss-win32-arm64-msvc@1.32.0
120 silly fetch manifest lightningcss-darwin-arm64@1.32.0
121 silly fetch manifest lightningcss-linux-arm64-gnu@1.32.0
122 silly fetch manifest lightningcss-linux-arm-gnueabihf@1.32.0
123 silly fetch manifest lightningcss-linux-arm64-musl@1.32.0
124 silly fetch manifest lightningcss-linux-x64-musl@1.32.0
125 silly fetch manifest lightningcss-freebsd-x64@1.32.0
126 silly fetch manifest lightningcss-android-arm64@1.32.0
127 silly fetch manifest @jridgewell/sourcemap-codec@^1.5.5
128 http fetch GET 200 https://registry.npmjs.org/lightningcss-android-arm64 148ms (cache miss)
129 http fetch GET 200 https://registry.npmjs.org/lightningcss-win32-arm64-msvc 157ms (cache miss)
130 http fetch GET 200 https://registry.npmjs.org/lightningcss-freebsd-x64 169ms (cache miss)
131 http fetch GET 200 https://registry.npmjs.org/tapable 181ms (cache miss)
132 http fetch GET 200 https://registry.npmjs.org/lightningcss-linux-arm64-gnu 178ms (cache miss)
133 http fetch GET 200 https://registry.npmjs.org/lightningcss-linux-x64-gnu 184ms (cache miss)
134 http fetch GET 200 https://registry.npmjs.org/lightningcss-linux-arm-gnueabihf 184ms (cache miss)
135 http fetch GET 200 https://registry.npmjs.org/lightningcss-linux-arm64-musl 185ms (cache miss)
136 http fetch GET 200 https://registry.npmjs.org/@jridgewell%2fsourcemap-codec 182ms (cache miss)
137 http fetch GET 200 https://registry.npmjs.org/lightningcss-linux-x64-musl 191ms (cache miss)
138 http fetch GET 200 https://registry.npmjs.org/@jridgewell%2fgen-mapping 209ms (cache miss)
139 http fetch GET 200 https://registry.npmjs.org/lightningcss-darwin-x64 208ms (cache miss)
140 http fetch GET 200 https://registry.npmjs.org/lightningcss-win32-x64-msvc 208ms (cache miss)
141 http fetch GET 200 https://registry.npmjs.org/@jridgewell%2ftrace-mapping 215ms (cache miss)
142 http fetch GET 200 https://registry.npmjs.org/lightningcss-darwin-arm64 217ms (cache miss)
143 timing idealTree:node_modules/@tailwindcss/node Completed in 255ms
144 silly placeDep ROOT @jridgewell/gen-mapping@0.3.13 OK for: @jridgewell/remapping@2.3.5 want: ^0.3.5
145 silly placeDep ROOT @jridgewell/trace-mapping@0.3.31 OK for: @jridgewell/remapping@2.3.5 want: ^0.3.24
146 silly fetch manifest @jridgewell/sourcemap-codec@^1.5.0
147 silly fetch manifest @jridgewell/resolve-uri@^3.1.0
148 silly fetch manifest @jridgewell/sourcemap-codec@^1.4.14
149 http fetch GET 200 https://registry.npmjs.org/@jridgewell%2fresolve-uri 55ms (cache miss)
150 timing idealTree:node_modules/@jridgewell/remapping Completed in 68ms
151 silly placeDep ROOT @jridgewell/sourcemap-codec@1.5.5 OK for: @jridgewell/gen-mapping@0.3.13 want: ^1.5.0
152 timing idealTree:node_modules/@jridgewell/gen-mapping Completed in 6ms
153 timing idealTree:node_modules/@jridgewell/sourcemap-codec Completed in 0ms
154 silly placeDep ROOT @jridgewell/resolve-uri@3.1.2 OK for: @jridgewell/trace-mapping@0.3.31 want: ^3.1.0
155 timing idealTree:node_modules/@jridgewell/trace-mapping Completed in 4ms
156 timing idealTree:node_modules/@jridgewell/resolve-uri Completed in 0ms
157 silly placeDep ROOT @tailwindcss/oxide-android-arm64@4.2.2 OK for: @tailwindcss/oxide@4.2.2 want: 4.2.2
158 silly placeDep ROOT @tailwindcss/oxide-darwin-arm64@4.2.2 OK for: @tailwindcss/oxide@4.2.2 want: 4.2.2
159 silly placeDep ROOT @tailwindcss/oxide-darwin-x64@4.2.2 OK for: @tailwindcss/oxide@4.2.2 want: 4.2.2
160 silly placeDep ROOT @tailwindcss/oxide-freebsd-x64@4.2.2 OK for: @tailwindcss/oxide@4.2.2 want: 4.2.2
161 silly placeDep ROOT @tailwindcss/oxide-linux-arm-gnueabihf@4.2.2 OK for: @tailwindcss/oxide@4.2.2 want: 4.2.2
162 silly placeDep ROOT @tailwindcss/oxide-linux-arm64-gnu@4.2.2 OK for: @tailwindcss/oxide@4.2.2 want: 4.2.2
163 silly placeDep ROOT @tailwindcss/oxide-linux-arm64-musl@4.2.2 OK for: @tailwindcss/oxide@4.2.2 want: 4.2.2
164 silly placeDep ROOT @tailwindcss/oxide-linux-x64-gnu@4.2.2 OK for: @tailwindcss/oxide@4.2.2 want: 4.2.2
165 silly placeDep ROOT @tailwindcss/oxide-linux-x64-musl@4.2.2 OK for: @tailwindcss/oxide@4.2.2 want: 4.2.2
166 silly placeDep ROOT @tailwindcss/oxide-wasm32-wasi@4.2.2 OK for: @tailwindcss/oxide@4.2.2 want: 4.2.2
167 silly placeDep ROOT @tailwindcss/oxide-win32-arm64-msvc@4.2.2 OK for: @tailwindcss/oxide@4.2.2 want: 4.2.2
168 silly placeDep ROOT @tailwindcss/oxide-win32-x64-msvc@4.2.2 OK for: @tailwindcss/oxide@4.2.2 want: 4.2.2
169 timing idealTree:node_modules/@tailwindcss/oxide Completed in 34ms
170 timing idealTree:node_modules/@tailwindcss/oxide-android-arm64 Completed in 0ms
171 timing idealTree:node_modules/@tailwindcss/oxide-darwin-arm64 Completed in 0ms
172 timing idealTree:node_modules/@tailwindcss/oxide-darwin-x64 Completed in 0ms
173 timing idealTree:node_modules/@tailwindcss/oxide-freebsd-x64 Completed in 0ms
174 timing idealTree:node_modules/@tailwindcss/oxide-linux-arm-gnueabihf Completed in 0ms
175 timing idealTree:node_modules/@tailwindcss/oxide-linux-arm64-gnu Completed in 0ms
176 timing idealTree:node_modules/@tailwindcss/oxide-linux-arm64-musl Completed in 0ms
177 timing idealTree:node_modules/@tailwindcss/oxide-linux-x64-gnu Completed in 0ms
178 timing idealTree:node_modules/@tailwindcss/oxide-linux-x64-musl Completed in 0ms
179 timing idealTree:node_modules/@tailwindcss/oxide-wasm32-wasi Completed in 0ms
180 timing idealTree:node_modules/@tailwindcss/oxide-win32-arm64-msvc Completed in 0ms
181 timing idealTree:node_modules/@tailwindcss/oxide-win32-x64-msvc Completed in 0ms
182 silly placeDep ROOT tapable@2.3.2 OK for: enhanced-resolve@5.20.1 want: ^2.3.0
183 timing idealTree:node_modules/enhanced-resolve Completed in 2ms
184 timing idealTree:node_modules/jiti Completed in 0ms
185 silly placeDep ROOT lightningcss-android-arm64@1.32.0 OK for: lightningcss@1.32.0 want: 1.32.0
186 silly placeDep ROOT lightningcss-darwin-arm64@1.32.0 OK for: lightningcss@1.32.0 want: 1.32.0
187 silly placeDep ROOT lightningcss-darwin-x64@1.32.0 OK for: lightningcss@1.32.0 want: 1.32.0
188 silly placeDep ROOT lightningcss-freebsd-x64@1.32.0 OK for: lightningcss@1.32.0 want: 1.32.0
189 silly placeDep ROOT lightningcss-linux-arm-gnueabihf@1.32.0 OK for: lightningcss@1.32.0 want: 1.32.0
190 silly placeDep ROOT lightningcss-linux-arm64-gnu@1.32.0 OK for: lightningcss@1.32.0 want: 1.32.0
191 silly placeDep ROOT lightningcss-linux-arm64-musl@1.32.0 OK for: lightningcss@1.32.0 want: 1.32.0
192 silly placeDep ROOT lightningcss-linux-x64-gnu@1.32.0 OK for: lightningcss@1.32.0 want: 1.32.0
193 silly placeDep ROOT lightningcss-linux-x64-musl@1.32.0 OK for: lightningcss@1.32.0 want: 1.32.0
194 silly placeDep ROOT lightningcss-win32-arm64-msvc@1.32.0 OK for: lightningcss@1.32.0 want: 1.32.0
195 silly placeDep ROOT lightningcss-win32-x64-msvc@1.32.0 OK for: lightningcss@1.32.0 want: 1.32.0
196 timing idealTree:node_modules/lightningcss Completed in 37ms
197 timing idealTree:node_modules/lightningcss-android-arm64 Completed in 0ms
198 timing idealTree:node_modules/lightningcss-darwin-arm64 Completed in 0ms
199 timing idealTree:node_modules/lightningcss-darwin-x64 Completed in 0ms
200 timing idealTree:node_modules/lightningcss-freebsd-x64 Completed in 0ms
201 timing idealTree:node_modules/lightningcss-linux-arm-gnueabihf Completed in 0ms
202 timing idealTree:node_modules/lightningcss-linux-arm64-gnu Completed in 0ms
203 timing idealTree:node_modules/lightningcss-linux-arm64-musl Completed in 0ms
204 timing idealTree:node_modules/lightningcss-linux-x64-gnu Completed in 0ms
205 timing idealTree:node_modules/lightningcss-linux-x64-musl Completed in 0ms
206 timing idealTree:node_modules/lightningcss-win32-arm64-msvc Completed in 0ms
207 timing idealTree:node_modules/lightningcss-win32-x64-msvc Completed in 0ms
208 timing idealTree:node_modules/magic-string Completed in 0ms
209 timing idealTree:node_modules/tapable Completed in 0ms
210 timing idealTree:buildDeps Completed in 3778ms
211 timing idealTree:fixDepFlags Completed in 8ms
212 timing idealTree Completed in 4788ms
213 timing reify:loadTrees Completed in 4792ms
214 timing reify:diffTrees Completed in 29ms
215 silly reify moves {}
216 timing reify:retireShallow Completed in 3ms
217 timing reify:createSparse Completed in 21ms
218 verbose reify failed optional dependency /opt/hermes/simple-qwik-app/node_modules/@tailwindcss/oxide-wasm32-wasi
219 silly reify mark deleted [
219 silly reify   '/opt/hermes/simple-qwik-app/node_modules/@tailwindcss/oxide-wasm32-wasi'
219 silly reify ]
220 timing reifyNode:node_modules/@tailwindcss/oxide-wasm32-wasi Completed in 7ms
221 timing arborist:ctor Completed in 0ms
222 timing reify:diffTrees Completed in 13ms
223 timing reify:loadBundles Completed in 31ms
224 silly audit bulk request {
224 silly audit   '@adobe/css-tools': [ '4.3.3' ],
224 silly audit   '@builder.io/qwik': [ '1.19.2' ],
224 silly audit   '@builder.io/qwik-city': [ '1.19.2' ],
224 silly audit   '@emnapi/runtime': [ '1.10.0' ],
224 silly audit   '@esbuild/aix-ppc64': [ '0.27.7' ],
224 silly audit   '@esbuild/android-arm': [ '0.27.7' ],
224 silly audit   '@esbuild/android-arm64': [ '0.27.7' ],
224 silly audit   '@esbuild/android-x64': [ '0.27.7' ],
224 silly audit   '@esbuild/darwin-arm64': [ '0.27.7' ],
224 silly audit   '@esbuild/darwin-x64': [ '0.27.7' ],
224 silly audit   '@esbuild/freebsd-arm64': [ '0.27.7' ],
224 silly audit   '@esbuild/freebsd-x64': [ '0.27.7' ],
224 silly audit   '@esbuild/linux-arm': [ '0.27.7' ],
224 silly audit   '@esbuild/linux-arm64': [ '0.27.7' ],
224 silly audit   '@esbuild/linux-ia32': [ '0.27.7' ],
224 silly audit   '@esbuild/linux-loong64': [ '0.27.7' ],
224 silly audit   '@esbuild/linux-mips64el': [ '0.27.7' ],
224 silly audit   '@esbuild/linux-ppc64': [ '0.27.7' ],
224 silly audit   '@esbuild/linux-riscv64': [ '0.27.7' ],
224 silly audit   '@esbuild/linux-s390x': [ '0.27.7' ],
224 silly audit   '@esbuild/linux-x64': [ '0.27.7' ],
224 silly audit   '@esbuild/netbsd-arm64': [ '0.27.7' ],
224 silly audit   '@esbuild/netbsd-x64': [ '0.27.7' ],
224 silly audit   '@esbuild/openbsd-arm64': [ '0.27.7' ],
224 silly audit   '@esbuild/openbsd-x64': [ '0.27.7' ],
224 silly audit   '@esbuild/openharmony-arm64': [ '0.27.7' ],
224 silly audit   '@esbuild/sunos-x64': [ '0.27.7' ],
224 silly audit   '@esbuild/win32-arm64': [ '0.27.7' ],
224 silly audit   '@esbuild/win32-ia32': [ '0.27.7' ],
224 silly audit   '@esbuild/win32-x64': [ '0.27.7' ],
224 silly audit   '@eslint-community/eslint-utils': [ '4.9.1' ],
224 silly audit   'eslint-visitor-keys': [ '3.4.3', '5.0.1', '4.2.1' ],
224 silly audit   '@eslint-community/regexpp': [ '4.12.2' ],
224 silly audit   '@eslint/config-array': [ '0.21.2' ],
224 silly audit   '@eslint/config-helpers': [ '0.3.1' ],
224 silly audit   '@eslint/core': [ '0.15.2' ],
224 silly audit   '@eslint/eslintrc': [ '3.3.5' ],
224 silly audit   globals: [ '14.0.0', '16.4.0' ],
224 silly audit   '@eslint/js': [ '9.39.4', '9.32.0' ],
224 silly audit   '@eslint/object-schema': [ '2.1.7' ],
224 silly audit   '@eslint/plugin-kit': [ '0.3.5' ],
224 silly audit   '@fastify/busboy': [ '2.1.1' ],
224 silly audit   '@humanfs/core': [ '0.19.2' ],
224 silly audit   '@humanfs/node': [ '0.16.8' ],
224 silly audit   '@humanfs/types': [ '0.15.0' ],
224 silly audit   '@humanwhocodes/module-importer': [ '1.0.1' ],
224 silly audit   '@humanwhocodes/retry': [ '0.4.3' ],
224 silly audit   '@img/colour': [ '1.1.0' ],
224 silly audit   '@img/sharp-darwin-arm64': [ '0.34.5' ],
224 silly audit   '@img/sharp-darwin-x64': [ '0.34.5' ],
224 silly audit   '@img/sharp-libvips-darwin-arm64': [ '1.2.4' ],
224 silly audit   '@img/sharp-libvips-darwin-x64': [ '1.2.4' ],
224 silly audit   '@img/sharp-libvips-linux-arm': [ '1.2.4' ],
224 silly audit   '@img/sharp-libvips-linux-arm64': [ '1.2.4' ],
224 silly audit   '@img/sharp-libvips-linux-ppc64': [ '1.2.4' ],
224 silly audit   '@img/sharp-libvips-linux-riscv64': [ '1.2.4' ],
224 silly audit   '@img/sharp-libvips-linux-s390x': [ '1.2.4' ],
224 silly audit   '@img/sharp-libvips-linux-x64': [ '1.2.4' ],
224 silly audit   '@img/sharp-libvips-linuxmusl-arm64': [ '1.2.4' ],
224 silly audit   '@img/sharp-libvips-linuxmusl-x64': [ '1.2.4' ],
224 silly audit   '@img/sharp-linux-arm': [ '0.34.5' ],
224 silly audit   '@img/sharp-linux-arm64': [ '0.34.5' ],
224 silly audit   '@img/sharp-linux-ppc64': [ '0.34.5' ],
224 silly audit   '@img/sharp-linux-riscv64': [ '0.34.5' ],
224 silly audit   '@img/sharp-linux-s390x': [ '0.34.5' ],
224 silly audit   '@img/sharp-linux-x64': [ '0.34.5' ],
224 silly audit   '@img/sharp-linuxmusl-arm64': [ '0.34.5' ],
224 silly audit   '@img/sharp-linuxmusl-x64': [ '0.34.5' ],
224 silly audit   '@img/sharp-wasm32': [ '0.34.5' ],
224 silly audit   '@img/sharp-win32-arm64': [ '0.34.5' ],
224 silly audit   '@img/sharp-win32-ia32': [ '0.34.5' ],
224 silly audit   '@img/sharp-win32-x64': [ '0.34.5' ],
224 silly audit   '@mdx-js/mdx': [ '3.1.1' ],
224 silly audit   '@nodelib/fs.scandir': [ '2.1.5' ],
224 silly audit   '@nodelib/fs.stat': [ '2.0.5' ],
224 silly audit   '@nodelib/fs.walk': [ '1.2.8' ],
224 silly audit   '@parcel/watcher': [ '2.5.6' ],
224 silly audit   '@parcel/watcher-android-arm64': [ '2.5.6' ],
224 silly audit   '@parcel/watcher-darwin-arm64': [ '2.5.6' ],
224 silly audit   '@parcel/watcher-darwin-x64': [ '2.5.6' ],
224 silly audit   '@parcel/watcher-freebsd-x64': [ '2.5.6' ],
224 silly audit   '@parcel/watcher-linux-arm-glibc': [ '2.5.6' ],
224 silly audit   '@parcel/watcher-linux-arm-musl': [ '2.5.6' ],
224 silly audit   '@parcel/watcher-linux-arm64-glibc': [ '2.5.6' ],
224 silly audit   '@parcel/watcher-linux-arm64-musl': [ '2.5.6' ],
224 silly audit   '@parcel/watcher-linux-x64-glibc': [ '2.5.6' ],
224 silly audit   '@parcel/watcher-linux-x64-musl': [ '2.5.6' ],
224 silly audit   '@parcel/watcher-win32-arm64': [ '2.5.6' ],
224 silly audit   '@parcel/watcher-win32-ia32': [ '2.5.6' ],
224 silly audit   '@parcel/watcher-win32-x64': [ '2.5.6' ],
224 silly audit   '@rollup/pluginutils': [ '5.3.0' ],
224 silly audit   'estree-walker': [ '2.0.2', '3.0.3' ],
224 silly audit   '@rollup/rollup-android-arm-eabi': [ '4.60.2' ],
224 silly audit   '@rollup/rollup-android-arm64': [ '4.60.2' ],
224 silly audit   '@rollup/rollup-darwin-arm64': [ '4.60.2' ],
224 silly audit   '@rollup/rollup-darwin-x64': [ '4.60.2' ],
224 silly audit   '@rollup/rollup-freebsd-arm64': [ '4.60.2' ],
224 silly audit   '@rollup/rollup-freebsd-x64': [ '4.60.2' ],
224 silly audit   '@rollup/rollup-linux-arm-gnueabihf': [ '4.60.2' ],
224 silly audit   '@rollup/rollup-linux-arm-musleabihf': [ '4.60.2' ],
224 silly audit   '@rollup/rollup-linux-arm64-gnu': [ '4.60.2' ],
224 silly audit   '@rollup/rollup-linux-arm64-musl': [ '4.60.2' ],
224 silly audit   '@rollup/rollup-linux-loong64-gnu': [ '4.60.2' ],
224 silly audit   '@rollup/rollup-linux-loong64-musl': [ '4.60.2' ],
224 silly audit   '@rollup/rollup-linux-ppc64-gnu': [ '4.60.2' ],
224 silly audit   '@rollup/rollup-linux-ppc64-musl': [ '4.60.2' ],
224 silly audit   '@rollup/rollup-linux-riscv64-gnu': [ '4.60.2' ],
224 silly audit   '@rollup/rollup-linux-riscv64-musl': [ '4.60.2' ],
224 silly audit   '@rollup/rollup-linux-s390x-gnu': [ '4.60.2' ],
224 silly audit   '@rollup/rollup-linux-x64-gnu': [ '4.60.2' ],
224 silly audit   '@rollup/rollup-linux-x64-musl': [ '4.60.2' ],
224 silly audit   '@rollup/rollup-openbsd-x64': [ '4.60.2' ],
224 silly audit   '@rollup/rollup-openharmony-arm64': [ '4.60.2' ],
224 silly audit   '@rollup/rollup-win32-arm64-msvc': [ '4.60.2' ],
224 silly audit   '@rollup/rollup-win32-ia32-msvc': [ '4.60.2' ],
224 silly audit   '@rollup/rollup-win32-x64-gnu': [ '4.60.2' ],
224 silly audit   '@rollup/rollup-win32-x64-msvc': [ '4.60.2' ],
224 silly audit   '@sindresorhus/is': [ '4.6.0' ],
224 silly audit   '@szmarczak/http-timer': [ '4.0.6' ],
224 silly audit   '@types/cacheable-request': [ '6.0.3' ],
224 silly audit   '@types/debug': [ '4.1.13' ],
224 silly audit   '@types/estree': [ '1.0.8' ],
224 silly audit   '@types/estree-jsx': [ '1.0.5' ],
224 silly audit   '@types/hast': [ '3.0.4' ],
224 silly audit   '@types/http-cache-semantics': [ '4.2.0' ],
224 silly audit   '@types/json-schema': [ '7.0.15' ],
224 silly audit   '@types/keyv': [ '3.1.4' ],
224 silly audit   '@types/mdast': [ '4.0.4' ],
224 silly audit   '@types/mdx': [ '2.0.13' ],
224 silly audit   '@types/ms': [ '2.1.0' ],
224 silly audit   '@types/node': [ '20.19.0' ],
224 silly audit   '@types/postcss-modules-local-by-default': [ '4.0.2' ],
224 silly audit   '@types/postcss-modules-scope': [ '3.0.4' ],
224 silly audit   '@types/responselike': [ '1.0.3' ],
224 silly audit   '@types/unist': [ '3.0.3', '2.0.11' ],
224 silly audit   '@types/yauzl': [ '2.10.3' ],
224 silly audit   '@typescript-eslint/eslint-plugin': [ '8.38.0' ],
224 silly audit   '@typescript-eslint/project-service': [ '8.38.0', '8.58.2' ],
224 silly audit   '@typescript-eslint/scope-manager': [ '8.38.0', '8.58.2' ],
224 silly audit   '@typescript-eslint/tsconfig-utils': [ '8.38.0', '8.58.2' ],
224 silly audit   '@typescript-eslint/types': [ '8.38.0', '8.58.2' ],
224 silly audit   '@typescript-eslint/typescript-estree': [ '8.38.0', '8.58.2' ],
224 silly audit   '@typescript-eslint/utils': [ '8.38.0', '8.58.2' ],
224 silly audit   '@typescript-eslint/visitor-keys': [ '8.38.0', '8.58.2' ],
224 silly audit   'brace-expansion': [ '2.1.0', '5.0.5', '1.1.14' ],
224 silly audit   ignore: [ '7.0.5', '5.3.2' ],
224 silly audit   minimatch: [ '9.0.9', '10.2.5', '3.1.5' ],
224 silly audit   '@typescript-eslint/parser': [ '8.38.0' ],
224 silly audit   '@typescript-eslint/type-utils': [ '8.38.0' ],
224 silly audit   'balanced-match': [ '4.0.4', '1.0.2' ],
224 silly audit   '@ungap/structured-clone': [ '1.3.0' ],
224 silly audit   acorn: [ '8.16.0' ],
224 silly audit   'acorn-jsx': [ '5.3.2' ],
224 silly audit   ajv: [ '6.14.0' ],
224 silly audit   'ansi-styles': [ '4.3.0' ],
224 silly audit   argparse: [ '2.0.1' ],
224 silly audit   'array-buffer-byte-length': [ '1.0.2' ],
224 silly audit   'array-includes': [ '3.1.9' ],
224 silly audit   'array.prototype.flat': [ '1.3.3' ],
224 silly audit   'arraybuffer.prototype.slice': [ '1.0.4' ],
224 silly audit   astring: [ '1.9.0' ],
224 silly audit   'async-function': [ '1.0.0' ],
224 silly audit   autoprefixer: [ '10.5.0' ],
224 silly audit   'available-typed-arrays': [ '1.0.7' ],
224 silly audit   bail: [ '2.0.2' ],
224 silly audit   'baseline-browser-mapping': [ '2.10.20' ],
224 silly audit   boolbase: [ '1.0.0' ],
224 silly audit   braces: [ '3.0.3' ],
224 silly audit   browserslist: [ '4.28.2' ],
224 silly audit   'buffer-crc32': [ '0.2.13' ],
224 silly audit   'cacheable-lookup': [ '5.0.4' ],
224 silly audit   'cacheable-request': [ '7.0.4' ],
224 silly audit   'call-bind': [ '1.0.9' ],
224 silly audit   'call-bind-apply-helpers': [ '1.0.2' ],
224 silly audit   'call-bound': [ '1.0.4' ],
224 silly audit   callsites: [ '3.1.0' ],
224 silly audit   'caniuse-lite': [ '1.0.30001788' ],
224 silly audit   ccount: [ '2.0.1' ],
224 silly audit   chalk: [ '4.1.2' ],
224 silly audit   'character-entities': [ '2.0.2' ],
224 silly audit   'character-entities-html4': [ '2.1.0' ],
224 silly audit   'character-entities-legacy': [ '3.0.0' ],
224 silly audit   'character-reference-invalid': [ '2.0.1' ],
224 silly audit   chokidar: [ '4.0.3' ],
224 silly audit   'clone-response': [ '1.0.3' ],
224 silly audit   cloudflared: [ '0.7.1' ],
224 silly audit   'collapse-white-space': [ '2.1.0' ],
224 silly audit   'color-convert': [ '2.0.1' ],
224 silly audit   'color-name': [ '1.1.4' ],
224 silly audit   'comma-separated-tokens': [ '2.0.3' ],
224 silly audit   commander: [ '7.2.0' ],
224 silly audit   'concat-map': [ '0.0.1' ],
224 silly audit   'copy-anything': [ '3.0.5' ],
224 silly audit   'cross-spawn': [ '7.0.6' ],
224 silly audit   'css-select': [ '5.2.2' ],
224 silly audit   'css-tree': [ '2.3.1', '2.2.1' ],
224 silly audit   'css-what': [ '6.2.2' ],
224 silly audit   cssesc: [ '3.0.0' ],
224 silly audit   csso: [ '5.0.5' ],
224 silly audit   'mdn-data': [ '2.0.28', '2.0.30' ],
224 silly audit   csstype: [ '3.2.3' ],
224 silly audit   'data-view-buffer': [ '1.0.2' ],
224 silly audit   'data-view-byte-length': [ '1.0.2' ],
224 silly audit   'data-view-byte-offset': [ '1.0.1' ],
224 silly audit   debug: [ '4.4.3' ],
224 silly audit   'decode-named-character-reference': [ '1.3.0' ],
224 silly audit   'decompress-response': [ '6.0.0' ],
224 silly audit   'mimic-response': [ '3.1.0', '1.0.1' ],
224 silly audit   'deep-is': [ '0.1.4' ],
224 silly audit   'defer-to-connect': [ '2.0.1' ],
224 silly audit   'define-data-property': [ '1.1.4' ],
224 silly audit   'define-properties': [ '1.2.1' ],
224 silly audit   dequal: [ '2.0.3' ],
224 silly audit   'detect-libc': [ '2.1.2' ],
224 silly audit   devlop: [ '1.1.0' ],
224 silly audit   'dom-serializer': [ '2.0.0' ],
224 silly audit   domelementtype: [ '2.3.0' ],
224 silly audit   domhandler: [ '5.0.3' ],
224 silly audit   domutils: [ '3.2.2' ],
224 silly audit   dotenv: [ '16.6.1' ],
224 silly audit   'dunder-proto': [ '1.0.1' ],
224 silly audit   'electron-to-chromium': [ '1.5.340' ],
224 silly audit   'end-of-stream': [ '1.4.5' ],
224 silly audit   entities: [ '4.5.0' ],
224 silly audit   errno: [ '0.1.8' ],
224 silly audit   'es-abstract': [ '1.24.2' ],
224 silly audit   'es-define-property': [ '1.0.1' ],
224 silly audit   'es-errors': [ '1.3.0' ],
224 silly audit   'es-object-atoms': [ '1.1.1' ],
224 silly audit   'es-set-tostringtag': [ '2.1.0' ],
224 silly audit   'es-shim-unscopables': [ '1.1.0' ],
224 silly audit   'es-to-primitive': [ '1.3.0' ],
224 silly audit   'esast-util-from-estree': [ '2.0.0' ],
224 silly audit   'esast-util-from-js': [ '2.0.1' ],
224 silly audit   esbuild: [ '0.27.7' ],
224 silly audit   escalade: [ '3.2.0' ],
224 silly audit   'escape-string-regexp': [ '4.0.0' ],
224 silly audit   eslint: [ '9.32.0' ],
224 silly audit   'eslint-plugin-qwik': [ '1.19.2' ],
224 silly audit   'eslint-scope': [ '8.4.0' ],
224 silly audit   espree: [ '10.4.0' ],
224 silly audit   esquery: [ '1.7.0' ],
224 silly audit   esrecurse: [ '4.3.0' ],
224 silly audit   estraverse: [ '5.3.0' ],
224 silly audit   'estree-util-attach-comments': [ '3.0.0' ],
224 silly audit   'estree-util-build-jsx': [ '3.0.1' ],
224 silly audit   'estree-util-is-identifier-name': [ '3.0.0' ],
224 silly audit   'estree-util-scope': [ '1.0.0' ],
224 silly audit   'estree-util-to-js': [ '2.0.0' ],
224 silly audit   'estree-util-visit': [ '2.0.0' ],
224 silly audit   esutils: [ '2.0.3' ],
224 silly audit   extend: [ '3.0.2' ],
224 silly audit   'extract-zip': [ '2.0.1' ],
224 silly audit   'fast-deep-equal': [ '3.1.3' ],
224 silly audit   'fast-glob': [ '3.3.3' ],
224 silly audit   'glob-parent': [ '5.1.2', '6.0.2' ],
224 silly audit   'fast-json-stable-stringify': [ '2.1.0' ],
224 silly audit   'fast-levenshtein': [ '2.0.6' ],
224 silly audit   fastq: [ '1.20.1' ],
224 silly audit   'fd-slicer': [ '1.1.0' ],
224 silly audit   fdir: [ '6.5.0' ],
224 silly audit   'file-entry-cache': [ '8.0.0' ],
224 silly audit   'fill-range': [ '7.1.1' ],
224 silly audit   'find-up': [ '5.0.0' ],
224 silly audit   'flat-cache': [ '4.0.1' ],
224 silly audit   flatted: [ '3.4.2' ],
224 silly audit   'for-each': [ '0.3.5' ],
224 silly audit   'fraction.js': [ '5.3.4' ],
224 silly audit   'fs.realpath': [ '1.0.0' ],
224 silly audit   fsevents: [ '2.3.3' ],
224 silly audit   'function-bind': [ '1.1.2' ],
224 silly audit   'function.prototype.name': [ '1.1.8' ],
224 silly audit   'functions-have-names': [ '1.2.3' ],
224 silly audit   'generator-function': [ '2.0.1' ],
224 silly audit   'get-intrinsic': [ '1.3.0' ],
224 silly audit   'get-proto': [ '1.0.1' ],
224 silly audit   'get-stream': [ '5.2.0' ],
224 silly audit   'get-symbol-description': [ '1.1.0' ],
224 silly audit   glob: [ '7.2.3' ],
224 silly audit   globalthis: [ '1.0.4' ],
224 silly audit   globrex: [ '0.1.2' ],
224 silly audit   gopd: [ '1.2.0' ],
224 silly audit   got: [ '11.8.6' ],
224 silly audit   'graceful-fs': [ '4.2.11' ],
224 silly audit   graphemer: [ '1.4.0' ],
224 silly audit   'has-bigints': [ '1.1.0' ],
224 silly audit   'has-flag': [ '4.0.0' ],
224 silly audit   'has-property-descriptors': [ '1.0.2' ],
224 silly audit   'has-proto': [ '1.2.0' ],
224 silly audit   'has-symbols': [ '1.1.0' ],
224 silly audit   'has-tostringtag': [ '1.0.2' ],
224 silly audit   hasown: [ '2.0.3' ],
224 silly audit   'hast-util-to-estree': [ '3.1.3' ],
224 silly audit   'hast-util-to-jsx-runtime': [ '2.3.6' ],
224 silly audit   'hast-util-whitespace': [ '3.0.0' ],
224 silly audit   hpagent: [ '0.1.2' ],
224 silly audit   'http-cache-semantics': [ '4.2.0' ],
224 silly audit   'http2-wrapper': [ '1.0.3' ],
224 silly audit   'iconv-lite': [ '0.6.3' ],
224 silly audit   'icss-utils': [ '5.1.0' ],
224 silly audit   'image-size': [ '0.5.5' ],
224 silly audit   'imagetools-core': [ '9.1.0' ],
224 silly audit   immutable: [ '5.1.5' ],
224 silly audit   'import-fresh': [ '3.3.1' ],
224 silly audit   imurmurhash: [ '0.1.4' ],
224 silly audit   inflight: [ '1.0.6' ],
224 silly audit   inherits: [ '2.0.4' ],
224 silly audit   'inline-style-parser': [ '0.2.7' ],
224 silly audit   'internal-slot': [ '1.1.0' ],
224 silly audit   'is-alphabetical': [ '2.0.1' ],
224 silly audit   'is-alphanumerical': [ '2.0.1' ],
224 silly audit   'is-array-buffer': [ '3.0.5' ],
224 silly audit   'is-async-function': [ '2.1.1' ],
224 silly audit   'is-bigint': [ '1.1.0' ],
224 silly audit   'is-boolean-object': [ '1.2.2' ],
224 silly audit   'is-callable': [ '1.2.7' ],
224 silly audit   'is-data-view': [ '1.0.2' ],
224 silly audit   'is-date-object': [ '1.1.0' ],
224 silly audit   'is-decimal': [ '2.0.1' ],
224 silly audit   'is-extglob': [ '2.1.1' ],
224 silly audit   'is-finalizationregistry': [ '1.1.1' ],
224 silly audit   'is-generator-function': [ '1.1.2' ],
224 silly audit   'is-glob': [ '4.0.3' ],
224 silly audit   'is-hexadecimal': [ '2.0.1' ],
224 silly audit   'is-map': [ '2.0.3' ],
224 silly audit   'is-negative-zero': [ '2.0.3' ],
224 silly audit   'is-number': [ '7.0.0' ],
224 silly audit   'is-number-object': [ '1.1.1' ],
224 silly audit   'is-plain-obj': [ '4.1.0' ],
224 silly audit   'is-regex': [ '1.2.1' ],
224 silly audit   'is-set': [ '2.0.3' ],
224 silly audit   'is-shared-array-buffer': [ '1.0.4' ],
224 silly audit   'is-string': [ '1.1.1' ],
224 silly audit   'is-symbol': [ '1.1.1' ],
224 silly audit   'is-typed-array': [ '1.1.15' ],
224 silly audit   'is-weakmap': [ '2.0.2' ],
224 silly audit   'is-weakref': [ '1.1.1' ],
224 silly audit   'is-weakset': [ '2.0.4' ],
224 silly audit   'is-what': [ '4.1.16' ],
224 silly audit   isarray: [ '2.0.5' ],
224 silly audit   isexe: [ '2.0.0' ],
224 silly audit   'js-yaml': [ '4.1.1' ],
224 silly audit   'json-buffer': [ '3.0.1' ],
224 silly audit   'json-schema-traverse': [ '0.4.1' ],
224 silly audit   'json-stable-stringify-without-jsonify': [ '1.0.1' ],
224 silly audit   json5: [ '2.2.3' ],
224 silly audit   'jsx-ast-utils': [ '3.3.5' ],
224 silly audit   keyv: [ '4.5.4' ],
224 silly audit   'launch-editor': [ '2.13.2' ],
224 silly audit   less: [ '4.6.4' ],
224 silly audit   'source-map': [ '0.6.1', '0.7.6' ],
224 silly audit   levn: [ '0.4.1' ],
224 silly audit   lilconfig: [ '2.1.0' ],
224 silly audit   'locate-path': [ '6.0.0' ],
224 silly audit   'lodash.camelcase': [ '4.3.0' ],
224 silly audit   'lodash.clonedeep': [ '4.5.0' ],
224 silly audit   'lodash.merge': [ '4.6.2' ],
224 silly audit   'longest-streak': [ '3.1.0' ],
224 silly audit   'lowercase-keys': [ '2.0.0' ],
224 silly audit   'make-dir': [ '2.1.0' ],
224 silly audit   semver: [ '5.7.2', '7.7.4' ],
224 silly audit   'markdown-extensions': [ '2.0.0' ],
224 silly audit   'math-intrinsics': [ '1.1.0' ],
224 silly audit   'mdast-util-from-markdown': [ '2.0.3' ],
224 silly audit   'mdast-util-mdx': [ '3.0.0' ],
224 silly audit   'mdast-util-mdx-expression': [ '2.0.1' ],
224 silly audit   'mdast-util-mdx-jsx': [ '3.2.0' ],
224 silly audit   'mdast-util-mdxjs-esm': [ '2.0.1' ],
224 silly audit   'mdast-util-phrasing': [ '4.1.0' ],
224 silly audit   'mdast-util-to-hast': [ '13.2.1' ],
224 silly audit   'mdast-util-to-markdown': [ '2.1.2' ],
224 silly audit   'mdast-util-to-string': [ '4.0.0' ],
224 silly audit   merge2: [ '1.4.1' ],
224 silly audit   micromark: [ '4.0.2' ],
224 silly audit   'micromark-core-commonmark': [ '2.0.3' ],
224 silly audit   'micromark-extension-mdx-expression': [ '3.0.1' ],
224 silly audit   'micromark-extension-mdx-jsx': [ '3.0.2' ],
224 silly audit   'micromark-extension-mdx-md': [ '2.0.0' ],
224 silly audit   'micromark-extension-mdxjs': [ '3.0.0' ],
224 silly audit   'micromark-extension-mdxjs-esm': [ '3.0.0' ],
224 silly audit   'micromark-factory-destination': [ '2.0.1' ],
224 silly audit   'micromark-factory-label': [ '2.0.1' ],
224 silly audit   'micromark-factory-mdx-expression': [ '2.0.3' ],
224 silly audit   'micromark-factory-space': [ '2.0.1' ],
224 silly audit   'micromark-factory-title': [ '2.0.1' ],
224 silly audit   'micromark-factory-whitespace': [ '2.0.1' ],
224 silly audit   'micromark-util-character': [ '2.1.1' ],
224 silly audit   'micromark-util-chunked': [ '2.0.1' ],
224 silly audit   'micromark-util-classify-character': [ '2.0.1' ],
224 silly audit   'micromark-util-combine-extensions': [ '2.0.1' ],
224 silly audit   'micromark-util-decode-numeric-character-reference': [ '2.0.2' ],
224 silly audit   'micromark-util-decode-string': [ '2.0.1' ],
224 silly audit   'micromark-util-encode': [ '2.0.1' ],
224 silly audit   'micromark-util-events-to-acorn': [ '2.0.3' ],
224 silly audit   'micromark-util-html-tag-name': [ '2.0.1' ],
224 silly audit   'micromark-util-normalize-identifier': [ '2.0.1' ],
224 silly audit   'micromark-util-resolve-all': [ '2.0.1' ],
224 silly audit   'micromark-util-sanitize-uri': [ '2.0.1' ],
224 silly audit   'micromark-util-subtokenize': [ '2.1.0' ],
224 silly audit   'micromark-util-symbol': [ '2.0.1' ],
224 silly audit   'micromark-util-types': [ '2.0.2' ],
224 silly audit   micromatch: [ '4.0.8' ],
224 silly audit   picomatch: [ '2.3.2', '4.0.4' ],
224 silly audit   mime: [ '1.6.0' ],
224 silly audit   minimist: [ '1.2.8' ],
224 silly audit   ms: [ '2.1.3' ],
224 silly audit   nanoid: [ '3.3.11' ],
224 silly audit   'natural-compare': [ '1.4.0' ],
224 silly audit   needle: [ '3.5.0' ],
224 silly audit   ngrok: [ '5.0.0-beta.2' ],
224 silly audit   'node-addon-api': [ '7.1.1' ],
224 silly audit   'node-releases': [ '2.0.37' ],
224 silly audit   'normalize-url': [ '6.1.0' ],
224 silly audit   'nth-check': [ '2.1.1' ],
224 silly audit   'object-inspect': [ '1.13.4' ],
224 silly audit   'object-keys': [ '1.1.1' ],
224 silly audit   'object.assign': [ '4.1.7' ],
224 silly audit   'object.values': [ '1.2.1' ],
224 silly audit   once: [ '1.4.0' ],
224 silly audit   optionator: [ '0.9.4' ],
224 silly audit   'own-keys': [ '1.0.1' ],
224 silly audit   'p-cancelable': [ '2.1.1' ],
224 silly audit   'p-limit': [ '3.1.0' ],
224 silly audit   'p-locate': [ '5.0.0' ],
224 silly audit   'parent-module': [ '1.0.1' ],
224 silly audit   'parse-entities': [ '4.0.2' ],
224 silly audit   'parse-node-version': [ '1.0.1' ],
224 silly audit   'path-exists': [ '4.0.0' ],
224 silly audit   'path-is-absolute': [ '1.0.1' ],
224 silly audit   'path-key': [ '3.1.1' ],
224 silly audit   pend: [ '1.2.0' ],
224 silly audit   picocolors: [ '1.1.1' ],
224 silly audit   pify: [ '4.0.1' ],
224 silly audit   'possible-typed-array-names': [ '1.1.0' ],
224 silly audit   postcss: [ '8.5.10' ],
224 silly audit   'postcss-load-config': [ '3.1.4' ],
224 silly audit   yaml: [ '1.10.3', '2.8.3' ],
224 silly audit   'postcss-modules-extract-imports': [ '3.1.0' ],
224 silly audit   'postcss-modules-local-by-default': [ '4.2.0' ],
224 silly audit   'postcss-modules-scope': [ '3.2.1' ],
224 silly audit   'postcss-selector-parser': [ '7.1.1' ],
224 silly audit   'postcss-value-parser': [ '4.2.0' ],
224 silly audit   'prelude-ls': [ '1.2.1' ],
224 silly audit   prettier: [ '3.6.2' ],
224 silly audit   'property-information': [ '7.1.0' ],
224 silly audit   prr: [ '1.0.1' ],
224 silly audit   pump: [ '3.0.4' ],
224 silly audit   punycode: [ '2.3.1' ],
224 silly audit   'queue-microtask': [ '1.2.3' ],
224 silly audit   'quick-lru': [ '5.1.1' ],
224 silly audit   readdirp: [ '4.1.2' ],
224 silly audit   'recma-build-jsx': [ '1.0.0' ],
224 silly audit   'recma-jsx': [ '1.0.1' ],
224 silly audit   'recma-parse': [ '1.0.0' ],
224 silly audit   'recma-stringify': [ '1.0.0' ],
224 silly audit   'reflect.getprototypeof': [ '1.0.10' ],
224 silly audit   'regexp.prototype.flags': [ '1.5.4' ],
224 silly audit   'rehype-recma': [ '1.0.0' ],
224 silly audit   'remark-mdx': [ '3.1.1' ],
224 silly audit   'remark-parse': [ '11.0.0' ],
224 silly audit   'remark-rehype': [ '11.1.2' ],
224 silly audit   'reserved-words': [ '0.1.2' ],
224 silly audit   'resolve-alpn': [ '1.2.1' ],
224 silly audit   'resolve-from': [ '4.0.0' ],
224 silly audit   responselike: [ '2.0.1' ],
224 silly audit   reusify: [ '1.1.0' ],
224 silly audit   rollup: [ '4.60.2' ],
224 silly audit   'run-parallel': [ '1.2.0' ],
224 silly audit   'safe-array-concat': [ '1.1.3' ],
224 silly audit   'safe-push-apply': [ '1.0.0' ],
224 silly audit   'safe-regex-test': [ '1.1.0' ],
224 silly audit   'safer-buffer': [ '2.1.2' ],
224 silly audit   sass: [ '1.99.0' ],
224 silly audit   sax: [ '1.6.0', '1.3.0' ],
224 silly audit   'set-function-length': [ '1.2.2' ],
224 silly audit   'set-function-name': [ '2.0.2' ],
224 silly audit   'set-proto': [ '1.0.0' ],
224 silly audit   sharp: [ '0.34.5' ],
224 silly audit   'shebang-command': [ '2.0.0' ],
224 silly audit   'shebang-regex': [ '3.0.0' ],
224 silly audit   'shell-quote': [ '1.8.3' ],
224 silly audit   'side-channel': [ '1.1.0' ],
224 silly audit   'side-channel-list': [ '1.0.1' ],
224 silly audit   'side-channel-map': [ '1.0.1' ],
224 silly audit   'side-channel-weakmap': [ '1.0.2' ],
224 silly audit   'source-map-js': [ '1.2.1' ],
224 silly audit   'space-separated-tokens': [ '2.0.2' ],
224 silly audit   'stop-iteration-iterator': [ '1.1.0' ],
224 silly audit   'string.prototype.trim': [ '1.2.10' ],
224 silly audit   'string.prototype.trimend': [ '1.0.9' ],
224 silly audit   'string.prototype.trimstart': [ '1.0.8' ],
224 silly audit   'stringify-entities': [ '4.0.4' ],
224 silly audit   'strip-bom': [ '3.0.0' ],
224 silly audit   'strip-json-comments': [ '3.1.1' ],
224 silly audit   'style-to-js': [ '1.1.21' ],
224 silly audit   'style-to-object': [ '1.0.14' ],
224 silly audit   stylus: [ '0.62.0' ],
224 silly audit   'supports-color': [ '7.2.0' ],
224 silly audit   svgo: [ '3.3.3' ],
224 silly audit   tailwindcss: [ '4.2.2' ],
224 silly audit   tinyglobby: [ '0.2.16' ],
224 silly audit   'to-regex-range': [ '5.0.1' ],
224 silly audit   'trim-lines': [ '3.0.1' ],
224 silly audit   trough: [ '2.2.0' ],
224 silly audit   'ts-api-utils': [ '2.5.0' ],
224 silly audit   tsconfck: [ '3.1.6' ],
224 silly audit   'tsconfig-paths': [ '4.2.0' ],
224 silly audit   tslib: [ '2.8.1' ],
224 silly audit   'type-check': [ '0.4.0' ],
224 silly audit   'typed-array-buffer': [ '1.0.3' ],
224 silly audit   'typed-array-byte-length': [ '1.0.3' ],
224 silly audit   'typed-array-byte-offset': [ '1.0.4' ],
224 silly audit   'typed-array-length': [ '1.0.7' ],
224 silly audit   typescript: [ '5.4.5' ],
224 silly audit   'typescript-eslint': [ '8.38.0' ],
224 silly audit   'typescript-plugin-css-modules': [ '5.2.0' ],
224 silly audit   'unbox-primitive': [ '1.1.0' ],
224 silly audit   undici: [ '5.28.4' ],
224 silly audit   'undici-types': [ '6.21.0' ],
224 silly audit   unified: [ '11.0.5' ],
224 silly audit   'unist-util-is': [ '6.0.1' ],
224 silly audit   'unist-util-position': [ '5.0.0' ],
224 silly audit   'unist-util-position-from-estree': [ '2.0.0' ],
224 silly audit   'unist-util-stringify-position': [ '4.0.0' ],
224 silly audit   'unist-util-visit': [ '5.1.0' ],
224 silly audit   'unist-util-visit-parents': [ '6.0.2' ],
224 silly audit   'update-browserslist-db': [ '1.2.3' ],
224 silly audit   'uri-js': [ '4.4.1' ],
224 silly audit   'util-deprecate': [ '1.0.2' ],
224 silly audit   uuid: [ '8.3.2' ],
224 silly audit   valibot: [ '1.3.1' ],
224 silly audit   vfile: [ '6.0.3' ],
224 silly audit   'vfile-message': [ '4.0.3' ],
224 silly audit   vite: [ '7.3.1' ],
224 silly audit   'vite-imagetools': [ '9.0.3' ],
224 silly audit   'vite-tsconfig-paths': [ '4.3.2' ],
224 silly audit   which: [ '2.0.2' ],
224 silly audit   'which-boxed-primitive': [ '1.1.1' ],
224 silly audit   'which-builtin-type': [ '1.2.1' ],
224 silly audit   'which-collection': [ '1.0.2' ],
224 silly audit   'which-typed-array': [ '1.1.20' ],
224 silly audit   'word-wrap': [ '1.2.5' ],
224 silly audit   wrappy: [ '1.0.2' ],
224 silly audit   yauzl: [ '2.10.0' ],
224 silly audit   'yocto-queue': [ '0.1.0' ],
224 silly audit   zod: [ '3.25.48' ],
224 silly audit   zwitch: [ '2.0.4' ],
224 silly audit   '@tailwindcss/vite': [ '4.2.2' ],
224 silly audit   '@tailwindcss/node': [ '4.2.2' ],
224 silly audit   '@tailwindcss/oxide': [ '4.2.2' ],
224 silly audit   '@jridgewell/remapping': [ '2.3.5' ],
224 silly audit   'enhanced-resolve': [ '5.20.1' ],
224 silly audit   jiti: [ '2.6.1' ],
224 silly audit   lightningcss: [ '1.32.0' ],
224 silly audit   'magic-string': [ '0.30.21' ],
224 silly audit   '@jridgewell/gen-mapping': [ '0.3.13' ],
224 silly audit   '@jridgewell/trace-mapping': [ '0.3.31' ],
224 silly audit   '@jridgewell/sourcemap-codec': [ '1.5.5' ],
224 silly audit   '@jridgewell/resolve-uri': [ '3.1.2' ],
224 silly audit   '@tailwindcss/oxide-android-arm64': [ '4.2.2' ],
224 silly audit   '@tailwindcss/oxide-darwin-arm64': [ '4.2.2' ],
224 silly audit   '@tailwindcss/oxide-darwin-x64': [ '4.2.2' ],
224 silly audit   '@tailwindcss/oxide-freebsd-x64': [ '4.2.2' ],
224 silly audit   '@tailwindcss/oxide-linux-arm-gnueabihf': [ '4.2.2' ],
224 silly audit   '@tailwindcss/oxide-linux-arm64-gnu': [ '4.2.2' ],
224 silly audit   '@tailwindcss/oxide-linux-arm64-musl': [ '4.2.2' ],
224 silly audit   '@tailwindcss/oxide-linux-x64-gnu': [ '4.2.2' ],
224 silly audit   '@tailwindcss/oxide-linux-x64-musl': [ '4.2.2' ],
224 silly audit   '@tailwindcss/oxide-win32-arm64-msvc': [ '4.2.2' ],
224 silly audit   '@tailwindcss/oxide-win32-x64-msvc': [ '4.2.2' ],
224 silly audit   tapable: [ '2.3.2' ],
224 silly audit   'lightningcss-android-arm64': [ '1.32.0' ],
224 silly audit   'lightningcss-darwin-arm64': [ '1.32.0' ],
224 silly audit   'lightningcss-darwin-x64': [ '1.32.0' ],
224 silly audit   'lightningcss-freebsd-x64': [ '1.32.0' ],
224 silly audit   'lightningcss-linux-arm-gnueabihf': [ '1.32.0' ],
224 silly audit   'lightningcss-linux-arm64-gnu': [ '1.32.0' ],
224 silly audit   'lightningcss-linux-arm64-musl': [ '1.32.0' ],
224 silly audit   'lightningcss-linux-x64-gnu': [ '1.32.0' ],
224 silly audit   'lightningcss-linux-x64-musl': [ '1.32.0' ],
224 silly audit   'lightningcss-win32-arm64-msvc': [ '1.32.0' ],
224 silly audit   'lightningcss-win32-x64-msvc': [ '1.32.0' ],
224 silly audit   '@tailwindcss/oxide-wasm32-wasi': [ '4.2.2' ]
224 silly audit }
225 verbose reify failed optional dependency /opt/hermes/simple-qwik-app/node_modules/lightningcss-win32-x64-msvc
226 silly reify mark deleted [
226 silly reify   '/opt/hermes/simple-qwik-app/node_modules/lightningcss-win32-x64-msvc'
226 silly reify ]
227 verbose reify failed optional dependency /opt/hermes/simple-qwik-app/node_modules/lightningcss-win32-arm64-msvc
228 silly reify mark deleted [
228 silly reify   '/opt/hermes/simple-qwik-app/node_modules/lightningcss-win32-arm64-msvc'
228 silly reify ]
229 verbose reify failed optional dependency /opt/hermes/simple-qwik-app/node_modules/lightningcss-linux-arm64-musl
230 silly reify mark deleted [
230 silly reify   '/opt/hermes/simple-qwik-app/node_modules/lightningcss-linux-arm64-musl'
230 silly reify ]
231 verbose reify failed optional dependency /opt/hermes/simple-qwik-app/node_modules/lightningcss-linux-arm64-gnu
232 silly reify mark deleted [
232 silly reify   '/opt/hermes/simple-qwik-app/node_modules/lightningcss-linux-arm64-gnu'
232 silly reify ]
233 verbose reify failed optional dependency /opt/hermes/simple-qwik-app/node_modules/lightningcss-linux-arm-gnueabihf
234 silly reify mark deleted [
234 silly reify   '/opt/hermes/simple-qwik-app/node_modules/lightningcss-linux-arm-gnueabihf'
234 silly reify ]
235 verbose reify failed optional dependency /opt/hermes/simple-qwik-app/node_modules/lightningcss-freebsd-x64
236 silly reify mark deleted [ '/opt/hermes/simple-qwik-app/node_modules/lightningcss-freebsd-x64' ]
237 verbose reify failed optional dependency /opt/hermes/simple-qwik-app/node_modules/lightningcss-darwin-x64
238 silly reify mark deleted [ '/opt/hermes/simple-qwik-app/node_modules/lightningcss-darwin-x64' ]
239 verbose reify failed optional dependency /opt/hermes/simple-qwik-app/node_modules/lightningcss-darwin-arm64
240 silly reify mark deleted [
240 silly reify   '/opt/hermes/simple-qwik-app/node_modules/lightningcss-darwin-arm64'
240 silly reify ]
241 verbose reify failed optional dependency /opt/hermes/simple-qwik-app/node_modules/lightningcss-android-arm64
242 silly reify mark deleted [
242 silly reify   '/opt/hermes/simple-qwik-app/node_modules/lightningcss-android-arm64'
242 silly reify ]
243 verbose reify failed optional dependency /opt/hermes/simple-qwik-app/node_modules/@tailwindcss/oxide-win32-x64-msvc
244 silly reify mark deleted [
244 silly reify   '/opt/hermes/simple-qwik-app/node_modules/@tailwindcss/oxide-win32-x64-msvc'
244 silly reify ]
245 verbose reify failed optional dependency /opt/hermes/simple-qwik-app/node_modules/@tailwindcss/oxide-win32-arm64-msvc
246 silly reify mark deleted [
246 silly reify   '/opt/hermes/simple-qwik-app/node_modules/@tailwindcss/oxide-win32-arm64-msvc'
246 silly reify ]
247 verbose reify failed optional dependency /opt/hermes/simple-qwik-app/node_modules/@tailwindcss/oxide-linux-arm64-musl
248 silly reify mark deleted [
248 silly reify   '/opt/hermes/simple-qwik-app/node_modules/@tailwindcss/oxide-linux-arm64-musl'
248 silly reify ]
249 verbose reify failed optional dependency /opt/hermes/simple-qwik-app/node_modules/@tailwindcss/oxide-linux-arm64-gnu
250 silly reify mark deleted [
250 silly reify   '/opt/hermes/simple-qwik-app/node_modules/@tailwindcss/oxide-linux-arm64-gnu'
250 silly reify ]
251 verbose reify failed optional dependency /opt/hermes/simple-qwik-app/node_modules/@tailwindcss/oxide-linux-arm-gnueabihf
252 silly reify mark deleted [
252 silly reify   '/opt/hermes/simple-qwik-app/node_modules/@tailwindcss/oxide-linux-arm-gnueabihf'
252 silly reify ]
253 verbose reify failed optional dependency /opt/hermes/simple-qwik-app/node_modules/@tailwindcss/oxide-freebsd-x64
254 silly reify mark deleted [
254 silly reify   '/opt/hermes/simple-qwik-app/node_modules/@tailwindcss/oxide-freebsd-x64'
254 silly reify ]
255 verbose reify failed optional dependency /opt/hermes/simple-qwik-app/node_modules/@tailwindcss/oxide-darwin-x64
256 silly reify mark deleted [
256 silly reify   '/opt/hermes/simple-qwik-app/node_modules/@tailwindcss/oxide-darwin-x64'
256 silly reify ]
257 verbose reify failed optional dependency /opt/hermes/simple-qwik-app/node_modules/@tailwindcss/oxide-darwin-arm64
258 silly reify mark deleted [
258 silly reify   '/opt/hermes/simple-qwik-app/node_modules/@tailwindcss/oxide-darwin-arm64'
258 silly reify ]
259 verbose reify failed optional dependency /opt/hermes/simple-qwik-app/node_modules/@tailwindcss/oxide-android-arm64
260 silly reify mark deleted [
260 silly reify   '/opt/hermes/simple-qwik-app/node_modules/@tailwindcss/oxide-android-arm64'
260 silly reify ]
261 verbose reify failed optional dependency /opt/hermes/simple-qwik-app/node_modules/fsevents
262 silly reify mark deleted [ '/opt/hermes/simple-qwik-app/node_modules/fsevents' ]
263 verbose reify failed optional dependency /opt/hermes/simple-qwik-app/node_modules/@rollup/rollup-win32-x64-msvc
264 silly reify mark deleted [
264 silly reify   '/opt/hermes/simple-qwik-app/node_modules/@rollup/rollup-win32-x64-msvc'
264 silly reify ]
265 verbose reify failed optional dependency /opt/hermes/simple-qwik-app/node_modules/@rollup/rollup-win32-x64-gnu
266 silly reify mark deleted [
266 silly reify   '/opt/hermes/simple-qwik-app/node_modules/@rollup/rollup-win32-x64-gnu'
266 silly reify ]
267 verbose reify failed optional dependency /opt/hermes/simple-qwik-app/node_modules/@rollup/rollup-win32-ia32-msvc
268 silly reify mark deleted [
268 silly reify   '/opt/hermes/simple-qwik-app/node_modules/@rollup/rollup-win32-ia32-msvc'
268 silly reify ]
269 verbose reify failed optional dependency /opt/hermes/simple-qwik-app/node_modules/@rollup/rollup-win32-arm64-msvc
270 silly reify mark deleted [
270 silly reify   '/opt/hermes/simple-qwik-app/node_modules/@rollup/rollup-win32-arm64-msvc'
270 silly reify ]
271 verbose reify failed optional dependency /opt/hermes/simple-qwik-app/node_modules/@rollup/rollup-openharmony-arm64
272 silly reify mark deleted [
272 silly reify   '/opt/hermes/simple-qwik-app/node_modules/@rollup/rollup-openharmony-arm64'
272 silly reify ]
273 verbose reify failed optional dependency /opt/hermes/simple-qwik-app/node_modules/@rollup/rollup-openbsd-x64
274 silly reify mark deleted [
274 silly reify   '/opt/hermes/simple-qwik-app/node_modules/@rollup/rollup-openbsd-x64'
274 silly reify ]
275 verbose reify failed optional dependency /opt/hermes/simple-qwik-app/node_modules/@rollup/rollup-linux-s390x-gnu
276 silly reify mark deleted [
276 silly reify   '/opt/hermes/simple-qwik-app/node_modules/@rollup/rollup-linux-s390x-gnu'
276 silly reify ]
277 verbose reify failed optional dependency /opt/hermes/simple-qwik-app/node_modules/@rollup/rollup-linux-riscv64-musl
278 silly reify mark deleted [
278 silly reify   '/opt/hermes/simple-qwik-app/node_modules/@rollup/rollup-linux-riscv64-musl'
278 silly reify ]
279 verbose reify failed optional dependency /opt/hermes/simple-qwik-app/node_modules/@rollup/rollup-linux-riscv64-gnu
280 silly reify mark deleted [
280 silly reify   '/opt/hermes/simple-qwik-app/node_modules/@rollup/rollup-linux-riscv64-gnu'
280 silly reify ]
281 verbose reify failed optional dependency /opt/hermes/simple-qwik-app/node_modules/@rollup/rollup-linux-ppc64-musl
282 silly reify mark deleted [
282 silly reify   '/opt/hermes/simple-qwik-app/node_modules/@rollup/rollup-linux-ppc64-musl'
282 silly reify ]
283 verbose reify failed optional dependency /opt/hermes/simple-qwik-app/node_modules/@rollup/rollup-linux-ppc64-gnu
284 silly reify mark deleted [
284 silly reify   '/opt/hermes/simple-qwik-app/node_modules/@rollup/rollup-linux-ppc64-gnu'
284 silly reify ]
285 verbose reify failed optional dependency /opt/hermes/simple-qwik-app/node_modules/@rollup/rollup-linux-loong64-musl
286 silly reify mark deleted [
286 silly reify   '/opt/hermes/simple-qwik-app/node_modules/@rollup/rollup-linux-loong64-musl'
286 silly reify ]
287 verbose reify failed optional dependency /opt/hermes/simple-qwik-app/node_modules/@rollup/rollup-linux-loong64-gnu
288 silly reify mark deleted [
288 silly reify   '/opt/hermes/simple-qwik-app/node_modules/@rollup/rollup-linux-loong64-gnu'
288 silly reify ]
289 verbose reify failed optional dependency /opt/hermes/simple-qwik-app/node_modules/@rollup/rollup-linux-arm64-musl
290 silly reify mark deleted [
290 silly reify   '/opt/hermes/simple-qwik-app/node_modules/@rollup/rollup-linux-arm64-musl'
290 silly reify ]
291 verbose reify failed optional dependency /opt/hermes/simple-qwik-app/node_modules/@rollup/rollup-linux-arm64-gnu
292 silly reify mark deleted [
292 silly reify   '/opt/hermes/simple-qwik-app/node_modules/@rollup/rollup-linux-arm64-gnu'
292 silly reify ]
293 verbose reify failed optional dependency /opt/hermes/simple-qwik-app/node_modules/@rollup/rollup-linux-arm-musleabihf
294 silly reify mark deleted [
294 silly reify   '/opt/hermes/simple-qwik-app/node_modules/@rollup/rollup-linux-arm-musleabihf'
294 silly reify ]
295 verbose reify failed optional dependency /opt/hermes/simple-qwik-app/node_modules/@rollup/rollup-linux-arm-gnueabihf
296 silly reify mark deleted [
296 silly reify   '/opt/hermes/simple-qwik-app/node_modules/@rollup/rollup-linux-arm-gnueabihf'
296 silly reify ]
297 verbose reify failed optional dependency /opt/hermes/simple-qwik-app/node_modules/@rollup/rollup-freebsd-x64
298 silly reify mark deleted [
298 silly reify   '/opt/hermes/simple-qwik-app/node_modules/@rollup/rollup-freebsd-x64'
298 silly reify ]
299 verbose reify failed optional dependency /opt/hermes/simple-qwik-app/node_modules/@rollup/rollup-freebsd-arm64
300 silly reify mark deleted [
300 silly reify   '/opt/hermes/simple-qwik-app/node_modules/@rollup/rollup-freebsd-arm64'
300 silly reify ]
301 verbose reify failed optional dependency /opt/hermes/simple-qwik-app/node_modules/@rollup/rollup-darwin-x64
302 silly reify mark deleted [
302 silly reify   '/opt/hermes/simple-qwik-app/node_modules/@rollup/rollup-darwin-x64'
302 silly reify ]
303 verbose reify failed optional dependency /opt/hermes/simple-qwik-app/node_modules/@rollup/rollup-darwin-arm64
304 silly reify mark deleted [
304 silly reify   '/opt/hermes/simple-qwik-app/node_modules/@rollup/rollup-darwin-arm64'
304 silly reify ]
305 verbose reify failed optional dependency /opt/hermes/simple-qwik-app/node_modules/@rollup/rollup-android-arm64
306 silly reify mark deleted [
306 silly reify   '/opt/hermes/simple-qwik-app/node_modules/@rollup/rollup-android-arm64'
306 silly reify ]
307 verbose reify failed optional dependency /opt/hermes/simple-qwik-app/node_modules/@rollup/rollup-android-arm-eabi
308 silly reify mark deleted [
308 silly reify   '/opt/hermes/simple-qwik-app/node_modules/@rollup/rollup-android-arm-eabi'
308 silly reify ]
309 verbose reify failed optional dependency /opt/hermes/simple-qwik-app/node_modules/@parcel/watcher-win32-x64
310 silly reify mark deleted [
310 silly reify   '/opt/hermes/simple-qwik-app/node_modules/@parcel/watcher-win32-x64'
310 silly reify ]
311 verbose reify failed optional dependency /opt/hermes/simple-qwik-app/node_modules/@parcel/watcher-win32-ia32
312 silly reify mark deleted [
312 silly reify   '/opt/hermes/simple-qwik-app/node_modules/@parcel/watcher-win32-ia32'
312 silly reify ]
313 verbose reify failed optional dependency /opt/hermes/simple-qwik-app/node_modules/@parcel/watcher-win32-arm64
314 silly reify mark deleted [
314 silly reify   '/opt/hermes/simple-qwik-app/node_modules/@parcel/watcher-win32-arm64'
314 silly reify ]
315 verbose reify failed optional dependency /opt/hermes/simple-qwik-app/node_modules/@parcel/watcher-linux-arm64-musl
316 silly reify mark deleted [
316 silly reify   '/opt/hermes/simple-qwik-app/node_modules/@parcel/watcher-linux-arm64-musl'
316 silly reify ]
317 verbose reify failed optional dependency /opt/hermes/simple-qwik-app/node_modules/@parcel/watcher-linux-arm64-glibc
318 silly reify mark deleted [
318 silly reify   '/opt/hermes/simple-qwik-app/node_modules/@parcel/watcher-linux-arm64-glibc'
318 silly reify ]
319 verbose reify failed optional dependency /opt/hermes/simple-qwik-app/node_modules/@parcel/watcher-linux-arm-musl
320 silly reify mark deleted [
320 silly reify   '/opt/hermes/simple-qwik-app/node_modules/@parcel/watcher-linux-arm-musl'
320 silly reify ]
321 verbose reify failed optional dependency /opt/hermes/simple-qwik-app/node_modules/@parcel/watcher-linux-arm-glibc
322 silly reify mark deleted [
322 silly reify   '/opt/hermes/simple-qwik-app/node_modules/@parcel/watcher-linux-arm-glibc'
322 silly reify ]
323 verbose reify failed optional dependency /opt/hermes/simple-qwik-app/node_modules/@parcel/watcher-freebsd-x64
324 silly reify mark deleted [
324 silly reify   '/opt/hermes/simple-qwik-app/node_modules/@parcel/watcher-freebsd-x64'
324 silly reify ]
325 verbose reify failed optional dependency /opt/hermes/simple-qwik-app/node_modules/@parcel/watcher-darwin-x64
326 silly reify mark deleted [
326 silly reify   '/opt/hermes/simple-qwik-app/node_modules/@parcel/watcher-darwin-x64'
326 silly reify ]
327 verbose reify failed optional dependency /opt/hermes/simple-qwik-app/node_modules/@parcel/watcher-darwin-arm64
328 silly reify mark deleted [
328 silly reify   '/opt/hermes/simple-qwik-app/node_modules/@parcel/watcher-darwin-arm64'
328 silly reify ]
329 verbose reify failed optional dependency /opt/hermes/simple-qwik-app/node_modules/@parcel/watcher-android-arm64
330 silly reify mark deleted [
330 silly reify   '/opt/hermes/simple-qwik-app/node_modules/@parcel/watcher-android-arm64'
330 silly reify ]
331 verbose reify failed optional dependency /opt/hermes/simple-qwik-app/node_modules/@img/sharp-win32-x64
332 silly reify mark deleted [ '/opt/hermes/simple-qwik-app/node_modules/@img/sharp-win32-x64' ]
333 verbose reify failed optional dependency /opt/hermes/simple-qwik-app/node_modules/@img/sharp-win32-ia32
334 silly reify mark deleted [ '/opt/hermes/simple-qwik-app/node_modules/@img/sharp-win32-ia32' ]
335 verbose reify failed optional dependency /opt/hermes/simple-qwik-app/node_modules/@img/sharp-win32-arm64
336 silly reify mark deleted [ '/opt/hermes/simple-qwik-app/node_modules/@img/sharp-win32-arm64' ]
337 verbose reify failed optional dependency /opt/hermes/simple-qwik-app/node_modules/@img/sharp-wasm32
338 silly reify mark deleted [ '/opt/hermes/simple-qwik-app/node_modules/@img/sharp-wasm32' ]
339 verbose reify failed optional dependency /opt/hermes/simple-qwik-app/node_modules/@img/sharp-linuxmusl-arm64
340 silly reify mark deleted [
340 silly reify   '/opt/hermes/simple-qwik-app/node_modules/@img/sharp-linuxmusl-arm64'
340 silly reify ]
341 verbose reify failed optional dependency /opt/hermes/simple-qwik-app/node_modules/@img/sharp-linux-s390x
342 silly reify mark deleted [ '/opt/hermes/simple-qwik-app/node_modules/@img/sharp-linux-s390x' ]
343 verbose reify failed optional dependency /opt/hermes/simple-qwik-app/node_modules/@img/sharp-linux-riscv64
344 silly reify mark deleted [ '/opt/hermes/simple-qwik-app/node_modules/@img/sharp-linux-riscv64' ]
345 verbose reify failed optional dependency /opt/hermes/simple-qwik-app/node_modules/@img/sharp-linux-ppc64
346 silly reify mark deleted [ '/opt/hermes/simple-qwik-app/node_modules/@img/sharp-linux-ppc64' ]
347 verbose reify failed optional dependency /opt/hermes/simple-qwik-app/node_modules/@img/sharp-linux-arm64
348 silly reify mark deleted [ '/opt/hermes/simple-qwik-app/node_modules/@img/sharp-linux-arm64' ]
349 verbose reify failed optional dependency /opt/hermes/simple-qwik-app/node_modules/@img/sharp-linux-arm
350 silly reify mark deleted [ '/opt/hermes/simple-qwik-app/node_modules/@img/sharp-linux-arm' ]
351 verbose reify failed optional dependency /opt/hermes/simple-qwik-app/node_modules/@img/sharp-libvips-linuxmusl-arm64
352 silly reify mark deleted [
352 silly reify   '/opt/hermes/simple-qwik-app/node_modules/@img/sharp-libvips-linuxmusl-arm64'
352 silly reify ]
353 verbose reify failed optional dependency /opt/hermes/simple-qwik-app/node_modules/@img/sharp-libvips-linux-s390x
354 silly reify mark deleted [
354 silly reify   '/opt/hermes/simple-qwik-app/node_modules/@img/sharp-libvips-linux-s390x'
354 silly reify ]
355 verbose reify failed optional dependency /opt/hermes/simple-qwik-app/node_modules/@img/sharp-libvips-linux-riscv64
356 silly reify mark deleted [
356 silly reify   '/opt/hermes/simple-qwik-app/node_modules/@img/sharp-libvips-linux-riscv64'
356 silly reify ]
357 verbose reify failed optional dependency /opt/hermes/simple-qwik-app/node_modules/@img/sharp-libvips-linux-ppc64
358 silly reify mark deleted [
358 silly reify   '/opt/hermes/simple-qwik-app/node_modules/@img/sharp-libvips-linux-ppc64'
358 silly reify ]
359 verbose reify failed optional dependency /opt/hermes/simple-qwik-app/node_modules/@img/sharp-libvips-linux-arm64
360 silly reify mark deleted [
360 silly reify   '/opt/hermes/simple-qwik-app/node_modules/@img/sharp-libvips-linux-arm64'
360 silly reify ]
361 verbose reify failed optional dependency /opt/hermes/simple-qwik-app/node_modules/@img/sharp-libvips-linux-arm
362 silly reify mark deleted [
362 silly reify   '/opt/hermes/simple-qwik-app/node_modules/@img/sharp-libvips-linux-arm'
362 silly reify ]
363 verbose reify failed optional dependency /opt/hermes/simple-qwik-app/node_modules/@img/sharp-libvips-darwin-x64
364 silly reify mark deleted [
364 silly reify   '/opt/hermes/simple-qwik-app/node_modules/@img/sharp-libvips-darwin-x64'
364 silly reify ]
365 verbose reify failed optional dependency /opt/hermes/simple-qwik-app/node_modules/@img/sharp-libvips-darwin-arm64
366 silly reify mark deleted [
366 silly reify   '/opt/hermes/simple-qwik-app/node_modules/@img/sharp-libvips-darwin-arm64'
366 silly reify ]
367 verbose reify failed optional dependency /opt/hermes/simple-qwik-app/node_modules/@img/sharp-darwin-x64
368 silly reify mark deleted [ '/opt/hermes/simple-qwik-app/node_modules/@img/sharp-darwin-x64' ]
369 verbose reify failed optional dependency /opt/hermes/simple-qwik-app/node_modules/@img/sharp-darwin-arm64
370 silly reify mark deleted [ '/opt/hermes/simple-qwik-app/node_modules/@img/sharp-darwin-arm64' ]
371 verbose reify failed optional dependency /opt/hermes/simple-qwik-app/node_modules/@esbuild/win32-x64
372 silly reify mark deleted [ '/opt/hermes/simple-qwik-app/node_modules/@esbuild/win32-x64' ]
373 verbose reify failed optional dependency /opt/hermes/simple-qwik-app/node_modules/@esbuild/win32-ia32
374 silly reify mark deleted [ '/opt/hermes/simple-qwik-app/node_modules/@esbuild/win32-ia32' ]
375 verbose reify failed optional dependency /opt/hermes/simple-qwik-app/node_modules/@esbuild/win32-arm64
376 silly reify mark deleted [ '/opt/hermes/simple-qwik-app/node_modules/@esbuild/win32-arm64' ]
377 verbose reify failed optional dependency /opt/hermes/simple-qwik-app/node_modules/@esbuild/sunos-x64
378 silly reify mark deleted [ '/opt/hermes/simple-qwik-app/node_modules/@esbuild/sunos-x64' ]
379 verbose reify failed optional dependency /opt/hermes/simple-qwik-app/node_modules/@esbuild/openharmony-arm64
380 silly reify mark deleted [
380 silly reify   '/opt/hermes/simple-qwik-app/node_modules/@esbuild/openharmony-arm64'
380 silly reify ]
381 verbose reify failed optional dependency /opt/hermes/simple-qwik-app/node_modules/@esbuild/openbsd-x64
382 silly reify mark deleted [ '/opt/hermes/simple-qwik-app/node_modules/@esbuild/openbsd-x64' ]
383 verbose reify failed optional dependency /opt/hermes/simple-qwik-app/node_modules/@esbuild/openbsd-arm64
384 silly reify mark deleted [ '/opt/hermes/simple-qwik-app/node_modules/@esbuild/openbsd-arm64' ]
385 verbose reify failed optional dependency /opt/hermes/simple-qwik-app/node_modules/@esbuild/netbsd-x64
386 silly reify mark deleted [ '/opt/hermes/simple-qwik-app/node_modules/@esbuild/netbsd-x64' ]
387 verbose reify failed optional dependency /opt/hermes/simple-qwik-app/node_modules/@esbuild/netbsd-arm64
388 silly reify mark deleted [ '/opt/hermes/simple-qwik-app/node_modules/@esbuild/netbsd-arm64' ]
389 verbose reify failed optional dependency /opt/hermes/simple-qwik-app/node_modules/@esbuild/linux-s390x
390 silly reify mark deleted [ '/opt/hermes/simple-qwik-app/node_modules/@esbuild/linux-s390x' ]
391 verbose reify failed optional dependency /opt/hermes/simple-qwik-app/node_modules/@esbuild/linux-riscv64
392 silly reify mark deleted [ '/opt/hermes/simple-qwik-app/node_modules/@esbuild/linux-riscv64' ]
393 verbose reify failed optional dependency /opt/hermes/simple-qwik-app/node_modules/@esbuild/linux-ppc64
394 silly reify mark deleted [ '/opt/hermes/simple-qwik-app/node_modules/@esbuild/linux-ppc64' ]
395 verbose reify failed optional dependency /opt/hermes/simple-qwik-app/node_modules/@esbuild/linux-mips64el
396 silly reify mark deleted [ '/opt/hermes/simple-qwik-app/node_modules/@esbuild/linux-mips64el' ]
397 verbose reify failed optional dependency /opt/hermes/simple-qwik-app/node_modules/@esbuild/linux-loong64
398 silly reify mark deleted [ '/opt/hermes/simple-qwik-app/node_modules/@esbuild/linux-loong64' ]
399 verbose reify failed optional dependency /opt/hermes/simple-qwik-app/node_modules/@esbuild/linux-ia32
400 silly reify mark deleted [ '/opt/hermes/simple-qwik-app/node_modules/@esbuild/linux-ia32' ]
401 verbose reify failed optional dependency /opt/hermes/simple-qwik-app/node_modules/@esbuild/linux-arm64
402 silly reify mark deleted [ '/opt/hermes/simple-qwik-app/node_modules/@esbuild/linux-arm64' ]
403 verbose reify failed optional dependency /opt/hermes/simple-qwik-app/node_modules/@esbuild/linux-arm
404 silly reify mark deleted [ '/opt/hermes/simple-qwik-app/node_modules/@esbuild/linux-arm' ]
405 verbose reify failed optional dependency /opt/hermes/simple-qwik-app/node_modules/@esbuild/freebsd-x64
406 silly reify mark deleted [ '/opt/hermes/simple-qwik-app/node_modules/@esbuild/freebsd-x64' ]
407 verbose reify failed optional dependency /opt/hermes/simple-qwik-app/node_modules/@esbuild/freebsd-arm64
408 silly reify mark deleted [ '/opt/hermes/simple-qwik-app/node_modules/@esbuild/freebsd-arm64' ]
409 verbose reify failed optional dependency /opt/hermes/simple-qwik-app/node_modules/@esbuild/darwin-x64
410 silly reify mark deleted [ '/opt/hermes/simple-qwik-app/node_modules/@esbuild/darwin-x64' ]
411 verbose reify failed optional dependency /opt/hermes/simple-qwik-app/node_modules/@esbuild/darwin-arm64
412 silly reify mark deleted [ '/opt/hermes/simple-qwik-app/node_modules/@esbuild/darwin-arm64' ]
413 verbose reify failed optional dependency /opt/hermes/simple-qwik-app/node_modules/@esbuild/android-x64
414 silly reify mark deleted [ '/opt/hermes/simple-qwik-app/node_modules/@esbuild/android-x64' ]
415 verbose reify failed optional dependency /opt/hermes/simple-qwik-app/node_modules/@esbuild/android-arm64
416 silly reify mark deleted [ '/opt/hermes/simple-qwik-app/node_modules/@esbuild/android-arm64' ]
417 verbose reify failed optional dependency /opt/hermes/simple-qwik-app/node_modules/@esbuild/android-arm
418 silly reify mark deleted [ '/opt/hermes/simple-qwik-app/node_modules/@esbuild/android-arm' ]
419 verbose reify failed optional dependency /opt/hermes/simple-qwik-app/node_modules/@esbuild/aix-ppc64
420 silly reify mark deleted [ '/opt/hermes/simple-qwik-app/node_modules/@esbuild/aix-ppc64' ]
421 timing reifyNode:node_modules/lightningcss-win32-x64-msvc Completed in 40ms
422 timing reifyNode:node_modules/lightningcss-win32-arm64-msvc Completed in 40ms
423 timing reifyNode:node_modules/lightningcss-linux-arm64-musl Completed in 40ms
424 timing reifyNode:node_modules/lightningcss-linux-arm64-gnu Completed in 39ms
425 timing reifyNode:node_modules/lightningcss-linux-arm-gnueabihf Completed in 39ms
426 timing reifyNode:node_modules/lightningcss-freebsd-x64 Completed in 39ms
427 timing reifyNode:node_modules/lightningcss-darwin-x64 Completed in 39ms
428 timing reifyNode:node_modules/lightningcss-darwin-arm64 Completed in 41ms
429 timing reifyNode:node_modules/lightningcss-android-arm64 Completed in 42ms
430 timing reifyNode:node_modules/@tailwindcss/oxide-win32-x64-msvc Completed in 42ms
431 timing reifyNode:node_modules/@tailwindcss/oxide-win32-arm64-msvc Completed in 42ms
432 timing reifyNode:node_modules/@tailwindcss/oxide-linux-arm64-musl Completed in 41ms
433 timing reifyNode:node_modules/@tailwindcss/oxide-linux-arm64-gnu Completed in 42ms
434 timing reifyNode:node_modules/@tailwindcss/oxide-linux-arm-gnueabihf Completed in 42ms
435 timing reifyNode:node_modules/@tailwindcss/oxide-freebsd-x64 Completed in 42ms
436 timing reifyNode:node_modules/@tailwindcss/oxide-darwin-x64 Completed in 42ms
437 timing reifyNode:node_modules/@tailwindcss/oxide-darwin-arm64 Completed in 42ms
438 timing reifyNode:node_modules/@tailwindcss/oxide-android-arm64 Completed in 42ms
439 timing reifyNode:node_modules/fsevents Completed in 43ms
440 timing reifyNode:node_modules/@rollup/rollup-win32-x64-msvc Completed in 43ms
441 timing reifyNode:node_modules/@rollup/rollup-win32-x64-gnu Completed in 44ms
442 timing reifyNode:node_modules/@rollup/rollup-win32-ia32-msvc Completed in 44ms
443 timing reifyNode:node_modules/@rollup/rollup-win32-arm64-msvc Completed in 43ms
444 timing reifyNode:node_modules/@rollup/rollup-openharmony-arm64 Completed in 43ms
445 timing reifyNode:node_modules/@rollup/rollup-openbsd-x64 Completed in 43ms
446 timing reifyNode:node_modules/@rollup/rollup-linux-s390x-gnu Completed in 44ms
447 timing reifyNode:node_modules/@rollup/rollup-linux-riscv64-musl Completed in 44ms
448 timing reifyNode:node_modules/@rollup/rollup-linux-riscv64-gnu Completed in 44ms
449 timing reifyNode:node_modules/@rollup/rollup-linux-ppc64-musl Completed in 44ms
450 timing reifyNode:node_modules/@rollup/rollup-linux-ppc64-gnu Completed in 44ms
451 timing reifyNode:node_modules/@rollup/rollup-linux-loong64-musl Completed in 44ms
452 timing reifyNode:node_modules/@rollup/rollup-linux-loong64-gnu Completed in 44ms
453 timing reifyNode:node_modules/@rollup/rollup-linux-arm64-musl Completed in 44ms
454 timing reifyNode:node_modules/@rollup/rollup-linux-arm64-gnu Completed in 44ms
455 timing reifyNode:node_modules/@rollup/rollup-linux-arm-musleabihf Completed in 45ms
456 timing reifyNode:node_modules/@rollup/rollup-linux-arm-gnueabihf Completed in 45ms
457 timing reifyNode:node_modules/@rollup/rollup-freebsd-x64 Completed in 45ms
458 timing reifyNode:node_modules/@rollup/rollup-freebsd-arm64 Completed in 45ms
459 timing reifyNode:node_modules/@rollup/rollup-darwin-x64 Completed in 45ms
460 timing reifyNode:node_modules/@rollup/rollup-darwin-arm64 Completed in 45ms
461 timing reifyNode:node_modules/@rollup/rollup-android-arm64 Completed in 45ms
462 timing reifyNode:node_modules/@rollup/rollup-android-arm-eabi Completed in 47ms
463 timing reifyNode:node_modules/@parcel/watcher-win32-x64 Completed in 46ms
464 timing reifyNode:node_modules/@parcel/watcher-win32-ia32 Completed in 46ms
465 timing reifyNode:node_modules/@parcel/watcher-win32-arm64 Completed in 46ms
466 timing reifyNode:node_modules/@parcel/watcher-linux-arm64-musl Completed in 46ms
467 timing reifyNode:node_modules/@parcel/watcher-linux-arm64-glibc Completed in 46ms
468 timing reifyNode:node_modules/@parcel/watcher-linux-arm-musl Completed in 46ms
469 timing reifyNode:node_modules/@parcel/watcher-linux-arm-glibc Completed in 47ms
470 timing reifyNode:node_modules/@parcel/watcher-freebsd-x64 Completed in 47ms
471 timing reifyNode:node_modules/@parcel/watcher-darwin-x64 Completed in 47ms
472 timing reifyNode:node_modules/@parcel/watcher-darwin-arm64 Completed in 47ms
473 timing reifyNode:node_modules/@parcel/watcher-android-arm64 Completed in 47ms
474 timing reifyNode:node_modules/@img/sharp-win32-x64 Completed in 47ms
475 timing reifyNode:node_modules/@img/sharp-win32-ia32 Completed in 47ms
476 timing reifyNode:node_modules/@img/sharp-win32-arm64 Completed in 47ms
477 timing reifyNode:node_modules/@img/sharp-wasm32 Completed in 47ms
478 timing reifyNode:node_modules/@img/sharp-linuxmusl-arm64 Completed in 47ms
479 timing reifyNode:node_modules/@img/sharp-linux-s390x Completed in 47ms
480 timing reifyNode:node_modules/@img/sharp-linux-riscv64 Completed in 47ms
481 timing reifyNode:node_modules/@img/sharp-linux-ppc64 Completed in 48ms
482 timing reifyNode:node_modules/@img/sharp-linux-arm64 Completed in 48ms
483 timing reifyNode:node_modules/@img/sharp-linux-arm Completed in 48ms
484 timing reifyNode:node_modules/@img/sharp-libvips-linuxmusl-arm64 Completed in 48ms
485 timing reifyNode:node_modules/@img/sharp-libvips-linux-s390x Completed in 48ms
486 timing reifyNode:node_modules/@img/sharp-libvips-linux-riscv64 Completed in 47ms
487 timing reifyNode:node_modules/@img/sharp-libvips-linux-ppc64 Completed in 47ms
488 timing reifyNode:node_modules/@img/sharp-libvips-linux-arm64 Completed in 47ms
489 timing reifyNode:node_modules/@img/sharp-libvips-linux-arm Completed in 48ms
490 timing reifyNode:node_modules/@img/sharp-libvips-darwin-x64 Completed in 48ms
491 timing reifyNode:node_modules/@img/sharp-libvips-darwin-arm64 Completed in 48ms
492 timing reifyNode:node_modules/@img/sharp-darwin-x64 Completed in 48ms
493 timing reifyNode:node_modules/@img/sharp-darwin-arm64 Completed in 48ms
494 timing reifyNode:node_modules/@esbuild/win32-x64 Completed in 48ms
495 timing reifyNode:node_modules/@esbuild/win32-ia32 Completed in 48ms
496 timing reifyNode:node_modules/@esbuild/win32-arm64 Completed in 48ms
497 timing reifyNode:node_modules/@esbuild/sunos-x64 Completed in 48ms
498 timing reifyNode:node_modules/@esbuild/openharmony-arm64 Completed in 48ms
499 timing reifyNode:node_modules/@esbuild/openbsd-x64 Completed in 48ms
500 timing reifyNode:node_modules/@esbuild/openbsd-arm64 Completed in 49ms
501 timing reifyNode:node_modules/@esbuild/netbsd-x64 Completed in 48ms
502 timing reifyNode:node_modules/@esbuild/netbsd-arm64 Completed in 48ms
503 timing reifyNode:node_modules/@esbuild/linux-s390x Completed in 48ms
504 timing reifyNode:node_modules/@esbuild/linux-riscv64 Completed in 48ms
505 timing reifyNode:node_modules/@esbuild/linux-ppc64 Completed in 48ms
506 timing reifyNode:node_modules/@esbuild/linux-mips64el Completed in 48ms
507 timing reifyNode:node_modules/@esbuild/linux-loong64 Completed in 48ms
508 timing reifyNode:node_modules/@esbuild/linux-ia32 Completed in 48ms
509 timing reifyNode:node_modules/@esbuild/linux-arm64 Completed in 48ms
510 timing reifyNode:node_modules/@esbuild/linux-arm Completed in 49ms
511 timing reifyNode:node_modules/@esbuild/freebsd-x64 Completed in 49ms
512 timing reifyNode:node_modules/@esbuild/freebsd-arm64 Completed in 49ms
513 timing reifyNode:node_modules/@esbuild/darwin-x64 Completed in 49ms
514 timing reifyNode:node_modules/@esbuild/darwin-arm64 Completed in 49ms
515 timing reifyNode:node_modules/@esbuild/android-x64 Completed in 49ms
516 timing reifyNode:node_modules/@esbuild/android-arm64 Completed in 48ms
517 timing reifyNode:node_modules/@esbuild/android-arm Completed in 48ms
518 timing reifyNode:node_modules/@esbuild/aix-ppc64 Completed in 48ms
519 silly tarball no local data for tapable@https://registry.npmjs.org/tapable/-/tapable-2.3.2.tgz. Extracting by manifest.
520 silly tarball no local data for lightningcss-linux-x64-gnu@https://registry.npmjs.org/lightningcss-linux-x64-gnu/-/lightningcss-linux-x64-gnu-1.32.0.tgz. Extracting by manifest.
521 silly tarball no local data for lightningcss-linux-x64-musl@https://registry.npmjs.org/lightningcss-linux-x64-musl/-/lightningcss-linux-x64-musl-1.32.0.tgz. Extracting by manifest.
522 silly tarball no local data for @tailwindcss/oxide-linux-x64-gnu@https://registry.npmjs.org/@tailwindcss/oxide-linux-x64-gnu/-/oxide-linux-x64-gnu-4.2.2.tgz. Extracting by manifest.
523 silly tarball no local data for @jridgewell/sourcemap-codec@https://registry.npmjs.org/@jridgewell/sourcemap-codec/-/sourcemap-codec-1.5.5.tgz. Extracting by manifest.
524 silly tarball no local data for @jridgewell/resolve-uri@https://registry.npmjs.org/@jridgewell/resolve-uri/-/resolve-uri-3.1.2.tgz. Extracting by manifest.
525 silly tarball no local data for @tailwindcss/oxide-linux-x64-musl@https://registry.npmjs.org/@tailwindcss/oxide-linux-x64-musl/-/oxide-linux-x64-musl-4.2.2.tgz. Extracting by manifest.
526 silly tarball no local data for @jridgewell/trace-mapping@https://registry.npmjs.org/@jridgewell/trace-mapping/-/trace-mapping-0.3.31.tgz. Extracting by manifest.
527 silly tarball no local data for lightningcss@https://registry.npmjs.org/lightningcss/-/lightningcss-1.32.0.tgz. Extracting by manifest.
528 silly tarball no local data for jiti@https://registry.npmjs.org/jiti/-/jiti-2.6.1.tgz. Extracting by manifest.
529 silly tarball no local data for magic-string@https://registry.npmjs.org/magic-string/-/magic-string-0.30.21.tgz. Extracting by manifest.
530 silly tarball no local data for @jridgewell/gen-mapping@https://registry.npmjs.org/@jridgewell/gen-mapping/-/gen-mapping-0.3.13.tgz. Extracting by manifest.
531 silly tarball no local data for enhanced-resolve@https://registry.npmjs.org/enhanced-resolve/-/enhanced-resolve-5.20.1.tgz. Extracting by manifest.
532 silly tarball no local data for @tailwindcss/node@https://registry.npmjs.org/@tailwindcss/node/-/node-4.2.2.tgz. Extracting by manifest.
533 silly tarball no local data for @tailwindcss/oxide@https://registry.npmjs.org/@tailwindcss/oxide/-/oxide-4.2.2.tgz. Extracting by manifest.
534 silly tarball no local data for @jridgewell/remapping@https://registry.npmjs.org/@jridgewell/remapping/-/remapping-2.3.5.tgz. Extracting by manifest.
535 silly tarball no local data for @tailwindcss/vite@https://registry.npmjs.org/@tailwindcss/vite/-/vite-4.2.2.tgz. Extracting by manifest.
536 http fetch POST 200 https://registry.npmjs.org/-/npm/v1/security/advisories/bulk 401ms
537 timing auditReport:getReport Completed in 419ms
538 silly audit report {
538 silly audit report   undici: [
538 silly audit report     {
538 silly audit report       id: 1101610,
538 silly audit report       url: 'https://github.com/advisories/GHSA-c76h-2ccp-4975',
538 silly audit report       title: 'Use of Insufficiently Random Values in undici',
538 silly audit report       severity: 'moderate',
538 silly audit report       vulnerable_versions: '>=4.5.0 <5.28.5',
538 silly audit report       cwe: [Array],
538 silly audit report       cvss: [Object]
538 silly audit report     },
538 silly audit report     {
538 silly audit report       id: 1112496,
538 silly audit report       url: 'https://github.com/advisories/GHSA-g9mf-h72j-4rw9',
538 silly audit report       title: 'Undici has an unbounded decompression chain in HTTP responses on Node.js Fetch API via Content-Encoding leads to resource exhaustion',
538 silly audit report       severity: 'moderate',
538 silly audit report       vulnerable_versions: '<6.23.0',
538 silly audit report       cwe: [Array],
538 silly audit report       cvss: [Object]
538 silly audit report     },
538 silly audit report     {
538 silly audit report       id: 1113069,
538 silly audit report       url: 'https://github.com/advisories/GHSA-cxrh-j4jr-qwg3',
538 silly audit report       title: 'undici Denial of Service attack via bad certificate data',
538 silly audit report       severity: 'low',
538 silly audit report       vulnerable_versions: '<5.29.0',
538 silly audit report       cwe: [Array],
538 silly audit report       cvss: [Object]
538 silly audit report     },
538 silly audit report     {
538 silly audit report       id: 1114594,
538 silly audit report       url: 'https://github.com/advisories/GHSA-2mjp-6q6p-2qxm',
538 silly audit report       title: 'Undici has an HTTP Request/Response Smuggling issue',
538 silly audit report       severity: 'moderate',
538 silly audit report       vulnerable_versions: '<6.24.0',
538 silly audit report       cwe: [Array],
538 silly audit report       cvss: [Object]
538 silly audit report     },
538 silly audit report     {
538 silly audit report       id: 1114638,
538 silly audit report       url: 'https://github.com/advisories/GHSA-vrm6-8vpv-qv8q',
538 silly audit report       title: 'Undici has Unbounded Memory Consumption in WebSocket permessage-deflate Decompression',
538 silly audit report       severity: 'high',
538 silly audit report       vulnerable_versions: '<6.24.0',
538 silly audit report       cwe: [Array],
538 silly audit report       cvss: [Object]
538 silly audit report     },
538 silly audit report     {
538 silly audit report       id: 1114640,
538 silly audit report       url: 'https://github.com/advisories/GHSA-v9p9-hfj2-hcw8',
538 silly audit report       title: 'Undici has Unhandled Exception in WebSocket Client Due to Invalid server_max_window_bits Validation',
538 silly audit report       severity: 'high',
538 silly audit report       vulnerable_versions: '<6.24.0',
538 silly audit report       cwe: [Array],
538 silly audit report       cvss: [Object]
538 silly audit report     },
538 silly audit report     {
538 silly audit report       id: 1114642,
538 silly audit report       url: 'https://github.com/advisories/GHSA-4992-7rv2-5pvq',
538 silly audit report       title: 'Undici has CRLF Injection in undici via `upgrade` option',
538 silly audit report       severity: 'moderate',
538 silly audit report       vulnerable_versions: '<6.24.0',
538 silly audit report       cwe: [Array],
538 silly audit report       cvss: [Object]
538 silly audit report     }
538 silly audit report   ],
538 silly audit report   vite: [
538 silly audit report     {
538 silly audit report       id: 1116230,
538 silly audit report       url: 'https://github.com/advisories/GHSA-4w7w-66w2-5vf9',
538 silly audit report       title: 'Vite Vulnerable to Path Traversal in Optimized Deps `.map` Handling',
538 silly audit report       severity: 'moderate',
538 silly audit report       vulnerable_versions: '>=7.0.0 <=7.3.1',
538 silly audit report       cwe: [Array],
538 silly audit report       cvss: [Object]
538 silly audit report     },
538 silly audit report     {
538 silly audit report       id: 1116232,
538 silly audit report       url: 'https://github.com/advisories/GHSA-v2wj-q39q-566r',
538 silly audit report       title: 'Vite: `server.fs.deny` bypassed with queries',
538 silly audit report       severity: 'high',
538 silly audit report       vulnerable_versions: '>=7.1.0 <=7.3.1',
538 silly audit report       cwe: [Array],
538 silly audit report       cvss: [Object]
538 silly audit report     },
538 silly audit report     {
538 silly audit report       id: 1116235,
538 silly audit report       url: 'https://github.com/advisories/GHSA-p9ff-h696-f583',
538 silly audit report       title: 'Vite Vulnerable to Arbitrary File Read via Vite Dev Server WebSocket',
538 silly audit report       severity: 'high',
538 silly audit report       vulnerable_versions: '>=7.0.0 <=7.3.1',
538 silly audit report       cwe: [Array],
538 silly audit report       cvss: [Object]
538 silly audit report     }
538 silly audit report   ]
538 silly audit report }
539 timing metavuln:packument:vite Completed in 1ms
540 http fetch GET 200 https://registry.npmjs.org/tapable/-/tapable-2.3.2.tgz 404ms (cache miss)
541 http fetch GET 200 https://registry.npmjs.org/@tailwindcss/oxide/-/oxide-4.2.2.tgz 379ms (cache miss)
542 timing reifyNode:node_modules/@tailwindcss/oxide Completed in 486ms
543 http fetch GET 200 https://registry.npmjs.org/@jridgewell/remapping/-/remapping-2.3.5.tgz 412ms (cache miss)
544 timing metavuln:cache:get:security-advisory:undici:1/WUXNn7xp8QIxaZBTaUcktiVwkOnmSvwgfb1Rj47N3I6JV0b/fBGrXtK2IlcAMucd6B6lEd6IwB6aXkLT4iiQ== Completed in 120ms
545 timing metavuln:cache:get:security-advisory:undici:nff069lyoAS01AkUxVLcuUFa1E2TkblEu92M6KEf0cwRulH5yOyww8K6p/a/Vl4yVTKHmz/mMmhCbLKSHB2OEA== Completed in 121ms
546 timing metavuln:cache:get:security-advisory:undici:b3oQ3g+hj5SMgnSURhB4kIqOkHt2IsYm2a0haI1yHGuf1J25TaGtftXhEW1qa2Mh6Sh8mU/Zkap9kW71veIGgQ== Completed in 123ms
547 timing metavuln:cache:get:security-advisory:undici:C95pXYvPtLw+lt2tMAK2ZwI4cRE9zPAiAhuYhLTSBlt8zW7E6i7+1/t4Dr2HIHPtN20zKskQfrXNb2aJ1cd2aw== Completed in 121ms
548 timing metavuln:cache:get:security-advisory:undici:0qrEC5u79wvaP2Gmo/9yw94XveSTFxdKaNrDWBjvjOS8o0Q8K+spDEmI1pdmvaj+ymc+emfXUM8HbqtBcHKfBw== Completed in 122ms
549 timing metavuln:cache:get:security-advisory:undici:O5nryYY+vdCnsOyx+t6CGBNa9/eilVLy3OgHgltD32RLanE2XCJuqOsmvrKeWKSkpvP517nC5+VCbcKJtlG/5A== Completed in 121ms
550 timing metavuln:cache:get:security-advisory:undici:hRagIU2z3Dww7TjQZesFJH0iRCwPzbhbtsLTKcdmeEBVqULQQcBfsIlTc1fcVKr3Zu7fjcxZ4DhnOtJmRI5Kww== Completed in 122ms
551 timing metavuln:cache:get:security-advisory:vite:KfZn8yxFghRSACYGvtoE5dS+n7MZ6IoDfxWttMT44/PEQln6urGt1L12TRUqdcGj/tg3v/t/GlXIj0Yl4wYTaQ== Completed in 122ms
552 timing metavuln:load:security-advisory:vite:1116230 Completed in 10ms
553 timing metavuln:calculate:security-advisory:vite:1116230 Completed in 132ms
554 timing metavuln:cache:get:security-advisory:vite:YKy4GOwNBzYPcn5Xa2ttFRubdc68zM0lpbEYfRzqKP4QtBRYJH9u3PgqUhIzxkCEAaL9OtJYNzj89wT4miRA2A== Completed in 133ms
555 timing metavuln:load:security-advisory:vite:1116232 Completed in 7ms
556 timing metavuln:calculate:security-advisory:vite:1116232 Completed in 140ms
557 timing metavuln:cache:get:security-advisory:vite:SCO1RRwPelWhJ/uWmFc7/ylctclEgPPJUhE0gRdbA8vEo5CpmXWDHQld5vZGRMty/O49XuvkGICdtbOr7Bggsg== Completed in 140ms
558 timing metavuln:load:security-advisory:vite:1116235 Completed in 5ms
559 timing metavuln:calculate:security-advisory:vite:1116235 Completed in 147ms
560 http fetch GET 200 https://registry.npmjs.org/@tailwindcss/vite/-/vite-4.2.2.tgz 440ms (cache miss)
561 timing reifyNode:node_modules/@tailwindcss/vite Completed in 552ms
562 http fetch GET 200 https://registry.npmjs.org/@jridgewell/resolve-uri/-/resolve-uri-3.1.2.tgz 519ms (cache miss)
563 timing reifyNode:node_modules/tslib Completed in 620ms
564 timing reifyNode:node_modules/@jridgewell/resolve-uri Completed in 622ms
565 http fetch GET 200 https://registry.npmjs.org/undici 224ms (cache hit)
566 timing metavuln:packument:undici Completed in 233ms
567 timing metavuln:load:security-advisory:undici:1101610 Completed in 1ms
568 timing metavuln:calculate:security-advisory:undici:1101610 Completed in 236ms
569 timing metavuln:load:security-advisory:undici:1112496 Completed in 2ms
570 timing metavuln:calculate:security-advisory:undici:1112496 Completed in 235ms
571 timing metavuln:load:security-advisory:undici:1113069 Completed in 2ms
572 timing metavuln:calculate:security-advisory:undici:1113069 Completed in 237ms
573 timing metavuln:load:security-advisory:undici:1114594 Completed in 1ms
574 timing metavuln:calculate:security-advisory:undici:1114594 Completed in 238ms
575 timing metavuln:load:security-advisory:undici:1114638 Completed in 2ms
576 timing metavuln:calculate:security-advisory:undici:1114638 Completed in 240ms
577 timing metavuln:load:security-advisory:undici:1114640 Completed in 1ms
578 timing metavuln:calculate:security-advisory:undici:1114640 Completed in 241ms
579 timing metavuln:load:security-advisory:undici:1114642 Completed in 1ms
580 timing metavuln:calculate:security-advisory:undici:1114642 Completed in 242ms
581 timing reifyNode:node_modules/tapable Completed in 744ms
582 http fetch GET 200 https://registry.npmjs.org/@tailwindcss/node/-/node-4.2.2.tgz 641ms (cache miss)
583 timing reifyNode:node_modules/@tailwindcss/node Completed in 750ms
584 timing metavuln:cache:get:security-advisory:@builder.io/qwik-city:zboiqURg8qzo/TMb7C6xQrRZaDi77maGvNcWjBpVFYSo7Fad2mr7k09Jo4XJwVodQK/rX5+SGsqY+/fKxzDXuw== Completed in 113ms
585 http fetch GET 200 https://registry.npmjs.org/@builder.io%2fqwik-city 162ms (cache hit)
586 timing metavuln:packument:@builder.io/qwik-city Completed in 169ms
587 timing metavuln:load:security-advisory:@builder.io/qwik-city:b3oQ3g+hj5SMgnSURhB4kIqOkHt2IsYm2a0haI1yHGuf1J25TaGtftXhEW1qa2Mh6Sh8mU/Zkap9kW71veIGgQ== Completed in 2ms
588 timing metavuln:calculate:security-advisory:@builder.io/qwik-city:b3oQ3g+hj5SMgnSURhB4kIqOkHt2IsYm2a0haI1yHGuf1J25TaGtftXhEW1qa2Mh6Sh8mU/Zkap9kW71veIGgQ== Completed in 172ms
589 timing metavuln:packument:@tailwindcss/vite Completed in 2ms
590 http fetch GET 200 https://registry.npmjs.org/magic-string/-/magic-string-0.30.21.tgz 746ms (cache miss)
591 http fetch GET 200 https://registry.npmjs.org/@jridgewell/gen-mapping/-/gen-mapping-0.3.13.tgz 750ms (cache miss)
592 timing metavuln:cache:get:security-advisory:@tailwindcss/vite:VpMZjAwOULxWZuOz/cSR/u3vn08GxDYMDaWJ4Iz6oW/o/5kqoIqzhQiD88KVtvkromSVTcE85A6+kk1qYJz8kA== Completed in 19ms
593 timing metavuln:load:security-advisory:@tailwindcss/vite:KfZn8yxFghRSACYGvtoE5dS+n7MZ6IoDfxWttMT44/PEQln6urGt1L12TRUqdcGj/tg3v/t/GlXIj0Yl4wYTaQ== Completed in 192ms
594 timing reifyNode:node_modules/magic-string Completed in 1070ms
595 timing reifyNode:node_modules/@jridgewell/gen-mapping Completed in 1073ms
596 timing reifyNode:node_modules/@jridgewell/remapping Completed in 1073ms
597 timing reifyNode:node_modules/@emnapi/runtime Completed in 1083ms
598 http fetch GET 200 https://registry.npmjs.org/@jridgewell/sourcemap-codec/-/sourcemap-codec-1.5.5.tgz 1009ms (cache miss)
599 timing reifyNode:node_modules/@jridgewell/sourcemap-codec Completed in 1098ms
600 timing metavuln:cache:get:security-advisory:@builder.io/qwik:AokBXCCOgBXSl6/Ahg2ZG6P7Og1jnYu2nfMox5h8LSon6PiEy5+BZ98jmVh0cU6zRufbsnSUeowAJrzkHnEb9A== Completed in 278ms
601 timing metavuln:cache:get:security-advisory:@builder.io/qwik-city:3TinLrvU30AuTIFKWrZsR5l7QQmyHaQfafp6j8xnJJRCuqq/VwnFc0jBg+pgazEEdGHfYWF5pEB7adGMroWg2w== Completed in 277ms
602 timing metavuln:load:security-advisory:@builder.io/qwik-city:KfZn8yxFghRSACYGvtoE5dS+n7MZ6IoDfxWttMT44/PEQln6urGt1L12TRUqdcGj/tg3v/t/GlXIj0Yl4wYTaQ== Completed in 1ms
603 timing metavuln:calculate:security-advisory:@builder.io/qwik-city:KfZn8yxFghRSACYGvtoE5dS+n7MZ6IoDfxWttMT44/PEQln6urGt1L12TRUqdcGj/tg3v/t/GlXIj0Yl4wYTaQ== Completed in 280ms
604 timing metavuln:cache:get:security-advisory:vite-tsconfig-paths:98raDu6S9CSY+WnYG0a3ixPD7rCtBzYjFySqlTT3J9sfWtV0XI+UqoW1vQp9wlEIr+rfoDkb89kW4jThhTMGJQ== Completed in 284ms
605 timing metavuln:cache:put:security-advisory:@tailwindcss/vite:VpMZjAwOULxWZuOz/cSR/u3vn08GxDYMDaWJ4Iz6oW/o/5kqoIqzhQiD88KVtvkromSVTcE85A6+kk1qYJz8kA== Completed in 81ms
606 timing metavuln:calculate:security-advisory:@tailwindcss/vite:KfZn8yxFghRSACYGvtoE5dS+n7MZ6IoDfxWttMT44/PEQln6urGt1L12TRUqdcGj/tg3v/t/GlXIj0Yl4wYTaQ== Completed in 294ms
607 http fetch GET 200 https://registry.npmjs.org/lightningcss/-/lightningcss-1.32.0.tgz 1085ms (cache miss)
608 timing reifyNode:node_modules/lightningcss Completed in 1194ms
609 http fetch GET 200 https://registry.npmjs.org/@builder.io%2fqwik 373ms (cache hit)
610 timing metavuln:packument:@builder.io/qwik Completed in 385ms
611 timing metavuln:load:security-advisory:@builder.io/qwik:KfZn8yxFghRSACYGvtoE5dS+n7MZ6IoDfxWttMT44/PEQln6urGt1L12TRUqdcGj/tg3v/t/GlXIj0Yl4wYTaQ== Completed in 4ms
612 timing metavuln:calculate:security-advisory:@builder.io/qwik:KfZn8yxFghRSACYGvtoE5dS+n7MZ6IoDfxWttMT44/PEQln6urGt1L12TRUqdcGj/tg3v/t/GlXIj0Yl4wYTaQ== Completed in 391ms
613 http fetch GET 200 https://registry.npmjs.org/vite-tsconfig-paths 389ms (cache hit)
614 timing metavuln:packument:vite-tsconfig-paths Completed in 392ms
615 timing metavuln:load:security-advisory:vite-tsconfig-paths:KfZn8yxFghRSACYGvtoE5dS+n7MZ6IoDfxWttMT44/PEQln6urGt1L12TRUqdcGj/tg3v/t/GlXIj0Yl4wYTaQ== Completed in 1ms
616 timing metavuln:calculate:security-advisory:vite-tsconfig-paths:KfZn8yxFghRSACYGvtoE5dS+n7MZ6IoDfxWttMT44/PEQln6urGt1L12TRUqdcGj/tg3v/t/GlXIj0Yl4wYTaQ== Completed in 394ms
617 timing auditReport:init Completed in 819ms
618 timing reify:audit Completed in 1241ms
619 http fetch GET 200 https://registry.npmjs.org/@jridgewell/trace-mapping/-/trace-mapping-0.3.31.tgz 1143ms (cache miss)
620 timing reifyNode:node_modules/@jridgewell/trace-mapping Completed in 1268ms
621 http fetch GET 200 https://registry.npmjs.org/enhanced-resolve/-/enhanced-resolve-5.20.1.tgz 1227ms (cache miss)
622 timing reifyNode:node_modules/enhanced-resolve Completed in 1335ms
623 http fetch GET 200 https://registry.npmjs.org/jiti/-/jiti-2.6.1.tgz 1332ms (cache miss)
624 timing reifyNode:node_modules/jiti Completed in 1437ms
625 http fetch GET 200 https://registry.npmjs.org/@tailwindcss/oxide-linux-x64-musl/-/oxide-linux-x64-musl-4.2.2.tgz 1481ms (cache miss)
626 timing reifyNode:node_modules/@tailwindcss/oxide-linux-x64-musl Completed in 1577ms
627 http fetch GET 200 https://registry.npmjs.org/@tailwindcss/oxide-linux-x64-gnu/-/oxide-linux-x64-gnu-4.2.2.tgz 1494ms (cache miss)
628 timing reifyNode:node_modules/@tailwindcss/oxide-linux-x64-gnu Completed in 1581ms
629 http fetch GET 200 https://registry.npmjs.org/lightningcss-linux-x64-musl/-/lightningcss-linux-x64-musl-1.32.0.tgz 1892ms (cache miss)
630 timing reifyNode:node_modules/lightningcss-linux-x64-musl Completed in 1977ms
631 http fetch GET 200 https://registry.npmjs.org/lightningcss-linux-x64-gnu/-/lightningcss-linux-x64-gnu-1.32.0.tgz 1896ms (cache miss)
632 timing reifyNode:node_modules/lightningcss-linux-x64-gnu Completed in 1979ms
633 timing reify:unpack Completed in 1979ms
634 timing reify:unretire Completed in 1ms
635 timing build:queue Completed in 8ms
636 timing build:link:node_modules/jiti Completed in 7ms
637 timing build:link Completed in 8ms
638 timing build:deps Completed in 16ms
639 timing build Completed in 17ms
640 timing reify:build Completed in 18ms
641 timing reify:trash Completed in 12ms
642 timing reify:save Completed in 439ms
643 timing reify Completed in 7580ms
644 silly ADD
645 silly ADD
646 silly ADD node_modules/lightningcss-linux-x64-musl
647 silly ADD node_modules/lightningcss-linux-x64-gnu
648 silly ADD
649 silly ADD
650 silly ADD
651 silly ADD
652 silly ADD
653 silly ADD
654 silly ADD
655 silly ADD node_modules/tapable
656 silly ADD
657 silly ADD
658 silly ADD
659 silly ADD node_modules/@tailwindcss/oxide-linux-x64-musl
660 silly ADD node_modules/@tailwindcss/oxide-linux-x64-gnu
661 silly ADD
662 silly ADD
663 silly ADD
664 silly ADD
665 silly ADD
666 silly ADD
667 silly ADD
668 silly ADD node_modules/@jridgewell/resolve-uri
669 silly ADD node_modules/@jridgewell/sourcemap-codec
670 silly ADD node_modules/@jridgewell/trace-mapping
671 silly ADD node_modules/@jridgewell/gen-mapping
672 silly ADD node_modules/magic-string
673 silly ADD node_modules/lightningcss
674 silly ADD node_modules/jiti
675 silly ADD node_modules/enhanced-resolve
676 silly ADD node_modules/@jridgewell/remapping
677 silly ADD node_modules/@tailwindcss/oxide
678 silly ADD node_modules/@tailwindcss/node
679 silly ADD node_modules/@tailwindcss/vite
680 silly ADD node_modules/tslib
681 silly ADD
682 silly ADD
683 silly ADD
684 silly ADD
685 silly ADD
686 silly ADD
687 silly ADD
688 silly ADD
689 silly ADD
690 silly ADD
691 silly ADD
692 silly ADD
693 silly ADD
694 silly ADD
695 silly ADD
696 silly ADD
697 silly ADD
698 silly ADD
699 silly ADD
700 silly ADD
701 silly ADD
702 silly ADD
703 silly ADD
704 silly ADD
705 silly ADD
706 silly ADD
707 silly ADD
708 silly ADD
709 silly ADD
710 silly ADD
711 silly ADD
712 silly ADD
713 silly ADD
714 silly ADD
715 silly ADD
716 silly ADD
717 silly ADD
718 silly ADD
719 silly ADD
720 silly ADD
721 silly ADD
722 silly ADD
723 silly ADD
724 silly ADD
725 silly ADD
726 silly ADD
727 silly ADD
728 silly ADD
729 silly ADD
730 silly ADD
731 silly ADD
732 silly ADD
733 silly ADD
734 silly ADD
735 silly ADD
736 silly ADD
737 silly ADD
738 silly ADD
739 silly ADD
740 silly ADD
741 silly ADD
742 silly ADD
743 silly ADD
744 silly ADD
745 silly ADD
746 silly ADD
747 silly ADD
748 silly ADD
749 silly ADD
750 silly ADD
751 silly ADD
752 silly ADD
753 silly ADD
754 silly ADD
755 silly ADD
756 silly ADD
757 silly ADD
758 silly ADD
759 silly ADD
760 silly ADD
761 silly ADD node_modules/@emnapi/runtime
762 timing command:install Completed in 7642ms
763 verbose exit 0
764 timing npm Completed in 7742ms
765 info ok
