0 verbose cli /usr/bin/node /usr/bin/npm
1 info using npm@9.2.0
2 info using node@v20.19.2
3 timing npm:load:whichnode Completed in 1ms
4 timing config:load:defaults Completed in 3ms
5 timing config:load:file:/usr/share/nodejs/npm/npmrc Completed in 8ms
6 timing config:load:builtin Completed in 8ms
7 timing config:load:cli Completed in 4ms
8 timing config:load:env Completed in 1ms
9 timing config:load:project Completed in 2ms
10 timing config:load:file:/opt/data/home/.npmrc Completed in 1ms
11 timing config:load:user Completed in 1ms
12 timing config:load:file:/etc/npmrc Completed in 1ms
13 timing config:load:global Completed in 1ms
14 timing config:load:setEnvs Completed in 2ms
15 timing config:load Completed in 22ms
16 timing npm:load:configload Completed in 23ms
17 timing npm:load:mkdirpcache Completed in 0ms
18 timing npm:load:mkdirplogs Completed in 0ms
19 verbose title npm install ngrok
20 verbose argv "install" "--global" "ngrok"
21 timing npm:load:setTitle Completed in 2ms
22 timing config:load:flatten Completed in 4ms
23 timing npm:load:display Completed in 5ms
24 verbose logfile logs-max:10 dir:/opt/data/home/.npm/_logs/2026-04-19T17_42_21_177Z-
25 verbose logfile /opt/data/home/.npm/_logs/2026-04-19T17_42_21_177Z-debug-0.log
26 timing npm:load:logFile Completed in 11ms
27 timing npm:load:timers Completed in 0ms
28 timing npm:load:configScope Completed in 1ms
29 timing npm:load Completed in 45ms
30 timing config:load:flatten Completed in 1ms
31 timing arborist:ctor Completed in 1ms
32 silly logfile start cleaning logs, removing 1 files
33 silly logfile done cleaning log files
34 timing idealTree:init Completed in 13ms
35 timing idealTree:userRequests Completed in 8ms
36 silly idealTree buildDeps
37 silly fetch manifest ngrok@*
38 http fetch GET 200 https://registry.npmjs.org/ngrok 179ms (cache miss)
39 silly placeDep ROOT ngrok@5.0.0-beta.2 OK for:  want: *
40 silly fetch manifest got@^11.8.5
41 silly fetch manifest uuid@^7.0.0 || ^8.0.0
42 silly fetch manifest yaml@^2.2.2
43 silly fetch manifest extract-zip@^2.0.1
44 silly fetch manifest lodash.clonedeep@^4.5.0
45 silly fetch manifest hpagent@^0.1.2
46 http fetch GET 200 https://registry.npmjs.org/yaml 52ms (cache hit)
47 http fetch GET 200 https://registry.npmjs.org/lodash.clonedeep 106ms (cache miss)
48 http fetch GET 200 https://registry.npmjs.org/uuid 115ms (cache miss)
49 http fetch GET 200 https://registry.npmjs.org/extract-zip 122ms (cache miss)
50 http fetch GET 200 https://registry.npmjs.org/hpagent 232ms (cache miss)
51 http fetch GET 200 https://registry.npmjs.org/got 242ms (cache miss)
52 timing idealTree:#root Completed in 455ms
53 silly placeDep node_modules/ngrok extract-zip@2.0.1 OK for: ngrok@5.0.0-beta.2 want: ^2.0.1
54 silly placeDep node_modules/ngrok got@11.8.6 OK for: ngrok@5.0.0-beta.2 want: ^11.8.5
55 silly placeDep node_modules/ngrok hpagent@0.1.2 OK for: ngrok@5.0.0-beta.2 want: ^0.1.2
56 silly placeDep node_modules/ngrok lodash.clonedeep@4.5.0 OK for: ngrok@5.0.0-beta.2 want: ^4.5.0
57 silly placeDep node_modules/ngrok uuid@8.3.2 OK for: ngrok@5.0.0-beta.2 want: ^7.0.0 || ^8.0.0
58 silly placeDep node_modules/ngrok yaml@2.8.3 OK for: ngrok@5.0.0-beta.2 want: ^2.2.2
59 silly fetch manifest debug@^4.1.1
60 silly fetch manifest get-stream@^5.1.0
61 silly fetch manifest yauzl@^2.10.0
62 silly fetch manifest @types/yauzl@^2.9.1
63 silly fetch manifest p-cancelable@^2.0.0
64 silly fetch manifest responselike@^2.0.0
65 silly fetch manifest http2-wrapper@^1.0.0-beta.5.2
66 silly fetch manifest lowercase-keys@^2.0.0
67 silly fetch manifest @sindresorhus/is@^4.0.0
68 silly fetch manifest cacheable-lookup@^5.0.3
69 silly fetch manifest cacheable-request@^7.0.2
70 silly fetch manifest @types/responselike@^1.0.0
71 silly fetch manifest decompress-response@^6.0.0
72 silly fetch manifest @szmarczak/http-timer@^4.0.5
73 silly fetch manifest @types/cacheable-request@^6.0.1
74 http fetch GET 200 https://registry.npmjs.org/@types%2fyauzl 232ms (cache miss)
75 http fetch GET 200 https://registry.npmjs.org/yauzl 239ms (cache miss)
76 http fetch GET 200 https://registry.npmjs.org/responselike 235ms (cache miss)
77 http fetch GET 200 https://registry.npmjs.org/debug 259ms (cache hit)
78 http fetch GET 200 https://registry.npmjs.org/get-stream 261ms (cache miss)
79 http fetch GET 200 https://registry.npmjs.org/p-cancelable 258ms (cache miss)
80 http fetch GET 200 https://registry.npmjs.org/@types%2fresponselike 261ms (cache miss)
81 http fetch GET 200 https://registry.npmjs.org/lowercase-keys 266ms (cache miss)
82 http fetch GET 200 https://registry.npmjs.org/@types%2fcacheable-request 265ms (cache miss)
83 http fetch GET 200 https://registry.npmjs.org/decompress-response 268ms (cache miss)
84 http fetch GET 200 https://registry.npmjs.org/@szmarczak%2fhttp-timer 274ms (cache miss)
85 http fetch GET 200 https://registry.npmjs.org/cacheable-lookup 283ms (cache miss)
86 http fetch GET 200 https://registry.npmjs.org/cacheable-request 295ms (cache miss)
87 http fetch GET 200 https://registry.npmjs.org/@sindresorhus%2fis 302ms (cache miss)
88 http fetch GET 200 https://registry.npmjs.org/http2-wrapper 314ms (cache miss)
89 timing idealTree:node_modules/ngrok Completed in 367ms
90 silly placeDep node_modules/ngrok @types/yauzl@2.10.3 OK for: extract-zip@2.0.1 want: ^2.9.1
91 silly placeDep node_modules/ngrok debug@4.4.3 OK for: extract-zip@2.0.1 want: ^4.1.1
92 silly placeDep node_modules/ngrok get-stream@5.2.0 OK for: extract-zip@2.0.1 want: ^5.1.0
93 silly placeDep node_modules/ngrok yauzl@2.10.0 OK for: extract-zip@2.0.1 want: ^2.10.0
94 silly fetch manifest @types/node@*
95 silly fetch manifest ms@^2.1.3
96 silly fetch manifest pump@^3.0.0
97 silly fetch manifest fd-slicer@~1.1.0
98 silly fetch manifest buffer-crc32@~0.2.3
99 http fetch GET 200 https://registry.npmjs.org/ms 41ms (cache hit)
100 http fetch GET 200 https://registry.npmjs.org/@types%2fnode 61ms (cache hit)
101 http fetch GET 200 https://registry.npmjs.org/buffer-crc32 71ms (cache miss)
102 http fetch GET 200 https://registry.npmjs.org/fd-slicer 83ms (cache miss)
103 http fetch GET 200 https://registry.npmjs.org/pump 91ms (cache miss)
104 timing idealTree:node_modules/ngrok/node_modules/extract-zip Completed in 125ms
105 silly placeDep node_modules/ngrok @types/node@25.6.0 OK for: @types/yauzl@2.10.3 want: *
106 silly fetch manifest undici-types@~7.19.0
107 http fetch GET 200 https://registry.npmjs.org/undici-types 15ms (cache hit)
108 timing idealTree:node_modules/ngrok/node_modules/@types/yauzl Completed in 28ms
109 silly placeDep node_modules/ngrok undici-types@7.19.2 OK for: @types/node@25.6.0 want: ~7.19.0
110 timing idealTree:node_modules/ngrok/node_modules/@types/node Completed in 5ms
111 silly placeDep node_modules/ngrok ms@2.1.3 OK for: debug@4.4.3 want: ^2.1.3
112 timing idealTree:node_modules/ngrok/node_modules/debug Completed in 4ms
113 silly placeDep node_modules/ngrok pump@3.0.4 OK for: get-stream@5.2.0 want: ^3.0.0
114 silly fetch manifest end-of-stream@^1.1.0
115 silly fetch manifest once@^1.3.1
116 http fetch GET 200 https://registry.npmjs.org/once 16ms (cache hit)
117 http fetch GET 200 https://registry.npmjs.org/end-of-stream 77ms (cache miss)
118 timing idealTree:node_modules/ngrok/node_modules/get-stream Completed in 85ms
119 silly placeDep node_modules/ngrok @sindresorhus/is@4.6.0 OK for: got@11.8.6 want: ^4.0.0
120 silly placeDep node_modules/ngrok @szmarczak/http-timer@4.0.6 OK for: got@11.8.6 want: ^4.0.5
121 silly placeDep node_modules/ngrok @types/cacheable-request@6.0.3 OK for: got@11.8.6 want: ^6.0.1
122 silly placeDep node_modules/ngrok @types/responselike@1.0.3 OK for: got@11.8.6 want: ^1.0.0
123 silly placeDep node_modules/ngrok cacheable-lookup@5.0.4 OK for: got@11.8.6 want: ^5.0.3
124 silly placeDep node_modules/ngrok cacheable-request@7.0.4 OK for: got@11.8.6 want: ^7.0.2
125 silly placeDep node_modules/ngrok decompress-response@6.0.0 OK for: got@11.8.6 want: ^6.0.0
126 silly placeDep node_modules/ngrok http2-wrapper@1.0.3 OK for: got@11.8.6 want: ^1.0.0-beta.5.2
127 silly placeDep node_modules/ngrok lowercase-keys@2.0.0 OK for: got@11.8.6 want: ^2.0.0
128 silly placeDep node_modules/ngrok p-cancelable@2.1.1 OK for: got@11.8.6 want: ^2.0.0
129 silly placeDep node_modules/ngrok responselike@2.0.1 OK for: got@11.8.6 want: ^2.0.0
130 silly fetch manifest defer-to-connect@^2.0.0
131 silly fetch manifest @types/keyv@^3.1.4
132 silly fetch manifest @types/http-cache-semantics@*
133 silly fetch manifest keyv@^4.0.0
134 silly fetch manifest normalize-url@^6.0.1
135 silly fetch manifest clone-response@^1.0.2
136 silly fetch manifest http-cache-semantics@^4.0.0
137 silly fetch manifest mimic-response@^3.1.0
138 silly fetch manifest quick-lru@^5.1.1
139 silly fetch manifest resolve-alpn@^1.0.0
140 http fetch GET 200 https://registry.npmjs.org/keyv 46ms (cache hit)
141 http fetch GET 200 https://registry.npmjs.org/@types%2fhttp-cache-semantics 147ms (cache miss)
142 http fetch GET 200 https://registry.npmjs.org/mimic-response 134ms (cache miss)
143 http fetch GET 200 https://registry.npmjs.org/@types%2fkeyv 150ms (cache miss)
144 http fetch GET 200 https://registry.npmjs.org/clone-response 141ms (cache miss)
145 http fetch GET 200 https://registry.npmjs.org/resolve-alpn 134ms (cache miss)
146 http fetch GET 200 https://registry.npmjs.org/http-cache-semantics 142ms (cache miss)
147 http fetch GET 200 https://registry.npmjs.org/quick-lru 140ms (cache miss)
148 http fetch GET 200 https://registry.npmjs.org/defer-to-connect 162ms (cache miss)
149 http fetch GET 200 https://registry.npmjs.org/normalize-url 161ms (cache miss)
150 timing idealTree:node_modules/ngrok/node_modules/got Completed in 210ms
151 timing idealTree:node_modules/ngrok/node_modules/@sindresorhus/is Completed in 0ms
152 silly placeDep node_modules/ngrok defer-to-connect@2.0.1 OK for: @szmarczak/http-timer@4.0.6 want: ^2.0.0
153 timing idealTree:node_modules/ngrok/node_modules/@szmarczak/http-timer Completed in 2ms
154 silly placeDep node_modules/ngrok @types/http-cache-semantics@4.2.0 OK for: @types/cacheable-request@6.0.3 want: *
155 silly placeDep node_modules/ngrok @types/keyv@3.1.4 OK for: @types/cacheable-request@6.0.3 want: ^3.1.4
156 timing idealTree:node_modules/ngrok/node_modules/@types/cacheable-request Completed in 5ms
157 timing idealTree:node_modules/ngrok/node_modules/@types/http-cache-semantics Completed in 0ms
158 timing idealTree:node_modules/ngrok/node_modules/@types/keyv Completed in 0ms
159 timing idealTree:node_modules/ngrok/node_modules/@types/responselike Completed in 0ms
160 timing idealTree:node_modules/ngrok/node_modules/cacheable-lookup Completed in 0ms
161 silly placeDep node_modules/ngrok clone-response@1.0.3 OK for: cacheable-request@7.0.4 want: ^1.0.2
162 silly placeDep node_modules/ngrok http-cache-semantics@4.2.0 OK for: cacheable-request@7.0.4 want: ^4.0.0
163 silly placeDep node_modules/ngrok keyv@4.5.4 OK for: cacheable-request@7.0.4 want: ^4.0.0
164 silly placeDep node_modules/ngrok normalize-url@6.1.0 OK for: cacheable-request@7.0.4 want: ^6.0.1
165 silly fetch manifest mimic-response@^1.0.0
166 silly fetch manifest json-buffer@3.0.1
167 http fetch GET 200 https://registry.npmjs.org/json-buffer 13ms (cache hit)
168 timing idealTree:node_modules/ngrok/node_modules/cacheable-request Completed in 28ms
169 silly placeDep node_modules/ngrok mimic-response@1.0.1 OK for: clone-response@1.0.3 want: ^1.0.0
170 timing idealTree:node_modules/ngrok/node_modules/clone-response Completed in 3ms
171 silly placeDep node_modules/ngrok/node_modules/decompress-response mimic-response@3.1.0 OK for: decompress-response@6.0.0 want: ^3.1.0
172 timing idealTree:node_modules/ngrok/node_modules/decompress-response Completed in 6ms
173 timing idealTree:node_modules/ngrok/node_modules/defer-to-connect Completed in 0ms
174 timing idealTree:node_modules/ngrok/node_modules/hpagent Completed in 0ms
175 timing idealTree:node_modules/ngrok/node_modules/http-cache-semantics Completed in 0ms
176 silly placeDep node_modules/ngrok quick-lru@5.1.1 OK for: http2-wrapper@1.0.3 want: ^5.1.1
177 silly placeDep node_modules/ngrok resolve-alpn@1.2.1 OK for: http2-wrapper@1.0.3 want: ^1.0.0
178 timing idealTree:node_modules/ngrok/node_modules/http2-wrapper Completed in 3ms
179 silly placeDep node_modules/ngrok json-buffer@3.0.1 OK for: keyv@4.5.4 want: 3.0.1
180 timing idealTree:node_modules/ngrok/node_modules/keyv Completed in 2ms
181 timing idealTree:node_modules/ngrok/node_modules/json-buffer Completed in 0ms
182 timing idealTree:node_modules/ngrok/node_modules/lodash.clonedeep Completed in 0ms
183 timing idealTree:node_modules/ngrok/node_modules/lowercase-keys Completed in 0ms
184 timing idealTree:node_modules/ngrok/node_modules/mimic-response Completed in 0ms
185 timing idealTree:node_modules/ngrok/node_modules/ms Completed in 0ms
186 timing idealTree:node_modules/ngrok/node_modules/normalize-url Completed in 0ms
187 timing idealTree:node_modules/ngrok/node_modules/p-cancelable Completed in 0ms
188 silly placeDep node_modules/ngrok end-of-stream@1.4.5 OK for: pump@3.0.4 want: ^1.1.0
189 silly placeDep node_modules/ngrok once@1.4.0 OK for: pump@3.0.4 want: ^1.3.1
190 silly fetch manifest wrappy@1
191 http fetch GET 200 https://registry.npmjs.org/wrappy 11ms (cache hit)
192 timing idealTree:node_modules/ngrok/node_modules/pump Completed in 21ms
193 timing idealTree:node_modules/ngrok/node_modules/end-of-stream Completed in 0ms
194 silly placeDep node_modules/ngrok wrappy@1.0.2 OK for: once@1.4.0 want: 1
195 timing idealTree:node_modules/ngrok/node_modules/once Completed in 3ms
196 timing idealTree:node_modules/ngrok/node_modules/quick-lru Completed in 0ms
197 timing idealTree:node_modules/ngrok/node_modules/resolve-alpn Completed in 0ms
198 timing idealTree:node_modules/ngrok/node_modules/responselike Completed in 0ms
199 timing idealTree:node_modules/ngrok/node_modules/undici-types Completed in 0ms
200 timing idealTree:node_modules/ngrok/node_modules/uuid Completed in 0ms
201 timing idealTree:node_modules/ngrok/node_modules/wrappy Completed in 0ms
202 timing idealTree:node_modules/ngrok/node_modules/yaml Completed in 0ms
203 silly placeDep node_modules/ngrok buffer-crc32@0.2.13 OK for: yauzl@2.10.0 want: ~0.2.3
204 silly placeDep node_modules/ngrok fd-slicer@1.1.0 OK for: yauzl@2.10.0 want: ~1.1.0
205 silly fetch manifest pend@~1.2.0
206 http fetch GET 200 https://registry.npmjs.org/pend 74ms (cache miss)
207 timing idealTree:node_modules/ngrok/node_modules/yauzl Completed in 80ms
208 timing idealTree:node_modules/ngrok/node_modules/buffer-crc32 Completed in 0ms
209 silly placeDep node_modules/ngrok pend@1.2.0 OK for: fd-slicer@1.1.0 want: ~1.2.0
210 timing idealTree:node_modules/ngrok/node_modules/fd-slicer Completed in 3ms
211 timing idealTree:node_modules/ngrok/node_modules/pend Completed in 0ms
212 timing idealTree:node_modules/ngrok/node_modules/decompress-response/node_modules/mimic-response Completed in 1ms
213 timing idealTree:buildDeps Completed in 1442ms
214 timing idealTree:fixDepFlags Completed in 2ms
215 timing idealTree Completed in 1468ms
216 timing reify:loadTrees Completed in 1471ms
217 timing reify:diffTrees Completed in 4ms
218 silly reify moves {}
219 timing reify:retireShallow Completed in 3ms
220 timing reify:rollback:createSparse Completed in 0ms
221 timing reify:rollback:retireShallow Completed in 0ms
222 timing command:install Completed in 1509ms
223 verbose stack Error: EACCES: permission denied, mkdir '/usr/local/lib/node_modules'
223 verbose stack     at async mkdir (node:internal/fs/promises:856:10)
223 verbose stack     at async /usr/share/nodejs/@npmcli/arborist/lib/arborist/reify.js:521:20
223 verbose stack     at async Promise.allSettled (index 0)
223 verbose stack     at async [reifyPackages] (/usr/share/nodejs/@npmcli/arborist/lib/arborist/reify.js:234:11)
223 verbose stack     at async Arborist.reify (/usr/share/nodejs/@npmcli/arborist/lib/arborist/reify.js:158:5)
223 verbose stack     at async Install.exec (/usr/share/nodejs/npm/lib/commands/install.js:146:5)
223 verbose stack     at async module.exports (/usr/share/nodejs/npm/lib/cli.js:133:5)
224 verbose cwd /opt/hermes
225 verbose Linux 6.8.0-100-generic
226 verbose node v20.19.2
227 verbose npm  v9.2.0
228 error code EACCES
229 error syscall mkdir
230 error path /usr/local/lib/node_modules
231 error errno -13
232 error Error: EACCES: permission denied, mkdir '/usr/local/lib/node_modules'
232 error     at async mkdir (node:internal/fs/promises:856:10)
232 error     at async /usr/share/nodejs/@npmcli/arborist/lib/arborist/reify.js:521:20
232 error     at async Promise.allSettled (index 0)
232 error     at async [reifyPackages] (/usr/share/nodejs/@npmcli/arborist/lib/arborist/reify.js:234:11)
232 error     at async Arborist.reify (/usr/share/nodejs/@npmcli/arborist/lib/arborist/reify.js:158:5)
232 error     at async Install.exec (/usr/share/nodejs/npm/lib/commands/install.js:146:5)
232 error     at async module.exports (/usr/share/nodejs/npm/lib/cli.js:133:5) {
232 error   errno: -13,
232 error   code: 'EACCES',
232 error   syscall: 'mkdir',
232 error   path: '/usr/local/lib/node_modules'
232 error }
233 error
233 error The operation was rejected by your operating system.
233 error It is likely you do not have the permissions to access this file as the current user
233 error
233 error If you believe this might be a permissions issue, please double-check the
233 error permissions of the file and its containing directories, or try running
233 error the command again as root/Administrator.
234 verbose exit -13
235 timing npm Completed in 1585ms
236 verbose unfinished npm timer reify 1776620541247
237 verbose unfinished npm timer reify:createSparse 1776620542738
238 verbose code -13
239 error A complete log of this run can be found in:
239 error     /opt/data/home/.npm/_logs/2026-04-19T17_42_21_177Z-debug-0.log
