0 verbose cli /usr/bin/node /usr/share/nodejs/npm/bin/npm-cli.js
1 info using npm@9.2.0
2 info using node@v20.19.2
3 timing npm:load:whichnode Completed in 0ms
4 timing config:load:defaults Completed in 3ms
5 timing config:load:file:/usr/share/nodejs/npm/npmrc Completed in 5ms
6 timing config:load:builtin Completed in 5ms
7 timing config:load:cli Completed in 3ms
8 timing config:load:env Completed in 1ms
9 timing config:load:file:/opt/hermes/.npmrc Completed in 1ms
10 timing config:load:project Completed in 5ms
11 timing config:load:file:/opt/data/home/.npmrc Completed in 1ms
12 timing config:load:user Completed in 1ms
13 timing config:load:file:/etc/npmrc Completed in 1ms
14 timing config:load:global Completed in 1ms
15 timing config:load:setEnvs Completed in 1ms
16 timing config:load Completed in 21ms
17 timing npm:load:configload Completed in 21ms
18 timing npm:load:mkdirpcache Completed in 0ms
19 timing npm:load:mkdirplogs Completed in 1ms
20 verbose title npm exec tsc --noEmit /opt/hermes/simple-qwik-app/vite.config.ts
21 verbose argv "exec" "--" "tsc" "--noEmit" "/opt/hermes/simple-qwik-app/vite.config.ts"
22 timing npm:load:setTitle Completed in 2ms
23 timing config:load:flatten Completed in 5ms
24 timing npm:load:display Completed in 7ms
25 verbose logfile logs-max:10 dir:/opt/data/home/.npm/_logs/2026-04-20T00_43_34_808Z-
26 verbose logfile /opt/data/home/.npm/_logs/2026-04-20T00_43_34_808Z-debug-0.log
27 timing npm:load:logFile Completed in 18ms
28 timing npm:load:timers Completed in 0ms
29 timing npm:load:configScope Completed in 0ms
30 timing npm:load Completed in 52ms
31 silly logfile start cleaning logs, removing 1 files
32 timing config:load:flatten Completed in 1ms
33 silly logfile done cleaning log files
34 timing arborist:ctor Completed in 1ms
35 timing arborist:ctor Completed in 1ms
36 http fetch GET 200 https://registry.npmjs.org/tsc 173ms (cache miss)
37 timing arborist:ctor Completed in 0ms
38 timing arborist:ctor Completed in 1ms
39 warn exec The following package was not found and will be installed: tsc@2.0.4
40 timing arborist:ctor Completed in 0ms
41 timing idealTree:init Completed in 9ms
42 timing idealTree:userRequests Completed in 2ms
43 silly idealTree buildDeps
44 silly fetch manifest tsc@2.0.4
45 http fetch GET 200 https://registry.npmjs.org/tsc 28ms (cache hit)
46 silly placeDep ROOT tsc@2.0.4 OK for:  want: 2.0.4
47 timing idealTree:#root Completed in 42ms
48 timing idealTree:node_modules/tsc Completed in 0ms
49 timing idealTree:buildDeps Completed in 44ms
50 timing idealTree:fixDepFlags Completed in 0ms
51 timing idealTree Completed in 57ms
52 timing reify:loadTrees Completed in 58ms
53 timing reify:diffTrees Completed in 2ms
54 silly reify moves {}
55 timing reify:retireShallow Completed in 2ms
56 timing reify:createSparse Completed in 3ms
57 timing reify:loadBundles Completed in 0ms
58 silly audit bulk request { tsc: [ '2.0.4' ] }
59 silly tarball no local data for tsc@https://registry.npmjs.org/tsc/-/tsc-2.0.4.tgz. Extracting by manifest.
60 http fetch GET 200 https://registry.npmjs.org/tsc/-/tsc-2.0.4.tgz 88ms (cache miss)
61 timing reifyNode:node_modules/tsc Completed in 107ms
62 timing reify:unpack Completed in 107ms
63 timing reify:unretire Completed in 0ms
64 timing build:queue Completed in 1ms
65 timing build:link:node_modules/tsc Completed in 5ms
66 timing build:link Completed in 5ms
67 timing build:deps Completed in 7ms
68 timing build Completed in 7ms
69 timing reify:build Completed in 8ms
70 timing reify:trash Completed in 0ms
71 timing reify:save Completed in 7ms
72 http fetch POST 200 https://registry.npmjs.org/-/npm/v1/security/advisories/bulk 197ms
73 timing auditReport:getReport Completed in 199ms
74 silly audit report {}
75 timing auditReport:init Completed in 0ms
76 timing reify:audit Completed in 202ms
77 timing reify Completed in 273ms
78 timing command:exec Completed in 1755ms
79 verbose exit 1
80 timing npm Completed in 1883ms
81 verbose code 1
