0 verbose cli /usr/bin/node /usr/bin/npm
1 info using npm@9.2.0
2 info using node@v20.19.2
3 timing npm:load:whichnode Completed in 0ms
4 timing config:load:defaults Completed in 3ms
5 timing config:load:file:/usr/share/nodejs/npm/npmrc Completed in 6ms
6 timing config:load:builtin Completed in 6ms
7 timing config:load:cli Completed in 5ms
8 timing config:load:env Completed in 1ms
9 timing config:load:file:/opt/hermes/simple-qwik-app/.npmrc Completed in 0ms
10 timing config:load:project Completed in 15ms
11 timing config:load:file:/opt/data/home/.npmrc Completed in 0ms
12 timing config:load:user Completed in 1ms
13 timing config:load:file:/etc/npmrc Completed in 0ms
14 timing config:load:global Completed in 0ms
15 timing config:load:setEnvs Completed in 1ms
16 timing config:load Completed in 35ms
17 timing npm:load:configload Completed in 36ms
18 timing npm:load:mkdirpcache Completed in 0ms
19 timing npm:load:mkdirplogs Completed in 1ms
20 verbose title npm install ngrok
21 verbose argv "install" "ngrok" "--save-dev"
22 timing npm:load:setTitle Completed in 2ms
23 timing config:load:flatten Completed in 6ms
24 timing npm:load:display Completed in 8ms
25 verbose logfile logs-max:10 dir:/opt/data/home/.npm/_logs/2026-04-19T17_42_27_773Z-
26 verbose logfile /opt/data/home/.npm/_logs/2026-04-19T17_42_27_773Z-debug-0.log
27 timing npm:load:logFile Completed in 17ms
28 timing npm:load:timers Completed in 0ms
29 timing npm:load:configScope Completed in 0ms
30 timing npm:load Completed in 66ms
31 silly logfile start cleaning logs, removing 1 files
32 timing config:load:flatten Completed in 0ms
33 timing arborist:ctor Completed in 1ms
34 silly logfile done cleaning log files
35 timing idealTree:init Completed in 794ms
36 timing idealTree:userRequests Completed in 8ms
37 silly idealTree buildDeps
38 silly fetch manifest ngrok@*
39 verbose shrinkwrap failed to load node_modules/.package-lock.json out of date, updated: node_modules
40 http fetch GET 200 https://registry.npmjs.org/ngrok 48ms (cache hit)
41 silly placeDep ROOT ngrok@5.0.0-beta.2 OK for:  want: *
42 silly fetch manifest got@^11.8.5
43 silly fetch manifest uuid@^7.0.0 || ^8.0.0
44 silly fetch manifest extract-zip@^2.0.1
45 silly fetch manifest lodash.clonedeep@^4.5.0
46 silly fetch manifest hpagent@^0.1.2
47 http fetch GET 200 https://registry.npmjs.org/extract-zip 951ms (cache hit)
48 http fetch GET 200 https://registry.npmjs.org/lodash.clonedeep 968ms (cache hit)
49 http fetch GET 200 https://registry.npmjs.org/uuid 971ms (cache hit)
50 http fetch GET 200 https://registry.npmjs.org/hpagent 974ms (cache hit)
51 http fetch GET 200 https://registry.npmjs.org/got 982ms (cache hit)
52 timing idealTree:#root Completed in 1059ms
53 silly placeDep ROOT extract-zip@2.0.1 OK for: ngrok@5.0.0-beta.2 want: ^2.0.1
54 silly placeDep ROOT got@11.8.6 OK for: ngrok@5.0.0-beta.2 want: ^11.8.5
55 silly placeDep ROOT hpagent@0.1.2 OK for: ngrok@5.0.0-beta.2 want: ^0.1.2
56 silly placeDep ROOT lodash.clonedeep@4.5.0 OK for: ngrok@5.0.0-beta.2 want: ^4.5.0
57 silly placeDep ROOT uuid@8.3.2 OK for: ngrok@5.0.0-beta.2 want: ^7.0.0 || ^8.0.0
58 silly fetch manifest get-stream@^5.1.0
59 silly fetch manifest yauzl@^2.10.0
60 silly fetch manifest @types/yauzl@^2.9.1
61 silly fetch manifest p-cancelable@^2.0.0
62 silly fetch manifest responselike@^2.0.0
63 silly fetch manifest http2-wrapper@^1.0.0-beta.5.2
64 silly fetch manifest lowercase-keys@^2.0.0
65 silly fetch manifest @sindresorhus/is@^4.0.0
66 silly fetch manifest cacheable-lookup@^5.0.3
67 silly fetch manifest cacheable-request@^7.0.2
68 silly fetch manifest @types/responselike@^1.0.0
69 silly fetch manifest decompress-response@^6.0.0
70 silly fetch manifest @szmarczak/http-timer@^4.0.5
71 silly fetch manifest @types/cacheable-request@^6.0.1
72 http fetch GET 200 https://registry.npmjs.org/get-stream 57ms (cache hit)
73 http fetch GET 200 https://registry.npmjs.org/@types%2fyauzl 58ms (cache hit)
74 http fetch GET 200 https://registry.npmjs.org/yauzl 60ms (cache hit)
75 http fetch GET 200 https://registry.npmjs.org/responselike 59ms (cache hit)
76 http fetch GET 200 https://registry.npmjs.org/lowercase-keys 57ms (cache hit)
77 http fetch GET 200 https://registry.npmjs.org/http2-wrapper 60ms (cache hit)
78 http fetch GET 200 https://registry.npmjs.org/cacheable-lookup 60ms (cache hit)
79 http fetch GET 200 https://registry.npmjs.org/p-cancelable 68ms (cache hit)
80 http fetch GET 200 https://registry.npmjs.org/@sindresorhus%2fis 66ms (cache hit)
81 http fetch GET 200 https://registry.npmjs.org/decompress-response 66ms (cache hit)
82 http fetch GET 200 https://registry.npmjs.org/@types%2fresponselike 69ms (cache hit)
83 http fetch GET 200 https://registry.npmjs.org/cacheable-request 70ms (cache hit)
84 http fetch GET 200 https://registry.npmjs.org/@szmarczak%2fhttp-timer 73ms (cache hit)
85 http fetch GET 200 https://registry.npmjs.org/@types%2fcacheable-request 73ms (cache hit)
86 timing idealTree:node_modules/ngrok Completed in 114ms
87 silly placeDep ROOT @types/yauzl@2.10.3 OK for: extract-zip@2.0.1 want: ^2.9.1
88 silly placeDep ROOT get-stream@5.2.0 OK for: extract-zip@2.0.1 want: ^5.1.0
89 silly placeDep ROOT yauzl@2.10.0 OK for: extract-zip@2.0.1 want: ^2.10.0
90 silly fetch manifest pump@^3.0.0
91 silly fetch manifest fd-slicer@~1.1.0
92 silly fetch manifest buffer-crc32@~0.2.3
93 http fetch GET 200 https://registry.npmjs.org/pump 16ms (cache hit)
94 http fetch GET 200 https://registry.npmjs.org/buffer-crc32 15ms (cache hit)
95 http fetch GET 200 https://registry.npmjs.org/fd-slicer 19ms (cache hit)
96 timing idealTree:node_modules/extract-zip Completed in 30ms
97 timing idealTree:node_modules/@types/yauzl Completed in 0ms
98 silly placeDep ROOT pump@3.0.4 OK for: get-stream@5.2.0 want: ^3.0.0
99 silly fetch manifest end-of-stream@^1.1.0
100 http fetch GET 200 https://registry.npmjs.org/end-of-stream 14ms (cache hit)
101 timing idealTree:node_modules/get-stream Completed in 20ms
102 silly placeDep ROOT @sindresorhus/is@4.6.0 OK for: got@11.8.6 want: ^4.0.0
103 silly placeDep ROOT @szmarczak/http-timer@4.0.6 OK for: got@11.8.6 want: ^4.0.5
104 silly placeDep ROOT @types/cacheable-request@6.0.3 OK for: got@11.8.6 want: ^6.0.1
105 silly placeDep ROOT @types/responselike@1.0.3 OK for: got@11.8.6 want: ^1.0.0
106 silly placeDep ROOT cacheable-lookup@5.0.4 OK for: got@11.8.6 want: ^5.0.3
107 silly placeDep ROOT cacheable-request@7.0.4 OK for: got@11.8.6 want: ^7.0.2
108 silly placeDep ROOT decompress-response@6.0.0 OK for: got@11.8.6 want: ^6.0.0
109 silly placeDep ROOT http2-wrapper@1.0.3 OK for: got@11.8.6 want: ^1.0.0-beta.5.2
110 silly placeDep ROOT lowercase-keys@2.0.0 OK for: got@11.8.6 want: ^2.0.0
111 silly placeDep ROOT p-cancelable@2.1.1 OK for: got@11.8.6 want: ^2.0.0
112 silly placeDep ROOT responselike@2.0.1 OK for: got@11.8.6 want: ^2.0.0
113 silly fetch manifest defer-to-connect@^2.0.0
114 silly fetch manifest @types/keyv@^3.1.4
115 silly fetch manifest @types/http-cache-semantics@*
116 silly fetch manifest normalize-url@^6.0.1
117 silly fetch manifest clone-response@^1.0.2
118 silly fetch manifest http-cache-semantics@^4.0.0
119 silly fetch manifest mimic-response@^3.1.0
120 silly fetch manifest quick-lru@^5.1.1
121 silly fetch manifest resolve-alpn@^1.0.0
122 http fetch GET 200 https://registry.npmjs.org/@types%2fhttp-cache-semantics 36ms (cache hit)
123 http fetch GET 200 https://registry.npmjs.org/http-cache-semantics 35ms (cache hit)
124 http fetch GET 200 https://registry.npmjs.org/resolve-alpn 33ms (cache hit)
125 http fetch GET 200 https://registry.npmjs.org/mimic-response 37ms (cache hit)
126 http fetch GET 200 https://registry.npmjs.org/normalize-url 41ms (cache hit)
127 http fetch GET 200 https://registry.npmjs.org/quick-lru 39ms (cache hit)
128 http fetch GET 200 https://registry.npmjs.org/@types%2fkeyv 48ms (cache hit)
129 http fetch GET 200 https://registry.npmjs.org/clone-response 47ms (cache hit)
130 http fetch GET 200 https://registry.npmjs.org/defer-to-connect 53ms (cache hit)
131 timing idealTree:node_modules/got Completed in 87ms
132 timing idealTree:node_modules/@sindresorhus/is Completed in 0ms
133 silly placeDep ROOT defer-to-connect@2.0.1 OK for: @szmarczak/http-timer@4.0.6 want: ^2.0.0
134 timing idealTree:node_modules/@szmarczak/http-timer Completed in 6ms
135 silly placeDep ROOT @types/http-cache-semantics@4.2.0 OK for: @types/cacheable-request@6.0.3 want: *
136 silly placeDep ROOT @types/keyv@3.1.4 OK for: @types/cacheable-request@6.0.3 want: ^3.1.4
137 timing idealTree:node_modules/@types/cacheable-request Completed in 9ms
138 timing idealTree:node_modules/@types/http-cache-semantics Completed in 0ms
139 timing idealTree:node_modules/@types/keyv Completed in 0ms
140 timing idealTree:node_modules/@types/responselike Completed in 0ms
141 timing idealTree:node_modules/cacheable-lookup Completed in 0ms
142 silly placeDep ROOT clone-response@1.0.3 OK for: cacheable-request@7.0.4 want: ^1.0.2
143 silly placeDep ROOT http-cache-semantics@4.2.0 OK for: cacheable-request@7.0.4 want: ^4.0.0
144 silly placeDep ROOT normalize-url@6.1.0 OK for: cacheable-request@7.0.4 want: ^6.0.1
145 silly fetch manifest mimic-response@^1.0.0
146 timing idealTree:node_modules/cacheable-request Completed in 10ms
147 silly placeDep ROOT mimic-response@1.0.1 OK for: clone-response@1.0.3 want: ^1.0.0
148 timing idealTree:node_modules/clone-response Completed in 4ms
149 silly placeDep node_modules/decompress-response mimic-response@3.1.0 OK for: decompress-response@6.0.0 want: ^3.1.0
150 timing idealTree:node_modules/decompress-response Completed in 4ms
151 timing idealTree:node_modules/defer-to-connect Completed in 0ms
152 timing idealTree:node_modules/hpagent Completed in 0ms
153 timing idealTree:node_modules/http-cache-semantics Completed in 0ms
154 silly placeDep ROOT quick-lru@5.1.1 OK for: http2-wrapper@1.0.3 want: ^5.1.1
155 silly placeDep ROOT resolve-alpn@1.2.1 OK for: http2-wrapper@1.0.3 want: ^1.0.0
156 timing idealTree:node_modules/http2-wrapper Completed in 7ms
157 timing idealTree:node_modules/lodash.clonedeep Completed in 0ms
158 timing idealTree:node_modules/lowercase-keys Completed in 0ms
159 timing idealTree:node_modules/mimic-response Completed in 0ms
160 timing idealTree:node_modules/normalize-url Completed in 0ms
161 timing idealTree:node_modules/p-cancelable Completed in 0ms
162 silly placeDep ROOT end-of-stream@1.4.5 OK for: pump@3.0.4 want: ^1.1.0
163 timing idealTree:node_modules/pump Completed in 3ms
164 timing idealTree:node_modules/end-of-stream Completed in 0ms
165 timing idealTree:node_modules/quick-lru Completed in 0ms
166 timing idealTree:node_modules/resolve-alpn Completed in 0ms
167 timing idealTree:node_modules/responselike Completed in 0ms
168 timing idealTree:node_modules/uuid Completed in 0ms
169 silly placeDep ROOT buffer-crc32@0.2.13 OK for: yauzl@2.10.0 want: ~0.2.3
170 silly placeDep ROOT fd-slicer@1.1.0 OK for: yauzl@2.10.0 want: ~1.1.0
171 silly fetch manifest pend@~1.2.0
172 http fetch GET 200 https://registry.npmjs.org/pend 11ms (cache hit)
173 timing idealTree:node_modules/yauzl Completed in 19ms
174 timing idealTree:node_modules/buffer-crc32 Completed in 0ms
175 silly placeDep ROOT pend@1.2.0 OK for: fd-slicer@1.1.0 want: ~1.2.0
176 timing idealTree:node_modules/fd-slicer Completed in 3ms
177 timing idealTree:node_modules/pend Completed in 0ms
178 timing idealTree:node_modules/decompress-response/node_modules/mimic-response Completed in 0ms
179 timing idealTree:buildDeps Completed in 1381ms
180 timing idealTree:fixDepFlags Completed in 7ms
181 timing idealTree Completed in 2204ms
182 timing reify:loadTrees Completed in 2207ms
183 timing reify:diffTrees Completed in 24ms
184 silly reify moves {}
185 timing reify:retireShallow Completed in 2ms
186 timing reify:createSparse Completed in 24ms
187 timing reify:loadBundles Completed in 0ms
188 silly audit bulk request {
188 silly audit   '@adobe/css-tools': [ '4.3.3' ],
188 silly audit   '@builder.io/qwik': [ '1.19.2' ],
188 silly audit   '@builder.io/qwik-city': [ '1.19.2' ],
188 silly audit   '@emnapi/runtime': [ '1.10.0' ],
188 silly audit   '@esbuild/aix-ppc64': [ '0.27.7' ],
188 silly audit   '@esbuild/android-arm': [ '0.27.7' ],
188 silly audit   '@esbuild/android-arm64': [ '0.27.7' ],
188 silly audit   '@esbuild/android-x64': [ '0.27.7' ],
188 silly audit   '@esbuild/darwin-arm64': [ '0.27.7' ],
188 silly audit   '@esbuild/darwin-x64': [ '0.27.7' ],
188 silly audit   '@esbuild/freebsd-arm64': [ '0.27.7' ],
188 silly audit   '@esbuild/freebsd-x64': [ '0.27.7' ],
188 silly audit   '@esbuild/linux-arm': [ '0.27.7' ],
188 silly audit   '@esbuild/linux-arm64': [ '0.27.7' ],
188 silly audit   '@esbuild/linux-ia32': [ '0.27.7' ],
188 silly audit   '@esbuild/linux-loong64': [ '0.27.7' ],
188 silly audit   '@esbuild/linux-mips64el': [ '0.27.7' ],
188 silly audit   '@esbuild/linux-ppc64': [ '0.27.7' ],
188 silly audit   '@esbuild/linux-riscv64': [ '0.27.7' ],
188 silly audit   '@esbuild/linux-s390x': [ '0.27.7' ],
188 silly audit   '@esbuild/linux-x64': [ '0.27.7' ],
188 silly audit   '@esbuild/netbsd-arm64': [ '0.27.7' ],
188 silly audit   '@esbuild/netbsd-x64': [ '0.27.7' ],
188 silly audit   '@esbuild/openbsd-arm64': [ '0.27.7' ],
188 silly audit   '@esbuild/openbsd-x64': [ '0.27.7' ],
188 silly audit   '@esbuild/openharmony-arm64': [ '0.27.7' ],
188 silly audit   '@esbuild/sunos-x64': [ '0.27.7' ],
188 silly audit   '@esbuild/win32-arm64': [ '0.27.7' ],
188 silly audit   '@esbuild/win32-ia32': [ '0.27.7' ],
188 silly audit   '@esbuild/win32-x64': [ '0.27.7' ],
188 silly audit   '@eslint-community/eslint-utils': [ '4.9.1' ],
188 silly audit   'eslint-visitor-keys': [ '3.4.3', '5.0.1', '4.2.1' ],
188 silly audit   '@eslint-community/regexpp': [ '4.12.2' ],
188 silly audit   '@eslint/config-array': [ '0.21.2' ],
188 silly audit   '@eslint/config-helpers': [ '0.3.1' ],
188 silly audit   '@eslint/core': [ '0.15.2' ],
188 silly audit   '@eslint/eslintrc': [ '3.3.5' ],
188 silly audit   globals: [ '14.0.0', '16.4.0' ],
188 silly audit   '@eslint/js': [ '9.39.4', '9.32.0' ],
188 silly audit   '@eslint/object-schema': [ '2.1.7' ],
188 silly audit   '@eslint/plugin-kit': [ '0.3.5' ],
188 silly audit   '@fastify/busboy': [ '2.1.1' ],
188 silly audit   '@humanfs/core': [ '0.19.2' ],
188 silly audit   '@humanfs/node': [ '0.16.8' ],
188 silly audit   '@humanfs/types': [ '0.15.0' ],
188 silly audit   '@humanwhocodes/module-importer': [ '1.0.1' ],
188 silly audit   '@humanwhocodes/retry': [ '0.4.3' ],
188 silly audit   '@img/colour': [ '1.1.0' ],
188 silly audit   '@img/sharp-darwin-arm64': [ '0.34.5' ],
188 silly audit   '@img/sharp-darwin-x64': [ '0.34.5' ],
188 silly audit   '@img/sharp-libvips-darwin-arm64': [ '1.2.4' ],
188 silly audit   '@img/sharp-libvips-darwin-x64': [ '1.2.4' ],
188 silly audit   '@img/sharp-libvips-linux-arm': [ '1.2.4' ],
188 silly audit   '@img/sharp-libvips-linux-arm64': [ '1.2.4' ],
188 silly audit   '@img/sharp-libvips-linux-ppc64': [ '1.2.4' ],
188 silly audit   '@img/sharp-libvips-linux-riscv64': [ '1.2.4' ],
188 silly audit   '@img/sharp-libvips-linux-s390x': [ '1.2.4' ],
188 silly audit   '@img/sharp-libvips-linux-x64': [ '1.2.4' ],
188 silly audit   '@img/sharp-libvips-linuxmusl-arm64': [ '1.2.4' ],
188 silly audit   '@img/sharp-libvips-linuxmusl-x64': [ '1.2.4' ],
188 silly audit   '@img/sharp-linux-arm': [ '0.34.5' ],
188 silly audit   '@img/sharp-linux-arm64': [ '0.34.5' ],
188 silly audit   '@img/sharp-linux-ppc64': [ '0.34.5' ],
188 silly audit   '@img/sharp-linux-riscv64': [ '0.34.5' ],
188 silly audit   '@img/sharp-linux-s390x': [ '0.34.5' ],
188 silly audit   '@img/sharp-linux-x64': [ '0.34.5' ],
188 silly audit   '@img/sharp-linuxmusl-arm64': [ '0.34.5' ],
188 silly audit   '@img/sharp-linuxmusl-x64': [ '0.34.5' ],
188 silly audit   '@img/sharp-wasm32': [ '0.34.5' ],
188 silly audit   '@img/sharp-win32-arm64': [ '0.34.5' ],
188 silly audit   '@img/sharp-win32-ia32': [ '0.34.5' ],
188 silly audit   '@img/sharp-win32-x64': [ '0.34.5' ],
188 silly audit   '@mdx-js/mdx': [ '3.1.1' ],
188 silly audit   '@nodelib/fs.scandir': [ '2.1.5' ],
188 silly audit   '@nodelib/fs.stat': [ '2.0.5' ],
188 silly audit   '@nodelib/fs.walk': [ '1.2.8' ],
188 silly audit   '@parcel/watcher': [ '2.5.6' ],
188 silly audit   '@parcel/watcher-android-arm64': [ '2.5.6' ],
188 silly audit   '@parcel/watcher-darwin-arm64': [ '2.5.6' ],
188 silly audit   '@parcel/watcher-darwin-x64': [ '2.5.6' ],
188 silly audit   '@parcel/watcher-freebsd-x64': [ '2.5.6' ],
188 silly audit   '@parcel/watcher-linux-arm-glibc': [ '2.5.6' ],
188 silly audit   '@parcel/watcher-linux-arm-musl': [ '2.5.6' ],
188 silly audit   '@parcel/watcher-linux-arm64-glibc': [ '2.5.6' ],
188 silly audit   '@parcel/watcher-linux-arm64-musl': [ '2.5.6' ],
188 silly audit   '@parcel/watcher-linux-x64-glibc': [ '2.5.6' ],
188 silly audit   '@parcel/watcher-linux-x64-musl': [ '2.5.6' ],
188 silly audit   '@parcel/watcher-win32-arm64': [ '2.5.6' ],
188 silly audit   '@parcel/watcher-win32-ia32': [ '2.5.6' ],
188 silly audit   '@parcel/watcher-win32-x64': [ '2.5.6' ],
188 silly audit   '@rollup/pluginutils': [ '5.3.0' ],
188 silly audit   'estree-walker': [ '2.0.2', '3.0.3' ],
188 silly audit   '@rollup/rollup-android-arm-eabi': [ '4.60.2' ],
188 silly audit   '@rollup/rollup-android-arm64': [ '4.60.2' ],
188 silly audit   '@rollup/rollup-darwin-arm64': [ '4.60.2' ],
188 silly audit   '@rollup/rollup-darwin-x64': [ '4.60.2' ],
188 silly audit   '@rollup/rollup-freebsd-arm64': [ '4.60.2' ],
188 silly audit   '@rollup/rollup-freebsd-x64': [ '4.60.2' ],
188 silly audit   '@rollup/rollup-linux-arm-gnueabihf': [ '4.60.2' ],
188 silly audit   '@rollup/rollup-linux-arm-musleabihf': [ '4.60.2' ],
188 silly audit   '@rollup/rollup-linux-arm64-gnu': [ '4.60.2' ],
188 silly audit   '@rollup/rollup-linux-arm64-musl': [ '4.60.2' ],
188 silly audit   '@rollup/rollup-linux-loong64-gnu': [ '4.60.2' ],
188 silly audit   '@rollup/rollup-linux-loong64-musl': [ '4.60.2' ],
188 silly audit   '@rollup/rollup-linux-ppc64-gnu': [ '4.60.2' ],
188 silly audit   '@rollup/rollup-linux-ppc64-musl': [ '4.60.2' ],
188 silly audit   '@rollup/rollup-linux-riscv64-gnu': [ '4.60.2' ],
188 silly audit   '@rollup/rollup-linux-riscv64-musl': [ '4.60.2' ],
188 silly audit   '@rollup/rollup-linux-s390x-gnu': [ '4.60.2' ],
188 silly audit   '@rollup/rollup-linux-x64-gnu': [ '4.60.2' ],
188 silly audit   '@rollup/rollup-linux-x64-musl': [ '4.60.2' ],
188 silly audit   '@rollup/rollup-openbsd-x64': [ '4.60.2' ],
188 silly audit   '@rollup/rollup-openharmony-arm64': [ '4.60.2' ],
188 silly audit   '@rollup/rollup-win32-arm64-msvc': [ '4.60.2' ],
188 silly audit   '@rollup/rollup-win32-ia32-msvc': [ '4.60.2' ],
188 silly audit   '@rollup/rollup-win32-x64-gnu': [ '4.60.2' ],
188 silly audit   '@rollup/rollup-win32-x64-msvc': [ '4.60.2' ],
188 silly audit   '@types/debug': [ '4.1.13' ],
188 silly audit   '@types/estree': [ '1.0.8' ],
188 silly audit   '@types/estree-jsx': [ '1.0.5' ],
188 silly audit   '@types/hast': [ '3.0.4' ],
188 silly audit   '@types/json-schema': [ '7.0.15' ],
188 silly audit   '@types/mdast': [ '4.0.4' ],
188 silly audit   '@types/mdx': [ '2.0.13' ],
188 silly audit   '@types/ms': [ '2.1.0' ],
188 silly audit   '@types/node': [ '20.19.0' ],
188 silly audit   '@types/postcss-modules-local-by-default': [ '4.0.2' ],
188 silly audit   '@types/postcss-modules-scope': [ '3.0.4' ],
188 silly audit   '@types/unist': [ '3.0.3', '2.0.11' ],
188 silly audit   '@typescript-eslint/eslint-plugin': [ '8.38.0' ],
188 silly audit   '@typescript-eslint/project-service': [ '8.38.0', '8.58.2' ],
188 silly audit   '@typescript-eslint/scope-manager': [ '8.38.0', '8.58.2' ],
188 silly audit   '@typescript-eslint/tsconfig-utils': [ '8.38.0', '8.58.2' ],
188 silly audit   '@typescript-eslint/types': [ '8.38.0', '8.58.2' ],
188 silly audit   '@typescript-eslint/typescript-estree': [ '8.38.0', '8.58.2' ],
188 silly audit   '@typescript-eslint/utils': [ '8.38.0', '8.58.2' ],
188 silly audit   '@typescript-eslint/visitor-keys': [ '8.38.0', '8.58.2' ],
188 silly audit   'brace-expansion': [ '2.1.0', '5.0.5', '1.1.14' ],
188 silly audit   ignore: [ '7.0.5', '5.3.2' ],
188 silly audit   minimatch: [ '9.0.9', '10.2.5', '3.1.5' ],
188 silly audit   '@typescript-eslint/parser': [ '8.38.0' ],
188 silly audit   '@typescript-eslint/type-utils': [ '8.38.0' ],
188 silly audit   'balanced-match': [ '4.0.4', '1.0.2' ],
188 silly audit   '@ungap/structured-clone': [ '1.3.0' ],
188 silly audit   acorn: [ '8.16.0' ],
188 silly audit   'acorn-jsx': [ '5.3.2' ],
188 silly audit   ajv: [ '6.14.0' ],
188 silly audit   'ansi-styles': [ '4.3.0' ],
188 silly audit   argparse: [ '2.0.1' ],
188 silly audit   'array-buffer-byte-length': [ '1.0.2' ],
188 silly audit   'array-includes': [ '3.1.9' ],
188 silly audit   'array.prototype.flat': [ '1.3.3' ],
188 silly audit   'arraybuffer.prototype.slice': [ '1.0.4' ],
188 silly audit   astring: [ '1.9.0' ],
188 silly audit   'async-function': [ '1.0.0' ],
188 silly audit   'available-typed-arrays': [ '1.0.7' ],
188 silly audit   bail: [ '2.0.2' ],
188 silly audit   boolbase: [ '1.0.0' ],
188 silly audit   braces: [ '3.0.3' ],
188 silly audit   'call-bind': [ '1.0.9' ],
188 silly audit   'call-bind-apply-helpers': [ '1.0.2' ],
188 silly audit   'call-bound': [ '1.0.4' ],
188 silly audit   callsites: [ '3.1.0' ],
188 silly audit   ccount: [ '2.0.1' ],
188 silly audit   chalk: [ '4.1.2' ],
188 silly audit   'character-entities': [ '2.0.2' ],
188 silly audit   'character-entities-html4': [ '2.1.0' ],
188 silly audit   'character-entities-legacy': [ '3.0.0' ],
188 silly audit   'character-reference-invalid': [ '2.0.1' ],
188 silly audit   chokidar: [ '4.0.3' ],
188 silly audit   'collapse-white-space': [ '2.1.0' ],
188 silly audit   'color-convert': [ '2.0.1' ],
188 silly audit   'color-name': [ '1.1.4' ],
188 silly audit   'comma-separated-tokens': [ '2.0.3' ],
188 silly audit   commander: [ '7.2.0' ],
188 silly audit   'concat-map': [ '0.0.1' ],
188 silly audit   'copy-anything': [ '3.0.5' ],
188 silly audit   'cross-spawn': [ '7.0.6' ],
188 silly audit   'css-select': [ '5.2.2' ],
188 silly audit   'css-tree': [ '2.3.1', '2.2.1' ],
188 silly audit   'css-what': [ '6.2.2' ],
188 silly audit   cssesc: [ '3.0.0' ],
188 silly audit   csso: [ '5.0.5' ],
188 silly audit   'mdn-data': [ '2.0.28', '2.0.30' ],
188 silly audit   csstype: [ '3.2.3' ],
188 silly audit   'data-view-buffer': [ '1.0.2' ],
188 silly audit   'data-view-byte-length': [ '1.0.2' ],
188 silly audit   'data-view-byte-offset': [ '1.0.1' ],
188 silly audit   debug: [ '4.4.3' ],
188 silly audit   'decode-named-character-reference': [ '1.3.0' ],
188 silly audit   'deep-is': [ '0.1.4' ],
188 silly audit   'define-data-property': [ '1.1.4' ],
188 silly audit   'define-properties': [ '1.2.1' ],
188 silly audit   dequal: [ '2.0.3' ],
188 silly audit   'detect-libc': [ '2.1.2' ],
188 silly audit   devlop: [ '1.1.0' ],
188 silly audit   'dom-serializer': [ '2.0.0' ],
188 silly audit   domelementtype: [ '2.3.0' ],
188 silly audit   domhandler: [ '5.0.3' ],
188 silly audit   domutils: [ '3.2.2' ],
188 silly audit   dotenv: [ '16.6.1' ],
188 silly audit   'dunder-proto': [ '1.0.1' ],
188 silly audit   entities: [ '4.5.0' ],
188 silly audit   errno: [ '0.1.8' ],
188 silly audit   'es-abstract': [ '1.24.2' ],
188 silly audit   'es-define-property': [ '1.0.1' ],
188 silly audit   'es-errors': [ '1.3.0' ],
188 silly audit   'es-object-atoms': [ '1.1.1' ],
188 silly audit   'es-set-tostringtag': [ '2.1.0' ],
188 silly audit   'es-shim-unscopables': [ '1.1.0' ],
188 silly audit   'es-to-primitive': [ '1.3.0' ],
188 silly audit   'esast-util-from-estree': [ '2.0.0' ],
188 silly audit   'esast-util-from-js': [ '2.0.1' ],
188 silly audit   esbuild: [ '0.27.7' ],
188 silly audit   'escape-string-regexp': [ '4.0.0' ],
188 silly audit   eslint: [ '9.32.0' ],
188 silly audit   'eslint-plugin-qwik': [ '1.19.2' ],
188 silly audit   'eslint-scope': [ '8.4.0' ],
188 silly audit   espree: [ '10.4.0' ],
188 silly audit   esquery: [ '1.7.0' ],
188 silly audit   esrecurse: [ '4.3.0' ],
188 silly audit   estraverse: [ '5.3.0' ],
188 silly audit   'estree-util-attach-comments': [ '3.0.0' ],
188 silly audit   'estree-util-build-jsx': [ '3.0.1' ],
188 silly audit   'estree-util-is-identifier-name': [ '3.0.0' ],
188 silly audit   'estree-util-scope': [ '1.0.0' ],
188 silly audit   'estree-util-to-js': [ '2.0.0' ],
188 silly audit   'estree-util-visit': [ '2.0.0' ],
188 silly audit   esutils: [ '2.0.3' ],
188 silly audit   extend: [ '3.0.2' ],
188 silly audit   'fast-deep-equal': [ '3.1.3' ],
188 silly audit   'fast-glob': [ '3.3.3' ],
188 silly audit   'glob-parent': [ '5.1.2', '6.0.2' ],
188 silly audit   'fast-json-stable-stringify': [ '2.1.0' ],
188 silly audit   'fast-levenshtein': [ '2.0.6' ],
188 silly audit   fastq: [ '1.20.1' ],
188 silly audit   fdir: [ '6.5.0' ],
188 silly audit   'file-entry-cache': [ '8.0.0' ],
188 silly audit   'fill-range': [ '7.1.1' ],
188 silly audit   'find-up': [ '5.0.0' ],
188 silly audit   'flat-cache': [ '4.0.1' ],
188 silly audit   flatted: [ '3.4.2' ],
188 silly audit   'for-each': [ '0.3.5' ],
188 silly audit   'fs.realpath': [ '1.0.0' ],
188 silly audit   fsevents: [ '2.3.3' ],
188 silly audit   'function-bind': [ '1.1.2' ],
188 silly audit   'function.prototype.name': [ '1.1.8' ],
188 silly audit   'functions-have-names': [ '1.2.3' ],
188 silly audit   'generator-function': [ '2.0.1' ],
188 silly audit   'get-intrinsic': [ '1.3.0' ],
188 silly audit   'get-proto': [ '1.0.1' ],
188 silly audit   'get-symbol-description': [ '1.1.0' ],
188 silly audit   glob: [ '7.2.3' ],
188 silly audit   globalthis: [ '1.0.4' ],
188 silly audit   globrex: [ '0.1.2' ],
188 silly audit   gopd: [ '1.2.0' ],
188 silly audit   'graceful-fs': [ '4.2.11' ],
188 silly audit   graphemer: [ '1.4.0' ],
188 silly audit   'has-bigints': [ '1.1.0' ],
188 silly audit   'has-flag': [ '4.0.0' ],
188 silly audit   'has-property-descriptors': [ '1.0.2' ],
188 silly audit   'has-proto': [ '1.2.0' ],
188 silly audit   'has-symbols': [ '1.1.0' ],
188 silly audit   'has-tostringtag': [ '1.0.2' ],
188 silly audit   hasown: [ '2.0.3' ],
188 silly audit   'hast-util-to-estree': [ '3.1.3' ],
188 silly audit   'hast-util-to-jsx-runtime': [ '2.3.6' ],
188 silly audit   'hast-util-whitespace': [ '3.0.0' ],
188 silly audit   'iconv-lite': [ '0.6.3' ],
188 silly audit   'icss-utils': [ '5.1.0' ],
188 silly audit   'image-size': [ '0.5.5' ],
188 silly audit   'imagetools-core': [ '9.1.0' ],
188 silly audit   immutable: [ '5.1.5' ],
188 silly audit   'import-fresh': [ '3.3.1' ],
188 silly audit   imurmurhash: [ '0.1.4' ],
188 silly audit   inflight: [ '1.0.6' ],
188 silly audit   inherits: [ '2.0.4' ],
188 silly audit   'inline-style-parser': [ '0.2.7' ],
188 silly audit   'internal-slot': [ '1.1.0' ],
188 silly audit   'is-alphabetical': [ '2.0.1' ],
188 silly audit   'is-alphanumerical': [ '2.0.1' ],
188 silly audit   'is-array-buffer': [ '3.0.5' ],
188 silly audit   'is-async-function': [ '2.1.1' ],
188 silly audit   'is-bigint': [ '1.1.0' ],
188 silly audit   'is-boolean-object': [ '1.2.2' ],
188 silly audit   'is-callable': [ '1.2.7' ],
188 silly audit   'is-data-view': [ '1.0.2' ],
188 silly audit   'is-date-object': [ '1.1.0' ],
188 silly audit   'is-decimal': [ '2.0.1' ],
188 silly audit   'is-extglob': [ '2.1.1' ],
188 silly audit   'is-finalizationregistry': [ '1.1.1' ],
188 silly audit   'is-generator-function': [ '1.1.2' ],
188 silly audit   'is-glob': [ '4.0.3' ],
188 silly audit   'is-hexadecimal': [ '2.0.1' ],
188 silly audit   'is-map': [ '2.0.3' ],
188 silly audit   'is-negative-zero': [ '2.0.3' ],
188 silly audit   'is-number': [ '7.0.0' ],
188 silly audit   'is-number-object': [ '1.1.1' ],
188 silly audit   'is-plain-obj': [ '4.1.0' ],
188 silly audit   'is-regex': [ '1.2.1' ],
188 silly audit   'is-set': [ '2.0.3' ],
188 silly audit   'is-shared-array-buffer': [ '1.0.4' ],
188 silly audit   'is-string': [ '1.1.1' ],
188 silly audit   'is-symbol': [ '1.1.1' ],
188 silly audit   'is-typed-array': [ '1.1.15' ],
188 silly audit   'is-weakmap': [ '2.0.2' ],
188 silly audit   'is-weakref': [ '1.1.1' ],
188 silly audit   'is-weakset': [ '2.0.4' ],
188 silly audit   'is-what': [ '4.1.16' ],
188 silly audit   isarray: [ '2.0.5' ],
188 silly audit   isexe: [ '2.0.0' ],
188 silly audit   'js-yaml': [ '4.1.1' ],
188 silly audit   'json-buffer': [ '3.0.1' ],
188 silly audit   'json-schema-traverse': [ '0.4.1' ],
188 silly audit   'json-stable-stringify-without-jsonify': [ '1.0.1' ],
188 silly audit   json5: [ '2.2.3' ],
188 silly audit   'jsx-ast-utils': [ '3.3.5' ],
188 silly audit   keyv: [ '4.5.4' ],
188 silly audit   'launch-editor': [ '2.13.2' ],
188 silly audit   less: [ '4.6.4' ],
188 silly audit   'source-map': [ '0.6.1', '0.7.6' ],
188 silly audit   levn: [ '0.4.1' ],
188 silly audit   lilconfig: [ '2.1.0' ],
188 silly audit   'locate-path': [ '6.0.0' ],
188 silly audit   'lodash.camelcase': [ '4.3.0' ],
188 silly audit   'lodash.merge': [ '4.6.2' ],
188 silly audit   'longest-streak': [ '3.1.0' ],
188 silly audit   'make-dir': [ '2.1.0' ],
188 silly audit   semver: [ '5.7.2', '7.7.4' ],
188 silly audit   'markdown-extensions': [ '2.0.0' ],
188 silly audit   'math-intrinsics': [ '1.1.0' ],
188 silly audit   'mdast-util-from-markdown': [ '2.0.3' ],
188 silly audit   'mdast-util-mdx': [ '3.0.0' ],
188 silly audit   'mdast-util-mdx-expression': [ '2.0.1' ],
188 silly audit   'mdast-util-mdx-jsx': [ '3.2.0' ],
188 silly audit   'mdast-util-mdxjs-esm': [ '2.0.1' ],
188 silly audit   'mdast-util-phrasing': [ '4.1.0' ],
188 silly audit   'mdast-util-to-hast': [ '13.2.1' ],
188 silly audit   'mdast-util-to-markdown': [ '2.1.2' ],
188 silly audit   'mdast-util-to-string': [ '4.0.0' ],
188 silly audit   merge2: [ '1.4.1' ],
188 silly audit   micromark: [ '4.0.2' ],
188 silly audit   'micromark-core-commonmark': [ '2.0.3' ],
188 silly audit   'micromark-extension-mdx-expression': [ '3.0.1' ],
188 silly audit   'micromark-extension-mdx-jsx': [ '3.0.2' ],
188 silly audit   'micromark-extension-mdx-md': [ '2.0.0' ],
188 silly audit   'micromark-extension-mdxjs': [ '3.0.0' ],
188 silly audit   'micromark-extension-mdxjs-esm': [ '3.0.0' ],
188 silly audit   'micromark-factory-destination': [ '2.0.1' ],
188 silly audit   'micromark-factory-label': [ '2.0.1' ],
188 silly audit   'micromark-factory-mdx-expression': [ '2.0.3' ],
188 silly audit   'micromark-factory-space': [ '2.0.1' ],
188 silly audit   'micromark-factory-title': [ '2.0.1' ],
188 silly audit   'micromark-factory-whitespace': [ '2.0.1' ],
188 silly audit   'micromark-util-character': [ '2.1.1' ],
188 silly audit   'micromark-util-chunked': [ '2.0.1' ],
188 silly audit   'micromark-util-classify-character': [ '2.0.1' ],
188 silly audit   'micromark-util-combine-extensions': [ '2.0.1' ],
188 silly audit   'micromark-util-decode-numeric-character-reference': [ '2.0.2' ],
188 silly audit   'micromark-util-decode-string': [ '2.0.1' ],
188 silly audit   'micromark-util-encode': [ '2.0.1' ],
188 silly audit   'micromark-util-events-to-acorn': [ '2.0.3' ],
188 silly audit   'micromark-util-html-tag-name': [ '2.0.1' ],
188 silly audit   'micromark-util-normalize-identifier': [ '2.0.1' ],
188 silly audit   'micromark-util-resolve-all': [ '2.0.1' ],
188 silly audit   'micromark-util-sanitize-uri': [ '2.0.1' ],
188 silly audit   'micromark-util-subtokenize': [ '2.1.0' ],
188 silly audit   'micromark-util-symbol': [ '2.0.1' ],
188 silly audit   'micromark-util-types': [ '2.0.2' ],
188 silly audit   micromatch: [ '4.0.8' ],
188 silly audit   picomatch: [ '2.3.2', '4.0.4' ],
188 silly audit   mime: [ '1.6.0' ],
188 silly audit   minimist: [ '1.2.8' ],
188 silly audit   ms: [ '2.1.3' ],
188 silly audit   nanoid: [ '3.3.11' ],
188 silly audit   'natural-compare': [ '1.4.0' ],
188 silly audit   needle: [ '3.5.0' ],
188 silly audit   'node-addon-api': [ '7.1.1' ],
188 silly audit   'nth-check': [ '2.1.1' ],
188 silly audit   'object-inspect': [ '1.13.4' ],
188 silly audit   'object-keys': [ '1.1.1' ],
188 silly audit   'object.assign': [ '4.1.7' ],
188 silly audit   'object.values': [ '1.2.1' ],
188 silly audit   once: [ '1.4.0' ],
188 silly audit   optionator: [ '0.9.4' ],
188 silly audit   'own-keys': [ '1.0.1' ],
188 silly audit   'p-limit': [ '3.1.0' ],
188 silly audit   'p-locate': [ '5.0.0' ],
188 silly audit   'parent-module': [ '1.0.1' ],
188 silly audit   'parse-entities': [ '4.0.2' ],
188 silly audit   'parse-node-version': [ '1.0.1' ],
188 silly audit   'path-exists': [ '4.0.0' ],
188 silly audit   'path-is-absolute': [ '1.0.1' ],
188 silly audit   'path-key': [ '3.1.1' ],
188 silly audit   picocolors: [ '1.1.1' ],
188 silly audit   pify: [ '4.0.1' ],
188 silly audit   'possible-typed-array-names': [ '1.1.0' ],
188 silly audit   postcss: [ '8.5.10' ],
188 silly audit   'postcss-load-config': [ '3.1.4' ],
188 silly audit   yaml: [ '1.10.3', '2.8.3' ],
188 silly audit   'postcss-modules-extract-imports': [ '3.1.0' ],
188 silly audit   'postcss-modules-local-by-default': [ '4.2.0' ],
188 silly audit   'postcss-modules-scope': [ '3.2.1' ],
188 silly audit   'postcss-selector-parser': [ '7.1.1' ],
188 silly audit   'postcss-value-parser': [ '4.2.0' ],
188 silly audit   'prelude-ls': [ '1.2.1' ],
188 silly audit   prettier: [ '3.6.2' ],
188 silly audit   'property-information': [ '7.1.0' ],
188 silly audit   prr: [ '1.0.1' ],
188 silly audit   punycode: [ '2.3.1' ],
188 silly audit   'queue-microtask': [ '1.2.3' ],
188 silly audit   readdirp: [ '4.1.2' ],
188 silly audit   'recma-build-jsx': [ '1.0.0' ],
188 silly audit   'recma-jsx': [ '1.0.1' ],
188 silly audit   'recma-parse': [ '1.0.0' ],
188 silly audit   'recma-stringify': [ '1.0.0' ],
188 silly audit   'reflect.getprototypeof': [ '1.0.10' ],
188 silly audit   'regexp.prototype.flags': [ '1.5.4' ],
188 silly audit   'rehype-recma': [ '1.0.0' ],
188 silly audit   'remark-mdx': [ '3.1.1' ],
188 silly audit   'remark-parse': [ '11.0.0' ],
188 silly audit   'remark-rehype': [ '11.1.2' ],
188 silly audit   'reserved-words': [ '0.1.2' ],
188 silly audit   'resolve-from': [ '4.0.0' ],
188 silly audit   reusify: [ '1.1.0' ],
188 silly audit   rollup: [ '4.60.2' ],
188 silly audit   'run-parallel': [ '1.2.0' ],
188 silly audit   'safe-array-concat': [ '1.1.3' ],
188 silly audit   'safe-push-apply': [ '1.0.0' ],
188 silly audit   'safe-regex-test': [ '1.1.0' ],
188 silly audit   'safer-buffer': [ '2.1.2' ],
188 silly audit   sass: [ '1.99.0' ],
188 silly audit   sax: [ '1.6.0', '1.3.0' ],
188 silly audit   'set-function-length': [ '1.2.2' ],
188 silly audit   'set-function-name': [ '2.0.2' ],
188 silly audit   'set-proto': [ '1.0.0' ],
188 silly audit   sharp: [ '0.34.5' ],
188 silly audit   'shebang-command': [ '2.0.0' ],
188 silly audit   'shebang-regex': [ '3.0.0' ],
188 silly audit   'shell-quote': [ '1.8.3' ],
188 silly audit   'side-channel': [ '1.1.0' ],
188 silly audit   'side-channel-list': [ '1.0.1' ],
188 silly audit   'side-channel-map': [ '1.0.1' ],
188 silly audit   'side-channel-weakmap': [ '1.0.2' ],
188 silly audit   'source-map-js': [ '1.2.1' ],
188 silly audit   'space-separated-tokens': [ '2.0.2' ],
188 silly audit   'stop-iteration-iterator': [ '1.1.0' ],
188 silly audit   'string.prototype.trim': [ '1.2.10' ],
188 silly audit   'string.prototype.trimend': [ '1.0.9' ],
188 silly audit   'string.prototype.trimstart': [ '1.0.8' ],
188 silly audit   'stringify-entities': [ '4.0.4' ],
188 silly audit   'strip-bom': [ '3.0.0' ],
188 silly audit   'strip-json-comments': [ '3.1.1' ],
188 silly audit   'style-to-js': [ '1.1.21' ],
188 silly audit   'style-to-object': [ '1.0.14' ],
188 silly audit   stylus: [ '0.62.0' ],
188 silly audit   'supports-color': [ '7.2.0' ],
188 silly audit   svgo: [ '3.3.3' ],
188 silly audit   tinyglobby: [ '0.2.16' ],
188 silly audit   'to-regex-range': [ '5.0.1' ],
188 silly audit   'trim-lines': [ '3.0.1' ],
188 silly audit   trough: [ '2.2.0' ],
188 silly audit   'ts-api-utils': [ '2.5.0' ],
188 silly audit   tsconfck: [ '3.1.6' ],
188 silly audit   'tsconfig-paths': [ '4.2.0' ],
188 silly audit   tslib: [ '2.8.1' ],
188 silly audit   'type-check': [ '0.4.0' ],
188 silly audit   'typed-array-buffer': [ '1.0.3' ],
188 silly audit   'typed-array-byte-length': [ '1.0.3' ],
188 silly audit   'typed-array-byte-offset': [ '1.0.4' ],
188 silly audit   'typed-array-length': [ '1.0.7' ],
188 silly audit   typescript: [ '5.4.5' ],
188 silly audit   'typescript-eslint': [ '8.38.0' ],
188 silly audit   'typescript-plugin-css-modules': [ '5.2.0' ],
188 silly audit   'unbox-primitive': [ '1.1.0' ],
188 silly audit   undici: [ '5.28.4' ],
188 silly audit   'undici-types': [ '6.21.0' ],
188 silly audit   unified: [ '11.0.5' ],
188 silly audit   'unist-util-is': [ '6.0.1' ],
188 silly audit   'unist-util-position': [ '5.0.0' ],
188 silly audit   'unist-util-position-from-estree': [ '2.0.0' ],
188 silly audit   'unist-util-stringify-position': [ '4.0.0' ],
188 silly audit   'unist-util-visit': [ '5.1.0' ],
188 silly audit   'unist-util-visit-parents': [ '6.0.2' ],
188 silly audit   'uri-js': [ '4.4.1' ],
188 silly audit   'util-deprecate': [ '1.0.2' ],
188 silly audit   valibot: [ '1.3.1' ],
188 silly audit   vfile: [ '6.0.3' ],
188 silly audit   'vfile-message': [ '4.0.3' ],
188 silly audit   vite: [ '7.3.1' ],
188 silly audit   'vite-imagetools': [ '9.0.3' ],
188 silly audit   'vite-tsconfig-paths': [ '4.3.2' ],
188 silly audit   which: [ '2.0.2' ],
188 silly audit   'which-boxed-primitive': [ '1.1.1' ],
188 silly audit   'which-builtin-type': [ '1.2.1' ],
188 silly audit   'which-collection': [ '1.0.2' ],
188 silly audit   'which-typed-array': [ '1.1.20' ],
188 silly audit   'word-wrap': [ '1.2.5' ],
188 silly audit   wrappy: [ '1.0.2' ],
188 silly audit   'yocto-queue': [ '0.1.0' ],
188 silly audit   zod: [ '3.25.48' ],
188 silly audit   zwitch: [ '2.0.4' ],
188 silly audit   ngrok: [ '5.0.0-beta.2' ],
188 silly audit   'extract-zip': [ '2.0.1' ],
188 silly audit   got: [ '11.8.6' ],
188 silly audit   hpagent: [ '0.1.2' ],
188 silly audit   'lodash.clonedeep': [ '4.5.0' ],
188 silly audit   uuid: [ '8.3.2' ],
188 silly audit   '@types/yauzl': [ '2.10.3' ],
188 silly audit   'get-stream': [ '5.2.0' ],
188 silly audit   yauzl: [ '2.10.0' ],
188 silly audit   pump: [ '3.0.4' ],
188 silly audit   '@sindresorhus/is': [ '4.6.0' ],
188 silly audit   '@szmarczak/http-timer': [ '4.0.6' ],
188 silly audit   '@types/cacheable-request': [ '6.0.3' ],
188 silly audit   '@types/responselike': [ '1.0.3' ],
188 silly audit   'cacheable-lookup': [ '5.0.4' ],
188 silly audit   'cacheable-request': [ '7.0.4' ],
188 silly audit   'decompress-response': [ '6.0.0' ],
188 silly audit   'http2-wrapper': [ '1.0.3' ],
188 silly audit   'lowercase-keys': [ '2.0.0' ],
188 silly audit   'p-cancelable': [ '2.1.1' ],
188 silly audit   responselike: [ '2.0.1' ],
188 silly audit   'defer-to-connect': [ '2.0.1' ],
188 silly audit   '@types/http-cache-semantics': [ '4.2.0' ],
188 silly audit   '@types/keyv': [ '3.1.4' ],
188 silly audit   'clone-response': [ '1.0.3' ],
188 silly audit   'http-cache-semantics': [ '4.2.0' ],
188 silly audit   'normalize-url': [ '6.1.0' ],
188 silly audit   'mimic-response': [ '1.0.1', '3.1.0' ],
188 silly audit   'quick-lru': [ '5.1.1' ],
188 silly audit   'resolve-alpn': [ '1.2.1' ],
188 silly audit   'end-of-stream': [ '1.4.5' ],
188 silly audit   'buffer-crc32': [ '0.2.13' ],
188 silly audit   'fd-slicer': [ '1.1.0' ],
188 silly audit   pend: [ '1.2.0' ]
188 silly audit }
189 verbose reify failed optional dependency /opt/hermes/simple-qwik-app/node_modules/fsevents
190 silly reify mark deleted [ '/opt/hermes/simple-qwik-app/node_modules/fsevents' ]
191 verbose reify failed optional dependency /opt/hermes/simple-qwik-app/node_modules/@rollup/rollup-win32-x64-msvc
192 silly reify mark deleted [
192 silly reify   '/opt/hermes/simple-qwik-app/node_modules/@rollup/rollup-win32-x64-msvc'
192 silly reify ]
193 verbose reify failed optional dependency /opt/hermes/simple-qwik-app/node_modules/@rollup/rollup-win32-x64-gnu
194 silly reify mark deleted [
194 silly reify   '/opt/hermes/simple-qwik-app/node_modules/@rollup/rollup-win32-x64-gnu'
194 silly reify ]
195 verbose reify failed optional dependency /opt/hermes/simple-qwik-app/node_modules/@rollup/rollup-win32-ia32-msvc
196 silly reify mark deleted [
196 silly reify   '/opt/hermes/simple-qwik-app/node_modules/@rollup/rollup-win32-ia32-msvc'
196 silly reify ]
197 verbose reify failed optional dependency /opt/hermes/simple-qwik-app/node_modules/@rollup/rollup-win32-arm64-msvc
198 silly reify mark deleted [
198 silly reify   '/opt/hermes/simple-qwik-app/node_modules/@rollup/rollup-win32-arm64-msvc'
198 silly reify ]
199 verbose reify failed optional dependency /opt/hermes/simple-qwik-app/node_modules/@rollup/rollup-openharmony-arm64
200 silly reify mark deleted [
200 silly reify   '/opt/hermes/simple-qwik-app/node_modules/@rollup/rollup-openharmony-arm64'
200 silly reify ]
201 verbose reify failed optional dependency /opt/hermes/simple-qwik-app/node_modules/@rollup/rollup-openbsd-x64
202 silly reify mark deleted [
202 silly reify   '/opt/hermes/simple-qwik-app/node_modules/@rollup/rollup-openbsd-x64'
202 silly reify ]
203 verbose reify failed optional dependency /opt/hermes/simple-qwik-app/node_modules/@rollup/rollup-linux-s390x-gnu
204 silly reify mark deleted [
204 silly reify   '/opt/hermes/simple-qwik-app/node_modules/@rollup/rollup-linux-s390x-gnu'
204 silly reify ]
205 verbose reify failed optional dependency /opt/hermes/simple-qwik-app/node_modules/@rollup/rollup-linux-riscv64-musl
206 silly reify mark deleted [
206 silly reify   '/opt/hermes/simple-qwik-app/node_modules/@rollup/rollup-linux-riscv64-musl'
206 silly reify ]
207 verbose reify failed optional dependency /opt/hermes/simple-qwik-app/node_modules/@rollup/rollup-linux-riscv64-gnu
208 silly reify mark deleted [
208 silly reify   '/opt/hermes/simple-qwik-app/node_modules/@rollup/rollup-linux-riscv64-gnu'
208 silly reify ]
209 verbose reify failed optional dependency /opt/hermes/simple-qwik-app/node_modules/@rollup/rollup-linux-ppc64-musl
210 silly reify mark deleted [
210 silly reify   '/opt/hermes/simple-qwik-app/node_modules/@rollup/rollup-linux-ppc64-musl'
210 silly reify ]
211 verbose reify failed optional dependency /opt/hermes/simple-qwik-app/node_modules/@rollup/rollup-linux-ppc64-gnu
212 silly reify mark deleted [
212 silly reify   '/opt/hermes/simple-qwik-app/node_modules/@rollup/rollup-linux-ppc64-gnu'
212 silly reify ]
213 verbose reify failed optional dependency /opt/hermes/simple-qwik-app/node_modules/@rollup/rollup-linux-loong64-musl
214 silly reify mark deleted [
214 silly reify   '/opt/hermes/simple-qwik-app/node_modules/@rollup/rollup-linux-loong64-musl'
214 silly reify ]
215 verbose reify failed optional dependency /opt/hermes/simple-qwik-app/node_modules/@rollup/rollup-linux-loong64-gnu
216 silly reify mark deleted [
216 silly reify   '/opt/hermes/simple-qwik-app/node_modules/@rollup/rollup-linux-loong64-gnu'
216 silly reify ]
217 verbose reify failed optional dependency /opt/hermes/simple-qwik-app/node_modules/@rollup/rollup-linux-arm64-musl
218 silly reify mark deleted [
218 silly reify   '/opt/hermes/simple-qwik-app/node_modules/@rollup/rollup-linux-arm64-musl'
218 silly reify ]
219 verbose reify failed optional dependency /opt/hermes/simple-qwik-app/node_modules/@rollup/rollup-linux-arm64-gnu
220 silly reify mark deleted [
220 silly reify   '/opt/hermes/simple-qwik-app/node_modules/@rollup/rollup-linux-arm64-gnu'
220 silly reify ]
221 verbose reify failed optional dependency /opt/hermes/simple-qwik-app/node_modules/@rollup/rollup-linux-arm-musleabihf
222 silly reify mark deleted [
222 silly reify   '/opt/hermes/simple-qwik-app/node_modules/@rollup/rollup-linux-arm-musleabihf'
222 silly reify ]
223 verbose reify failed optional dependency /opt/hermes/simple-qwik-app/node_modules/@rollup/rollup-linux-arm-gnueabihf
224 silly reify mark deleted [
224 silly reify   '/opt/hermes/simple-qwik-app/node_modules/@rollup/rollup-linux-arm-gnueabihf'
224 silly reify ]
225 verbose reify failed optional dependency /opt/hermes/simple-qwik-app/node_modules/@rollup/rollup-freebsd-x64
226 silly reify mark deleted [
226 silly reify   '/opt/hermes/simple-qwik-app/node_modules/@rollup/rollup-freebsd-x64'
226 silly reify ]
227 verbose reify failed optional dependency /opt/hermes/simple-qwik-app/node_modules/@rollup/rollup-freebsd-arm64
228 silly reify mark deleted [
228 silly reify   '/opt/hermes/simple-qwik-app/node_modules/@rollup/rollup-freebsd-arm64'
228 silly reify ]
229 verbose reify failed optional dependency /opt/hermes/simple-qwik-app/node_modules/@rollup/rollup-darwin-x64
230 silly reify mark deleted [
230 silly reify   '/opt/hermes/simple-qwik-app/node_modules/@rollup/rollup-darwin-x64'
230 silly reify ]
231 verbose reify failed optional dependency /opt/hermes/simple-qwik-app/node_modules/@rollup/rollup-darwin-arm64
232 silly reify mark deleted [
232 silly reify   '/opt/hermes/simple-qwik-app/node_modules/@rollup/rollup-darwin-arm64'
232 silly reify ]
233 verbose reify failed optional dependency /opt/hermes/simple-qwik-app/node_modules/@rollup/rollup-android-arm64
234 silly reify mark deleted [
234 silly reify   '/opt/hermes/simple-qwik-app/node_modules/@rollup/rollup-android-arm64'
234 silly reify ]
235 verbose reify failed optional dependency /opt/hermes/simple-qwik-app/node_modules/@rollup/rollup-android-arm-eabi
236 silly reify mark deleted [
236 silly reify   '/opt/hermes/simple-qwik-app/node_modules/@rollup/rollup-android-arm-eabi'
236 silly reify ]
237 verbose reify failed optional dependency /opt/hermes/simple-qwik-app/node_modules/@parcel/watcher-win32-x64
238 silly reify mark deleted [
238 silly reify   '/opt/hermes/simple-qwik-app/node_modules/@parcel/watcher-win32-x64'
238 silly reify ]
239 verbose reify failed optional dependency /opt/hermes/simple-qwik-app/node_modules/@parcel/watcher-win32-ia32
240 silly reify mark deleted [
240 silly reify   '/opt/hermes/simple-qwik-app/node_modules/@parcel/watcher-win32-ia32'
240 silly reify ]
241 verbose reify failed optional dependency /opt/hermes/simple-qwik-app/node_modules/@parcel/watcher-win32-arm64
242 silly reify mark deleted [
242 silly reify   '/opt/hermes/simple-qwik-app/node_modules/@parcel/watcher-win32-arm64'
242 silly reify ]
243 verbose reify failed optional dependency /opt/hermes/simple-qwik-app/node_modules/@parcel/watcher-linux-arm64-musl
244 silly reify mark deleted [
244 silly reify   '/opt/hermes/simple-qwik-app/node_modules/@parcel/watcher-linux-arm64-musl'
244 silly reify ]
245 verbose reify failed optional dependency /opt/hermes/simple-qwik-app/node_modules/@parcel/watcher-linux-arm64-glibc
246 silly reify mark deleted [
246 silly reify   '/opt/hermes/simple-qwik-app/node_modules/@parcel/watcher-linux-arm64-glibc'
246 silly reify ]
247 verbose reify failed optional dependency /opt/hermes/simple-qwik-app/node_modules/@parcel/watcher-linux-arm-musl
248 silly reify mark deleted [
248 silly reify   '/opt/hermes/simple-qwik-app/node_modules/@parcel/watcher-linux-arm-musl'
248 silly reify ]
249 verbose reify failed optional dependency /opt/hermes/simple-qwik-app/node_modules/@parcel/watcher-linux-arm-glibc
250 silly reify mark deleted [
250 silly reify   '/opt/hermes/simple-qwik-app/node_modules/@parcel/watcher-linux-arm-glibc'
250 silly reify ]
251 verbose reify failed optional dependency /opt/hermes/simple-qwik-app/node_modules/@parcel/watcher-freebsd-x64
252 silly reify mark deleted [
252 silly reify   '/opt/hermes/simple-qwik-app/node_modules/@parcel/watcher-freebsd-x64'
252 silly reify ]
253 verbose reify failed optional dependency /opt/hermes/simple-qwik-app/node_modules/@parcel/watcher-darwin-x64
254 silly reify mark deleted [
254 silly reify   '/opt/hermes/simple-qwik-app/node_modules/@parcel/watcher-darwin-x64'
254 silly reify ]
255 verbose reify failed optional dependency /opt/hermes/simple-qwik-app/node_modules/@parcel/watcher-darwin-arm64
256 silly reify mark deleted [
256 silly reify   '/opt/hermes/simple-qwik-app/node_modules/@parcel/watcher-darwin-arm64'
256 silly reify ]
257 verbose reify failed optional dependency /opt/hermes/simple-qwik-app/node_modules/@parcel/watcher-android-arm64
258 silly reify mark deleted [
258 silly reify   '/opt/hermes/simple-qwik-app/node_modules/@parcel/watcher-android-arm64'
258 silly reify ]
259 verbose reify failed optional dependency /opt/hermes/simple-qwik-app/node_modules/@img/sharp-win32-x64
260 silly reify mark deleted [ '/opt/hermes/simple-qwik-app/node_modules/@img/sharp-win32-x64' ]
261 verbose reify failed optional dependency /opt/hermes/simple-qwik-app/node_modules/@img/sharp-win32-ia32
262 silly reify mark deleted [ '/opt/hermes/simple-qwik-app/node_modules/@img/sharp-win32-ia32' ]
263 verbose reify failed optional dependency /opt/hermes/simple-qwik-app/node_modules/@img/sharp-win32-arm64
264 silly reify mark deleted [ '/opt/hermes/simple-qwik-app/node_modules/@img/sharp-win32-arm64' ]
265 verbose reify failed optional dependency /opt/hermes/simple-qwik-app/node_modules/@img/sharp-wasm32
266 silly reify mark deleted [ '/opt/hermes/simple-qwik-app/node_modules/@img/sharp-wasm32' ]
267 verbose reify failed optional dependency /opt/hermes/simple-qwik-app/node_modules/@emnapi/runtime
268 silly reify mark deleted [ '/opt/hermes/simple-qwik-app/node_modules/@emnapi/runtime' ]
269 verbose reify failed optional dependency /opt/hermes/simple-qwik-app/node_modules/tslib
270 silly reify mark deleted [ '/opt/hermes/simple-qwik-app/node_modules/tslib' ]
271 verbose reify failed optional dependency /opt/hermes/simple-qwik-app/node_modules/@img/sharp-linuxmusl-arm64
272 silly reify mark deleted [
272 silly reify   '/opt/hermes/simple-qwik-app/node_modules/@img/sharp-linuxmusl-arm64'
272 silly reify ]
273 verbose reify failed optional dependency /opt/hermes/simple-qwik-app/node_modules/@img/sharp-linux-s390x
274 silly reify mark deleted [ '/opt/hermes/simple-qwik-app/node_modules/@img/sharp-linux-s390x' ]
275 verbose reify failed optional dependency /opt/hermes/simple-qwik-app/node_modules/@img/sharp-linux-riscv64
276 silly reify mark deleted [ '/opt/hermes/simple-qwik-app/node_modules/@img/sharp-linux-riscv64' ]
277 verbose reify failed optional dependency /opt/hermes/simple-qwik-app/node_modules/@img/sharp-linux-ppc64
278 silly reify mark deleted [ '/opt/hermes/simple-qwik-app/node_modules/@img/sharp-linux-ppc64' ]
279 verbose reify failed optional dependency /opt/hermes/simple-qwik-app/node_modules/@img/sharp-linux-arm64
280 silly reify mark deleted [ '/opt/hermes/simple-qwik-app/node_modules/@img/sharp-linux-arm64' ]
281 verbose reify failed optional dependency /opt/hermes/simple-qwik-app/node_modules/@img/sharp-linux-arm
282 silly reify mark deleted [ '/opt/hermes/simple-qwik-app/node_modules/@img/sharp-linux-arm' ]
283 verbose reify failed optional dependency /opt/hermes/simple-qwik-app/node_modules/@img/sharp-libvips-linuxmusl-arm64
284 silly reify mark deleted [
284 silly reify   '/opt/hermes/simple-qwik-app/node_modules/@img/sharp-libvips-linuxmusl-arm64'
284 silly reify ]
285 verbose reify failed optional dependency /opt/hermes/simple-qwik-app/node_modules/@img/sharp-libvips-linux-s390x
286 silly reify mark deleted [
286 silly reify   '/opt/hermes/simple-qwik-app/node_modules/@img/sharp-libvips-linux-s390x'
286 silly reify ]
287 verbose reify failed optional dependency /opt/hermes/simple-qwik-app/node_modules/@img/sharp-libvips-linux-riscv64
288 silly reify mark deleted [
288 silly reify   '/opt/hermes/simple-qwik-app/node_modules/@img/sharp-libvips-linux-riscv64'
288 silly reify ]
289 verbose reify failed optional dependency /opt/hermes/simple-qwik-app/node_modules/@img/sharp-libvips-linux-ppc64
290 silly reify mark deleted [
290 silly reify   '/opt/hermes/simple-qwik-app/node_modules/@img/sharp-libvips-linux-ppc64'
290 silly reify ]
291 verbose reify failed optional dependency /opt/hermes/simple-qwik-app/node_modules/@img/sharp-libvips-linux-arm64
292 silly reify mark deleted [
292 silly reify   '/opt/hermes/simple-qwik-app/node_modules/@img/sharp-libvips-linux-arm64'
292 silly reify ]
293 verbose reify failed optional dependency /opt/hermes/simple-qwik-app/node_modules/@img/sharp-libvips-linux-arm
294 silly reify mark deleted [
294 silly reify   '/opt/hermes/simple-qwik-app/node_modules/@img/sharp-libvips-linux-arm'
294 silly reify ]
295 verbose reify failed optional dependency /opt/hermes/simple-qwik-app/node_modules/@img/sharp-libvips-darwin-x64
296 silly reify mark deleted [
296 silly reify   '/opt/hermes/simple-qwik-app/node_modules/@img/sharp-libvips-darwin-x64'
296 silly reify ]
297 verbose reify failed optional dependency /opt/hermes/simple-qwik-app/node_modules/@img/sharp-libvips-darwin-arm64
298 silly reify mark deleted [
298 silly reify   '/opt/hermes/simple-qwik-app/node_modules/@img/sharp-libvips-darwin-arm64'
298 silly reify ]
299 verbose reify failed optional dependency /opt/hermes/simple-qwik-app/node_modules/@img/sharp-darwin-x64
300 silly reify mark deleted [ '/opt/hermes/simple-qwik-app/node_modules/@img/sharp-darwin-x64' ]
301 verbose reify failed optional dependency /opt/hermes/simple-qwik-app/node_modules/@img/sharp-darwin-arm64
302 silly reify mark deleted [ '/opt/hermes/simple-qwik-app/node_modules/@img/sharp-darwin-arm64' ]
303 verbose reify failed optional dependency /opt/hermes/simple-qwik-app/node_modules/@esbuild/win32-x64
304 silly reify mark deleted [ '/opt/hermes/simple-qwik-app/node_modules/@esbuild/win32-x64' ]
305 verbose reify failed optional dependency /opt/hermes/simple-qwik-app/node_modules/@esbuild/win32-ia32
306 silly reify mark deleted [ '/opt/hermes/simple-qwik-app/node_modules/@esbuild/win32-ia32' ]
307 verbose reify failed optional dependency /opt/hermes/simple-qwik-app/node_modules/@esbuild/win32-arm64
308 silly reify mark deleted [ '/opt/hermes/simple-qwik-app/node_modules/@esbuild/win32-arm64' ]
309 verbose reify failed optional dependency /opt/hermes/simple-qwik-app/node_modules/@esbuild/sunos-x64
310 silly reify mark deleted [ '/opt/hermes/simple-qwik-app/node_modules/@esbuild/sunos-x64' ]
311 verbose reify failed optional dependency /opt/hermes/simple-qwik-app/node_modules/@esbuild/openharmony-arm64
312 silly reify mark deleted [
312 silly reify   '/opt/hermes/simple-qwik-app/node_modules/@esbuild/openharmony-arm64'
312 silly reify ]
313 verbose reify failed optional dependency /opt/hermes/simple-qwik-app/node_modules/@esbuild/openbsd-x64
314 silly reify mark deleted [ '/opt/hermes/simple-qwik-app/node_modules/@esbuild/openbsd-x64' ]
315 verbose reify failed optional dependency /opt/hermes/simple-qwik-app/node_modules/@esbuild/openbsd-arm64
316 silly reify mark deleted [ '/opt/hermes/simple-qwik-app/node_modules/@esbuild/openbsd-arm64' ]
317 verbose reify failed optional dependency /opt/hermes/simple-qwik-app/node_modules/@esbuild/netbsd-x64
318 silly reify mark deleted [ '/opt/hermes/simple-qwik-app/node_modules/@esbuild/netbsd-x64' ]
319 verbose reify failed optional dependency /opt/hermes/simple-qwik-app/node_modules/@esbuild/netbsd-arm64
320 silly reify mark deleted [ '/opt/hermes/simple-qwik-app/node_modules/@esbuild/netbsd-arm64' ]
321 verbose reify failed optional dependency /opt/hermes/simple-qwik-app/node_modules/@esbuild/linux-s390x
322 silly reify mark deleted [ '/opt/hermes/simple-qwik-app/node_modules/@esbuild/linux-s390x' ]
323 verbose reify failed optional dependency /opt/hermes/simple-qwik-app/node_modules/@esbuild/linux-riscv64
324 silly reify mark deleted [ '/opt/hermes/simple-qwik-app/node_modules/@esbuild/linux-riscv64' ]
325 verbose reify failed optional dependency /opt/hermes/simple-qwik-app/node_modules/@esbuild/linux-ppc64
326 silly reify mark deleted [ '/opt/hermes/simple-qwik-app/node_modules/@esbuild/linux-ppc64' ]
327 verbose reify failed optional dependency /opt/hermes/simple-qwik-app/node_modules/@esbuild/linux-mips64el
328 silly reify mark deleted [ '/opt/hermes/simple-qwik-app/node_modules/@esbuild/linux-mips64el' ]
329 verbose reify failed optional dependency /opt/hermes/simple-qwik-app/node_modules/@esbuild/linux-loong64
330 silly reify mark deleted [ '/opt/hermes/simple-qwik-app/node_modules/@esbuild/linux-loong64' ]
331 verbose reify failed optional dependency /opt/hermes/simple-qwik-app/node_modules/@esbuild/linux-ia32
332 silly reify mark deleted [ '/opt/hermes/simple-qwik-app/node_modules/@esbuild/linux-ia32' ]
333 verbose reify failed optional dependency /opt/hermes/simple-qwik-app/node_modules/@esbuild/linux-arm64
334 silly reify mark deleted [ '/opt/hermes/simple-qwik-app/node_modules/@esbuild/linux-arm64' ]
335 verbose reify failed optional dependency /opt/hermes/simple-qwik-app/node_modules/@esbuild/linux-arm
336 silly reify mark deleted [ '/opt/hermes/simple-qwik-app/node_modules/@esbuild/linux-arm' ]
337 verbose reify failed optional dependency /opt/hermes/simple-qwik-app/node_modules/@esbuild/freebsd-x64
338 silly reify mark deleted [ '/opt/hermes/simple-qwik-app/node_modules/@esbuild/freebsd-x64' ]
339 verbose reify failed optional dependency /opt/hermes/simple-qwik-app/node_modules/@esbuild/freebsd-arm64
340 silly reify mark deleted [ '/opt/hermes/simple-qwik-app/node_modules/@esbuild/freebsd-arm64' ]
341 verbose reify failed optional dependency /opt/hermes/simple-qwik-app/node_modules/@esbuild/darwin-x64
342 silly reify mark deleted [ '/opt/hermes/simple-qwik-app/node_modules/@esbuild/darwin-x64' ]
343 verbose reify failed optional dependency /opt/hermes/simple-qwik-app/node_modules/@esbuild/darwin-arm64
344 silly reify mark deleted [ '/opt/hermes/simple-qwik-app/node_modules/@esbuild/darwin-arm64' ]
345 verbose reify failed optional dependency /opt/hermes/simple-qwik-app/node_modules/@esbuild/android-x64
346 silly reify mark deleted [ '/opt/hermes/simple-qwik-app/node_modules/@esbuild/android-x64' ]
347 verbose reify failed optional dependency /opt/hermes/simple-qwik-app/node_modules/@esbuild/android-arm64
348 silly reify mark deleted [ '/opt/hermes/simple-qwik-app/node_modules/@esbuild/android-arm64' ]
349 verbose reify failed optional dependency /opt/hermes/simple-qwik-app/node_modules/@esbuild/android-arm
350 silly reify mark deleted [ '/opt/hermes/simple-qwik-app/node_modules/@esbuild/android-arm' ]
351 verbose reify failed optional dependency /opt/hermes/simple-qwik-app/node_modules/@esbuild/aix-ppc64
352 silly reify mark deleted [ '/opt/hermes/simple-qwik-app/node_modules/@esbuild/aix-ppc64' ]
353 timing reifyNode:node_modules/fsevents Completed in 91ms
354 timing reifyNode:node_modules/@rollup/rollup-win32-x64-msvc Completed in 91ms
355 timing reifyNode:node_modules/@rollup/rollup-win32-x64-gnu Completed in 90ms
356 timing reifyNode:node_modules/@rollup/rollup-win32-ia32-msvc Completed in 91ms
357 timing reifyNode:node_modules/@rollup/rollup-win32-arm64-msvc Completed in 91ms
358 timing reifyNode:node_modules/@rollup/rollup-openharmony-arm64 Completed in 91ms
359 timing reifyNode:node_modules/@rollup/rollup-openbsd-x64 Completed in 91ms
360 timing reifyNode:node_modules/@rollup/rollup-linux-s390x-gnu Completed in 91ms
361 timing reifyNode:node_modules/@rollup/rollup-linux-riscv64-musl Completed in 91ms
362 timing reifyNode:node_modules/@rollup/rollup-linux-riscv64-gnu Completed in 91ms
363 timing reifyNode:node_modules/@rollup/rollup-linux-ppc64-musl Completed in 91ms
364 timing reifyNode:node_modules/@rollup/rollup-linux-ppc64-gnu Completed in 92ms
365 timing reifyNode:node_modules/@rollup/rollup-linux-loong64-musl Completed in 91ms
366 timing reifyNode:node_modules/@rollup/rollup-linux-loong64-gnu Completed in 91ms
367 timing reifyNode:node_modules/@rollup/rollup-linux-arm64-musl Completed in 91ms
368 timing reifyNode:node_modules/@rollup/rollup-linux-arm64-gnu Completed in 91ms
369 timing reifyNode:node_modules/@rollup/rollup-linux-arm-musleabihf Completed in 91ms
370 timing reifyNode:node_modules/@rollup/rollup-linux-arm-gnueabihf Completed in 91ms
371 timing reifyNode:node_modules/@rollup/rollup-freebsd-x64 Completed in 91ms
372 timing reifyNode:node_modules/@rollup/rollup-freebsd-arm64 Completed in 91ms
373 timing reifyNode:node_modules/@rollup/rollup-darwin-x64 Completed in 93ms
374 timing reifyNode:node_modules/@rollup/rollup-darwin-arm64 Completed in 94ms
375 timing reifyNode:node_modules/@rollup/rollup-android-arm64 Completed in 94ms
376 timing reifyNode:node_modules/@rollup/rollup-android-arm-eabi Completed in 93ms
377 timing reifyNode:node_modules/@parcel/watcher-win32-x64 Completed in 93ms
378 timing reifyNode:node_modules/@parcel/watcher-win32-ia32 Completed in 93ms
379 timing reifyNode:node_modules/@parcel/watcher-win32-arm64 Completed in 93ms
380 timing reifyNode:node_modules/@parcel/watcher-linux-arm64-musl Completed in 94ms
381 timing reifyNode:node_modules/@parcel/watcher-linux-arm64-glibc Completed in 94ms
382 timing reifyNode:node_modules/@parcel/watcher-linux-arm-musl Completed in 94ms
383 timing reifyNode:node_modules/@parcel/watcher-linux-arm-glibc Completed in 94ms
384 timing reifyNode:node_modules/@parcel/watcher-freebsd-x64 Completed in 94ms
385 timing reifyNode:node_modules/@parcel/watcher-darwin-x64 Completed in 94ms
386 timing reifyNode:node_modules/@parcel/watcher-darwin-arm64 Completed in 93ms
387 timing reifyNode:node_modules/@parcel/watcher-android-arm64 Completed in 93ms
388 timing reifyNode:node_modules/@img/sharp-win32-x64 Completed in 93ms
389 timing reifyNode:node_modules/@img/sharp-win32-ia32 Completed in 93ms
390 timing reifyNode:node_modules/@img/sharp-win32-arm64 Completed in 93ms
391 timing reifyNode:node_modules/@img/sharp-wasm32 Completed in 93ms
392 timing reifyNode:node_modules/@img/sharp-linuxmusl-arm64 Completed in 94ms
393 timing reifyNode:node_modules/@img/sharp-linux-s390x Completed in 94ms
394 timing reifyNode:node_modules/@img/sharp-linux-riscv64 Completed in 94ms
395 timing reifyNode:node_modules/@img/sharp-linux-ppc64 Completed in 94ms
396 timing reifyNode:node_modules/@img/sharp-linux-arm64 Completed in 93ms
397 timing reifyNode:node_modules/@img/sharp-linux-arm Completed in 93ms
398 timing reifyNode:node_modules/@img/sharp-libvips-linuxmusl-arm64 Completed in 93ms
399 timing reifyNode:node_modules/@img/sharp-libvips-linux-s390x Completed in 93ms
400 timing reifyNode:node_modules/@img/sharp-libvips-linux-riscv64 Completed in 93ms
401 timing reifyNode:node_modules/@img/sharp-libvips-linux-ppc64 Completed in 94ms
402 timing reifyNode:node_modules/@img/sharp-libvips-linux-arm64 Completed in 94ms
403 timing reifyNode:node_modules/@img/sharp-libvips-linux-arm Completed in 93ms
404 timing reifyNode:node_modules/@img/sharp-libvips-darwin-x64 Completed in 93ms
405 timing reifyNode:node_modules/@img/sharp-libvips-darwin-arm64 Completed in 93ms
406 timing reifyNode:node_modules/@img/sharp-darwin-x64 Completed in 93ms
407 timing reifyNode:node_modules/@img/sharp-darwin-arm64 Completed in 93ms
408 timing reifyNode:node_modules/@esbuild/win32-x64 Completed in 93ms
409 timing reifyNode:node_modules/@esbuild/win32-ia32 Completed in 93ms
410 timing reifyNode:node_modules/@esbuild/win32-arm64 Completed in 93ms
411 timing reifyNode:node_modules/@esbuild/sunos-x64 Completed in 92ms
412 timing reifyNode:node_modules/@esbuild/openharmony-arm64 Completed in 92ms
413 timing reifyNode:node_modules/@esbuild/openbsd-x64 Completed in 92ms
414 timing reifyNode:node_modules/@esbuild/openbsd-arm64 Completed in 93ms
415 timing reifyNode:node_modules/@esbuild/netbsd-x64 Completed in 93ms
416 timing reifyNode:node_modules/@esbuild/netbsd-arm64 Completed in 93ms
417 timing reifyNode:node_modules/@esbuild/linux-s390x Completed in 93ms
418 timing reifyNode:node_modules/@esbuild/linux-riscv64 Completed in 93ms
419 timing reifyNode:node_modules/@esbuild/linux-ppc64 Completed in 93ms
420 timing reifyNode:node_modules/@esbuild/linux-mips64el Completed in 93ms
421 timing reifyNode:node_modules/@esbuild/linux-loong64 Completed in 92ms
422 timing reifyNode:node_modules/@esbuild/linux-ia32 Completed in 92ms
423 timing reifyNode:node_modules/@esbuild/linux-arm64 Completed in 92ms
424 timing reifyNode:node_modules/@esbuild/linux-arm Completed in 92ms
425 timing reifyNode:node_modules/@esbuild/freebsd-x64 Completed in 93ms
426 timing reifyNode:node_modules/@esbuild/freebsd-arm64 Completed in 94ms
427 timing reifyNode:node_modules/@esbuild/darwin-x64 Completed in 94ms
428 timing reifyNode:node_modules/@esbuild/darwin-arm64 Completed in 94ms
429 timing reifyNode:node_modules/@esbuild/android-x64 Completed in 94ms
430 timing reifyNode:node_modules/@esbuild/android-arm64 Completed in 94ms
431 timing reifyNode:node_modules/@esbuild/android-arm Completed in 94ms
432 timing reifyNode:node_modules/@esbuild/aix-ppc64 Completed in 94ms
433 silly tarball no local data for pend@https://registry.npmjs.org/pend/-/pend-1.2.0.tgz. Extracting by manifest.
434 silly tarball no local data for fd-slicer@https://registry.npmjs.org/fd-slicer/-/fd-slicer-1.1.0.tgz. Extracting by manifest.
435 silly tarball no local data for buffer-crc32@https://registry.npmjs.org/buffer-crc32/-/buffer-crc32-0.2.13.tgz. Extracting by manifest.
436 silly tarball no local data for end-of-stream@https://registry.npmjs.org/end-of-stream/-/end-of-stream-1.4.5.tgz. Extracting by manifest.
437 silly tarball no local data for quick-lru@https://registry.npmjs.org/quick-lru/-/quick-lru-5.1.1.tgz. Extracting by manifest.
438 silly tarball no local data for mimic-response@https://registry.npmjs.org/mimic-response/-/mimic-response-1.0.1.tgz. Extracting by manifest.
439 silly tarball no local data for resolve-alpn@https://registry.npmjs.org/resolve-alpn/-/resolve-alpn-1.2.1.tgz. Extracting by manifest.
440 silly tarball no local data for @types/http-cache-semantics@https://registry.npmjs.org/@types/http-cache-semantics/-/http-cache-semantics-4.2.0.tgz. Extracting by manifest.
441 silly tarball no local data for defer-to-connect@https://registry.npmjs.org/defer-to-connect/-/defer-to-connect-2.0.1.tgz. Extracting by manifest.
442 silly tarball no local data for responselike@https://registry.npmjs.org/responselike/-/responselike-2.0.1.tgz. Extracting by manifest.
443 silly tarball no local data for http-cache-semantics@https://registry.npmjs.org/http-cache-semantics/-/http-cache-semantics-4.2.0.tgz. Extracting by manifest.
444 silly tarball no local data for p-cancelable@https://registry.npmjs.org/p-cancelable/-/p-cancelable-2.1.1.tgz. Extracting by manifest.
445 silly tarball no local data for lowercase-keys@https://registry.npmjs.org/lowercase-keys/-/lowercase-keys-2.0.0.tgz. Extracting by manifest.
446 silly tarball no local data for decompress-response@https://registry.npmjs.org/decompress-response/-/decompress-response-6.0.0.tgz. Extracting by manifest.
447 silly tarball no local data for cacheable-request@https://registry.npmjs.org/cacheable-request/-/cacheable-request-7.0.4.tgz. Extracting by manifest.
448 silly tarball no local data for cacheable-lookup@https://registry.npmjs.org/cacheable-lookup/-/cacheable-lookup-5.0.4.tgz. Extracting by manifest.
449 silly tarball no local data for @types/cacheable-request@https://registry.npmjs.org/@types/cacheable-request/-/cacheable-request-6.0.3.tgz. Extracting by manifest.
450 silly tarball no local data for normalize-url@https://registry.npmjs.org/normalize-url/-/normalize-url-6.1.0.tgz. Extracting by manifest.
451 silly tarball no local data for @types/responselike@https://registry.npmjs.org/@types/responselike/-/responselike-1.0.3.tgz. Extracting by manifest.
452 silly tarball no local data for pump@https://registry.npmjs.org/pump/-/pump-3.0.4.tgz. Extracting by manifest.
453 silly tarball no local data for @sindresorhus/is@https://registry.npmjs.org/@sindresorhus/is/-/is-4.6.0.tgz. Extracting by manifest.
454 silly tarball no local data for yauzl@https://registry.npmjs.org/yauzl/-/yauzl-2.10.0.tgz. Extracting by manifest.
455 silly tarball no local data for @szmarczak/http-timer@https://registry.npmjs.org/@szmarczak/http-timer/-/http-timer-4.0.6.tgz. Extracting by manifest.
456 silly tarball no local data for @types/yauzl@https://registry.npmjs.org/@types/yauzl/-/yauzl-2.10.3.tgz. Extracting by manifest.
457 silly tarball no local data for uuid@https://registry.npmjs.org/uuid/-/uuid-8.3.2.tgz. Extracting by manifest.
458 silly tarball no local data for get-stream@https://registry.npmjs.org/get-stream/-/get-stream-5.2.0.tgz. Extracting by manifest.
459 silly tarball no local data for got@https://registry.npmjs.org/got/-/got-11.8.6.tgz. Extracting by manifest.
460 silly tarball no local data for hpagent@https://registry.npmjs.org/hpagent/-/hpagent-0.1.2.tgz. Extracting by manifest.
461 silly tarball no local data for extract-zip@https://registry.npmjs.org/extract-zip/-/extract-zip-2.0.1.tgz. Extracting by manifest.
462 silly tarball no local data for lodash.clonedeep@https://registry.npmjs.org/lodash.clonedeep/-/lodash.clonedeep-4.5.0.tgz. Extracting by manifest.
463 silly tarball no local data for ngrok@https://registry.npmjs.org/ngrok/-/ngrok-5.0.0-beta.2.tgz. Extracting by manifest.
464 silly tarball no local data for mimic-response@https://registry.npmjs.org/mimic-response/-/mimic-response-3.1.0.tgz. Extracting by manifest.
465 silly tarball no local data for http2-wrapper@https://registry.npmjs.org/http2-wrapper/-/http2-wrapper-1.0.3.tgz. Extracting by manifest.
466 silly tarball no local data for clone-response@https://registry.npmjs.org/clone-response/-/clone-response-1.0.3.tgz. Extracting by manifest.
467 silly tarball no local data for @types/keyv@https://registry.npmjs.org/@types/keyv/-/keyv-3.1.4.tgz. Extracting by manifest.
468 http fetch POST 200 https://registry.npmjs.org/-/npm/v1/security/advisories/bulk 785ms
469 timing auditReport:getReport Completed in 803ms
470 silly audit report {
470 silly audit report   undici: [
470 silly audit report     {
470 silly audit report       id: 1101610,
470 silly audit report       url: 'https://github.com/advisories/GHSA-c76h-2ccp-4975',
470 silly audit report       title: 'Use of Insufficiently Random Values in undici',
470 silly audit report       severity: 'moderate',
470 silly audit report       vulnerable_versions: '>=4.5.0 <5.28.5',
470 silly audit report       cwe: [Array],
470 silly audit report       cvss: [Object]
470 silly audit report     },
470 silly audit report     {
470 silly audit report       id: 1112496,
470 silly audit report       url: 'https://github.com/advisories/GHSA-g9mf-h72j-4rw9',
470 silly audit report       title: 'Undici has an unbounded decompression chain in HTTP responses on Node.js Fetch API via Content-Encoding leads to resource exhaustion',
470 silly audit report       severity: 'moderate',
470 silly audit report       vulnerable_versions: '<6.23.0',
470 silly audit report       cwe: [Array],
470 silly audit report       cvss: [Object]
470 silly audit report     },
470 silly audit report     {
470 silly audit report       id: 1113069,
470 silly audit report       url: 'https://github.com/advisories/GHSA-cxrh-j4jr-qwg3',
470 silly audit report       title: 'undici Denial of Service attack via bad certificate data',
470 silly audit report       severity: 'low',
470 silly audit report       vulnerable_versions: '<5.29.0',
470 silly audit report       cwe: [Array],
470 silly audit report       cvss: [Object]
470 silly audit report     },
470 silly audit report     {
470 silly audit report       id: 1114594,
470 silly audit report       url: 'https://github.com/advisories/GHSA-2mjp-6q6p-2qxm',
470 silly audit report       title: 'Undici has an HTTP Request/Response Smuggling issue',
470 silly audit report       severity: 'moderate',
470 silly audit report       vulnerable_versions: '<6.24.0',
470 silly audit report       cwe: [Array],
470 silly audit report       cvss: [Object]
470 silly audit report     },
470 silly audit report     {
470 silly audit report       id: 1114638,
470 silly audit report       url: 'https://github.com/advisories/GHSA-vrm6-8vpv-qv8q',
470 silly audit report       title: 'Undici has Unbounded Memory Consumption in WebSocket permessage-deflate Decompression',
470 silly audit report       severity: 'high',
470 silly audit report       vulnerable_versions: '<6.24.0',
470 silly audit report       cwe: [Array],
470 silly audit report       cvss: [Object]
470 silly audit report     },
470 silly audit report     {
470 silly audit report       id: 1114640,
470 silly audit report       url: 'https://github.com/advisories/GHSA-v9p9-hfj2-hcw8',
470 silly audit report       title: 'Undici has Unhandled Exception in WebSocket Client Due to Invalid server_max_window_bits Validation',
470 silly audit report       severity: 'high',
470 silly audit report       vulnerable_versions: '<6.24.0',
470 silly audit report       cwe: [Array],
470 silly audit report       cvss: [Object]
470 silly audit report     },
470 silly audit report     {
470 silly audit report       id: 1114642,
470 silly audit report       url: 'https://github.com/advisories/GHSA-4992-7rv2-5pvq',
470 silly audit report       title: 'Undici has CRLF Injection in undici via `upgrade` option',
470 silly audit report       severity: 'moderate',
470 silly audit report       vulnerable_versions: '<6.24.0',
470 silly audit report       cwe: [Array],
470 silly audit report       cvss: [Object]
470 silly audit report     }
470 silly audit report   ],
470 silly audit report   vite: [
470 silly audit report     {
470 silly audit report       id: 1116230,
470 silly audit report       url: 'https://github.com/advisories/GHSA-4w7w-66w2-5vf9',
470 silly audit report       title: 'Vite Vulnerable to Path Traversal in Optimized Deps `.map` Handling',
470 silly audit report       severity: 'moderate',
470 silly audit report       vulnerable_versions: '>=7.0.0 <=7.3.1',
470 silly audit report       cwe: [Array],
470 silly audit report       cvss: [Object]
470 silly audit report     },
470 silly audit report     {
470 silly audit report       id: 1116232,
470 silly audit report       url: 'https://github.com/advisories/GHSA-v2wj-q39q-566r',
470 silly audit report       title: 'Vite: `server.fs.deny` bypassed with queries',
470 silly audit report       severity: 'high',
470 silly audit report       vulnerable_versions: '>=7.1.0 <=7.3.1',
470 silly audit report       cwe: [Array],
470 silly audit report       cvss: [Object]
470 silly audit report     },
470 silly audit report     {
470 silly audit report       id: 1116235,
470 silly audit report       url: 'https://github.com/advisories/GHSA-p9ff-h696-f583',
470 silly audit report       title: 'Vite Vulnerable to Arbitrary File Read via Vite Dev Server WebSocket',
470 silly audit report       severity: 'high',
470 silly audit report       vulnerable_versions: '>=7.0.0 <=7.3.1',
470 silly audit report       cwe: [Array],
470 silly audit report       cvss: [Object]
470 silly audit report     }
470 silly audit report   ]
470 silly audit report }
471 timing metavuln:cache:get:security-advisory:undici:1/WUXNn7xp8QIxaZBTaUcktiVwkOnmSvwgfb1Rj47N3I6JV0b/fBGrXtK2IlcAMucd6B6lEd6IwB6aXkLT4iiQ== Completed in 272ms
472 timing metavuln:cache:get:security-advisory:undici:b3oQ3g+hj5SMgnSURhB4kIqOkHt2IsYm2a0haI1yHGuf1J25TaGtftXhEW1qa2Mh6Sh8mU/Zkap9kW71veIGgQ== Completed in 274ms
473 timing metavuln:cache:get:security-advisory:undici:nff069lyoAS01AkUxVLcuUFa1E2TkblEu92M6KEf0cwRulH5yOyww8K6p/a/Vl4yVTKHmz/mMmhCbLKSHB2OEA== Completed in 271ms
474 timing metavuln:cache:get:security-advisory:undici:0qrEC5u79wvaP2Gmo/9yw94XveSTFxdKaNrDWBjvjOS8o0Q8K+spDEmI1pdmvaj+ymc+emfXUM8HbqtBcHKfBw== Completed in 272ms
475 timing metavuln:cache:get:security-advisory:undici:C95pXYvPtLw+lt2tMAK2ZwI4cRE9zPAiAhuYhLTSBlt8zW7E6i7+1/t4Dr2HIHPtN20zKskQfrXNb2aJ1cd2aw== Completed in 272ms
476 timing metavuln:cache:get:security-advisory:undici:hRagIU2z3Dww7TjQZesFJH0iRCwPzbhbtsLTKcdmeEBVqULQQcBfsIlTc1fcVKr3Zu7fjcxZ4DhnOtJmRI5Kww== Completed in 272ms
477 timing metavuln:cache:get:security-advisory:undici:O5nryYY+vdCnsOyx+t6CGBNa9/eilVLy3OgHgltD32RLanE2XCJuqOsmvrKeWKSkpvP517nC5+VCbcKJtlG/5A== Completed in 272ms
478 timing metavuln:cache:get:security-advisory:vite:KfZn8yxFghRSACYGvtoE5dS+n7MZ6IoDfxWttMT44/PEQln6urGt1L12TRUqdcGj/tg3v/t/GlXIj0Yl4wYTaQ== Completed in 273ms
479 timing metavuln:cache:get:security-advisory:vite:YKy4GOwNBzYPcn5Xa2ttFRubdc68zM0lpbEYfRzqKP4QtBRYJH9u3PgqUhIzxkCEAaL9OtJYNzj89wT4miRA2A== Completed in 271ms
480 timing metavuln:cache:get:security-advisory:vite:SCO1RRwPelWhJ/uWmFc7/ylctclEgPPJUhE0gRdbA8vEo5CpmXWDHQld5vZGRMty/O49XuvkGICdtbOr7Bggsg== Completed in 271ms
481 http fetch GET 200 https://registry.npmjs.org/resolve-alpn/-/resolve-alpn-1.2.1.tgz 892ms (cache miss)
482 timing reifyNode:node_modules/resolve-alpn Completed in 1062ms
483 http fetch GET 200 https://registry.npmjs.org/pend/-/pend-1.2.0.tgz 917ms (cache miss)
484 timing reifyNode:node_modules/pend Completed in 1064ms
485 http fetch GET 200 https://registry.npmjs.org/end-of-stream/-/end-of-stream-1.4.5.tgz 905ms (cache miss)
486 timing reifyNode:node_modules/end-of-stream Completed in 1063ms
487 http fetch GET 200 https://registry.npmjs.org/mimic-response/-/mimic-response-1.0.1.tgz 902ms (cache miss)
488 timing reifyNode:node_modules/mimic-response Completed in 1064ms
489 http fetch GET 200 https://registry.npmjs.org/lowercase-keys/-/lowercase-keys-2.0.0.tgz 879ms (cache miss)
490 timing reifyNode:node_modules/lowercase-keys Completed in 1063ms
491 http fetch GET 200 https://registry.npmjs.org/responselike/-/responselike-2.0.1.tgz 905ms (cache miss)
492 timing reifyNode:node_modules/responselike Completed in 1080ms
493 http fetch GET 200 https://registry.npmjs.org/defer-to-connect/-/defer-to-connect-2.0.1.tgz 909ms (cache miss)
494 http fetch GET 200 https://registry.npmjs.org/quick-lru/-/quick-lru-5.1.1.tgz 924ms (cache miss)
495 timing reifyNode:node_modules/quick-lru Completed in 1084ms
496 http fetch GET 200 https://registry.npmjs.org/decompress-response/-/decompress-response-6.0.0.tgz 897ms (cache miss)
497 timing reifyNode:node_modules/decompress-response Completed in 1083ms
498 http fetch GET 200 https://registry.npmjs.org/@types/responselike/-/responselike-1.0.3.tgz 887ms (cache miss)
499 timing reifyNode:node_modules/@types/responselike Completed in 1084ms
500 http fetch GET 200 https://registry.npmjs.org/buffer-crc32/-/buffer-crc32-0.2.13.tgz 946ms (cache miss)
501 timing reifyNode:node_modules/buffer-crc32 Completed in 1101ms
502 http fetch GET 200 https://registry.npmjs.org/@types/cacheable-request/-/cacheable-request-6.0.3.tgz 908ms (cache miss)
503 timing reifyNode:node_modules/@types/cacheable-request Completed in 1101ms
504 timing reifyNode:node_modules/defer-to-connect Completed in 1108ms
505 http fetch GET 200 https://registry.npmjs.org/p-cancelable/-/p-cancelable-2.1.1.tgz 928ms (cache miss)
506 timing reifyNode:node_modules/p-cancelable Completed in 1109ms
507 http fetch GET 200 https://registry.npmjs.org/@types/yauzl/-/yauzl-2.10.3.tgz 891ms (cache miss)
508 timing reifyNode:node_modules/@types/yauzl Completed in 1112ms
509 http fetch GET 200 https://registry.npmjs.org/@types/http-cache-semantics/-/http-cache-semantics-4.2.0.tgz 950ms (cache miss)
510 timing reifyNode:node_modules/@types/http-cache-semantics Completed in 1120ms
511 http fetch GET 200 https://registry.npmjs.org/@szmarczak/http-timer/-/http-timer-4.0.6.tgz 913ms (cache miss)
512 http fetch GET 200 https://registry.npmjs.org/mimic-response/-/mimic-response-3.1.0.tgz 878ms (cache miss)
513 timing reifyNode:node_modules/decompress-response/node_modules/mimic-response Completed in 1123ms
514 http fetch GET 200 https://registry.npmjs.org/clone-response/-/clone-response-1.0.3.tgz 823ms (cache miss)
515 timing reifyNode:node_modules/clone-response Completed in 1124ms
516 http fetch GET 200 https://registry.npmjs.org/@types/keyv/-/keyv-3.1.4.tgz 836ms (cache miss)
517 timing reifyNode:node_modules/@types/keyv Completed in 1139ms
518 http fetch GET 200 https://registry.npmjs.org/pump/-/pump-3.0.4.tgz 941ms (cache miss)
519 http fetch GET 200 https://registry.npmjs.org/cacheable-lookup/-/cacheable-lookup-5.0.4.tgz 951ms (cache miss)
520 timing reifyNode:node_modules/cacheable-lookup Completed in 1141ms
521 http fetch GET 200 https://registry.npmjs.org/extract-zip/-/extract-zip-2.0.1.tgz 905ms (cache miss)
522 timing reifyNode:node_modules/extract-zip Completed in 1141ms
523 http fetch GET 200 https://registry.npmjs.org/normalize-url/-/normalize-url-6.1.0.tgz 947ms (cache miss)
524 timing reifyNode:node_modules/normalize-url Completed in 1144ms
525 timing reifyNode:node_modules/@szmarczak/http-timer Completed in 1144ms
526 http fetch GET 200 https://registry.npmjs.org/cacheable-request/-/cacheable-request-7.0.4.tgz 965ms (cache miss)
527 timing reifyNode:node_modules/cacheable-request Completed in 1154ms
528 http fetch GET 200 https://registry.npmjs.org/get-stream/-/get-stream-5.2.0.tgz 925ms (cache miss)
529 timing reifyNode:node_modules/get-stream Completed in 1154ms
530 http fetch GET 200 https://registry.npmjs.org/fd-slicer/-/fd-slicer-1.1.0.tgz 1015ms (cache miss)
531 timing reifyNode:node_modules/fd-slicer Completed in 1168ms
532 timing reifyNode:node_modules/pump Completed in 1173ms
533 timing reifyNode:node_modules/tslib Completed in 1194ms
534 http fetch GET 200 https://registry.npmjs.org/undici 415ms (cache hit)
535 timing metavuln:packument:undici Completed in 426ms
536 timing metavuln:load:security-advisory:undici:1101610 Completed in 5ms
537 timing metavuln:calculate:security-advisory:undici:1101610 Completed in 433ms
538 timing metavuln:load:security-advisory:undici:1112496 Completed in 7ms
539 timing metavuln:calculate:security-advisory:undici:1112496 Completed in 438ms
540 timing metavuln:load:security-advisory:undici:1113069 Completed in 3ms
541 timing metavuln:calculate:security-advisory:undici:1113069 Completed in 441ms
542 timing metavuln:load:security-advisory:undici:1114594 Completed in 4ms
543 timing metavuln:calculate:security-advisory:undici:1114594 Completed in 445ms
544 timing metavuln:load:security-advisory:undici:1114638 Completed in 4ms
545 timing metavuln:calculate:security-advisory:undici:1114638 Completed in 450ms
546 timing metavuln:load:security-advisory:undici:1114640 Completed in 5ms
547 timing metavuln:calculate:security-advisory:undici:1114640 Completed in 455ms
548 timing metavuln:load:security-advisory:undici:1114642 Completed in 4ms
549 timing metavuln:calculate:security-advisory:undici:1114642 Completed in 459ms
550 http fetch GET 200 https://registry.npmjs.org/vite 482ms (cache hit)
551 timing metavuln:packument:vite Completed in 528ms
552 timing metavuln:load:security-advisory:vite:1116230 Completed in 9ms
553 timing metavuln:calculate:security-advisory:vite:1116230 Completed in 539ms
554 timing metavuln:load:security-advisory:vite:1116232 Completed in 6ms
555 timing metavuln:calculate:security-advisory:vite:1116232 Completed in 543ms
556 timing metavuln:load:security-advisory:vite:1116235 Completed in 7ms
557 timing metavuln:calculate:security-advisory:vite:1116235 Completed in 550ms
558 http fetch GET 200 https://registry.npmjs.org/lodash.clonedeep/-/lodash.clonedeep-4.5.0.tgz 1115ms (cache miss)
559 timing reifyNode:node_modules/lodash.clonedeep Completed in 1353ms
560 http fetch GET 200 https://registry.npmjs.org/http-cache-semantics/-/http-cache-semantics-4.2.0.tgz 1180ms (cache miss)
561 timing reifyNode:node_modules/http-cache-semantics Completed in 1358ms
562 http fetch GET 200 https://registry.npmjs.org/yauzl/-/yauzl-2.10.0.tgz 1166ms (cache miss)
563 timing reifyNode:node_modules/yauzl Completed in 1369ms
564 http fetch GET 200 https://registry.npmjs.org/@sindresorhus/is/-/is-4.6.0.tgz 1169ms (cache miss)
565 timing reifyNode:node_modules/@sindresorhus/is Completed in 1369ms
566 timing metavuln:cache:get:security-advisory:@builder.io/qwik-city:zboiqURg8qzo/TMb7C6xQrRZaDi77maGvNcWjBpVFYSo7Fad2mr7k09Jo4XJwVodQK/rX5+SGsqY+/fKxzDXuw== Completed in 38ms
567 http fetch GET 200 https://registry.npmjs.org/hpagent/-/hpagent-0.1.2.tgz 1142ms (cache miss)
568 timing reifyNode:node_modules/hpagent Completed in 1381ms
569 http fetch GET 200 https://registry.npmjs.org/http2-wrapper/-/http2-wrapper-1.0.3.tgz 1129ms (cache miss)
570 timing reifyNode:node_modules/http2-wrapper Completed in 1389ms
571 http fetch GET 200 https://registry.npmjs.org/@builder.io%2fqwik-city 58ms (cache hit)
572 timing metavuln:packument:@builder.io/qwik-city Completed in 63ms
573 timing metavuln:load:security-advisory:@builder.io/qwik-city:b3oQ3g+hj5SMgnSURhB4kIqOkHt2IsYm2a0haI1yHGuf1J25TaGtftXhEW1qa2Mh6Sh8mU/Zkap9kW71veIGgQ== Completed in 2ms
574 timing metavuln:calculate:security-advisory:@builder.io/qwik-city:b3oQ3g+hj5SMgnSURhB4kIqOkHt2IsYm2a0haI1yHGuf1J25TaGtftXhEW1qa2Mh6Sh8mU/Zkap9kW71veIGgQ== Completed in 66ms
575 timing reifyNode:node_modules/@emnapi/runtime Completed in 1422ms
576 timing metavuln:cache:get:security-advisory:@builder.io/qwik-city:3TinLrvU30AuTIFKWrZsR5l7QQmyHaQfafp6j8xnJJRCuqq/VwnFc0jBg+pgazEEdGHfYWF5pEB7adGMroWg2w== Completed in 32ms
577 timing metavuln:load:security-advisory:@builder.io/qwik-city:KfZn8yxFghRSACYGvtoE5dS+n7MZ6IoDfxWttMT44/PEQln6urGt1L12TRUqdcGj/tg3v/t/GlXIj0Yl4wYTaQ== Completed in 3ms
578 timing metavuln:calculate:security-advisory:@builder.io/qwik-city:KfZn8yxFghRSACYGvtoE5dS+n7MZ6IoDfxWttMT44/PEQln6urGt1L12TRUqdcGj/tg3v/t/GlXIj0Yl4wYTaQ== Completed in 35ms
579 timing metavuln:cache:get:security-advisory:vite-tsconfig-paths:98raDu6S9CSY+WnYG0a3ixPD7rCtBzYjFySqlTT3J9sfWtV0XI+UqoW1vQp9wlEIr+rfoDkb89kW4jThhTMGJQ== Completed in 40ms
580 timing metavuln:cache:get:security-advisory:@builder.io/qwik:AokBXCCOgBXSl6/Ahg2ZG6P7Og1jnYu2nfMox5h8LSon6PiEy5+BZ98jmVh0cU6zRufbsnSUeowAJrzkHnEb9A== Completed in 43ms
581 http fetch GET 200 https://registry.npmjs.org/vite-tsconfig-paths 64ms (cache hit)
582 timing metavuln:packument:vite-tsconfig-paths Completed in 67ms
583 timing metavuln:load:security-advisory:vite-tsconfig-paths:KfZn8yxFghRSACYGvtoE5dS+n7MZ6IoDfxWttMT44/PEQln6urGt1L12TRUqdcGj/tg3v/t/GlXIj0Yl4wYTaQ== Completed in 0ms
584 timing metavuln:calculate:security-advisory:vite-tsconfig-paths:KfZn8yxFghRSACYGvtoE5dS+n7MZ6IoDfxWttMT44/PEQln6urGt1L12TRUqdcGj/tg3v/t/GlXIj0Yl4wYTaQ== Completed in 67ms
585 http fetch GET 200 https://registry.npmjs.org/@builder.io%2fqwik 71ms (cache hit)
586 timing metavuln:packument:@builder.io/qwik Completed in 77ms
587 timing metavuln:load:security-advisory:@builder.io/qwik:KfZn8yxFghRSACYGvtoE5dS+n7MZ6IoDfxWttMT44/PEQln6urGt1L12TRUqdcGj/tg3v/t/GlXIj0Yl4wYTaQ== Completed in 3ms
588 timing metavuln:calculate:security-advisory:@builder.io/qwik:KfZn8yxFghRSACYGvtoE5dS+n7MZ6IoDfxWttMT44/PEQln6urGt1L12TRUqdcGj/tg3v/t/GlXIj0Yl4wYTaQ== Completed in 81ms
589 timing auditReport:init Completed in 706ms
590 timing reify:audit Completed in 1513ms
591 http fetch GET 200 https://registry.npmjs.org/uuid/-/uuid-8.3.2.tgz 1310ms (cache miss)
592 timing reifyNode:node_modules/uuid Completed in 1536ms
593 http fetch GET 200 https://registry.npmjs.org/got/-/got-11.8.6.tgz 1313ms (cache miss)
594 timing reifyNode:node_modules/got Completed in 1546ms
595 http fetch GET 200 https://registry.npmjs.org/ngrok/-/ngrok-5.0.0-beta.2.tgz 2053ms (cache miss)
596 timing reifyNode:node_modules/ngrok Completed in 2293ms
597 timing reify:unpack Completed in 2298ms
598 timing reify:unretire Completed in 0ms
599 timing build:queue Completed in 10ms
600 timing build:link:node_modules/extract-zip Completed in 5ms
601 timing build:link:node_modules/uuid Completed in 5ms
602 timing build:link:node_modules/ngrok Completed in 5ms
603 timing build:link Completed in 6ms
604 info run ngrok@5.0.0-beta.2 postinstall node_modules/ngrok node ./postinstall.js
605 info run ngrok@5.0.0-beta.2 postinstall { code: 0, signal: null }
606 timing build:run:postinstall:node_modules/ngrok Completed in 3677ms
607 timing build:run:postinstall Completed in 3677ms
608 timing build:deps Completed in 3694ms
609 timing build Completed in 3695ms
610 timing reify:build Completed in 3697ms
611 timing reify:trash Completed in 71ms
612 timing reify:save Completed in 499ms
613 timing reify Completed in 9154ms
614 silly ADD node_modules/pend
615 silly ADD node_modules/fd-slicer
616 silly ADD node_modules/buffer-crc32
617 silly ADD node_modules/end-of-stream
618 silly ADD node_modules/resolve-alpn
619 silly ADD node_modules/quick-lru
620 silly ADD node_modules/mimic-response
621 silly ADD node_modules/normalize-url
622 silly ADD node_modules/http-cache-semantics
623 silly ADD node_modules/clone-response
624 silly ADD node_modules/@types/keyv
625 silly ADD node_modules/@types/http-cache-semantics
626 silly ADD node_modules/defer-to-connect
627 silly ADD node_modules/responselike
628 silly ADD node_modules/p-cancelable
629 silly ADD node_modules/lowercase-keys
630 silly ADD node_modules/http2-wrapper
631 silly ADD node_modules/decompress-response
632 silly ADD node_modules/decompress-response/node_modules/mimic-response
633 silly ADD node_modules/cacheable-request
634 silly ADD node_modules/cacheable-lookup
635 silly ADD node_modules/@types/responselike
636 silly ADD node_modules/@types/cacheable-request
637 silly ADD node_modules/@szmarczak/http-timer
638 silly ADD node_modules/@sindresorhus/is
639 silly ADD node_modules/pump
640 silly ADD node_modules/yauzl
641 silly ADD node_modules/get-stream
642 silly ADD node_modules/@types/yauzl
643 silly ADD node_modules/uuid
644 silly ADD node_modules/lodash.clonedeep
645 silly ADD node_modules/hpagent
646 silly ADD node_modules/got
647 silly ADD node_modules/extract-zip
648 silly ADD node_modules/ngrok
649 silly ADD
650 silly ADD
651 silly ADD
652 silly ADD
653 silly ADD
654 silly ADD
655 silly ADD
656 silly ADD
657 silly ADD
658 silly ADD
659 silly ADD
660 silly ADD
661 silly ADD
662 silly ADD
663 silly ADD
664 silly ADD
665 silly ADD
666 silly ADD
667 silly ADD
668 silly ADD
669 silly ADD
670 silly ADD
671 silly ADD
672 silly ADD
673 silly ADD
674 silly ADD
675 silly ADD
676 silly ADD
677 silly ADD
678 silly ADD
679 silly ADD
680 silly ADD
681 silly ADD
682 silly ADD
683 silly ADD
684 silly ADD
685 silly ADD
686 silly ADD
687 silly ADD
688 silly ADD
689 silly ADD
690 silly ADD
691 silly ADD
692 silly ADD
693 silly ADD
694 silly ADD
695 silly ADD
696 silly ADD
697 silly ADD
698 silly ADD
699 silly ADD
700 silly ADD
701 silly ADD
702 silly ADD
703 silly ADD
704 silly ADD
705 silly ADD
706 silly ADD
707 silly ADD
708 silly ADD
709 silly ADD
710 silly ADD
711 silly ADD
712 silly ADD
713 silly ADD
714 silly ADD
715 silly ADD
716 silly ADD
717 silly ADD
718 silly ADD
719 silly ADD
720 silly ADD
721 silly ADD
722 silly ADD
723 silly ADD
724 silly ADD
725 silly ADD
726 silly ADD
727 silly ADD
728 silly ADD
729 silly ADD
730 silly ADD
731 timing command:install Completed in 9223ms
732 verbose exit 0
733 timing npm Completed in 9315ms
734 info ok
